Log file open, 11/20/20 01:39:49
LogInit: Display: Running engine for game: MyProject
LogPlatformFile: Not using cached read wrapper
LogTaskGraph: Started task graph with 5 named threads and 23 total threads with 3 sets of task threads.
LogStats: Stats thread started at 0.267637
LogD3D11RHI: Loaded GFSDK_Aftermath_Lib.x64.dll
LogICUInternationalization: ICU TimeZone Detection - Raw Offset: +9:00, Platform Override: ''
LogPluginManager: Mounting plugin Paper2D
LogPluginManager: Mounting plugin AISupport
LogPluginManager: Mounting plugin LightPropagationVolume
LogPluginManager: Mounting plugin CameraShakePreviewer
LogPluginManager: Mounting plugin ActorLayerUtilities
LogPluginManager: Mounting plugin AnimationSharing
LogPluginManager: Mounting plugin CLionSourceCodeAccess
LogPluginManager: Mounting plugin CodeLiteSourceCodeAccess
LogPluginManager: Mounting plugin GitSourceControl
LogPluginManager: Mounting plugin KDevelopSourceCodeAccess
LogPluginManager: Mounting plugin NullSourceCodeAccess
LogPluginManager: Mounting plugin PerforceSourceControl
LogPluginManager: Mounting plugin PlasticSourceControl
LogPluginManager: Mounting plugin RiderSourceCodeAccess
LogPluginManager: Mounting plugin SubversionSourceControl
LogPluginManager: Mounting plugin UObjectPlugin
LogPluginManager: Mounting plugin VisualStudioCodeSourceCodeAccess
LogPluginManager: Mounting plugin VisualStudioSourceCodeAccess
LogPluginManager: Mounting plugin XCodeSourceCodeAccess
LogPluginManager: Mounting plugin AssetManagerEditor
LogPluginManager: Mounting plugin CryptoKeys
LogPluginManager: Mounting plugin CurveEditorTools
LogPluginManager: Mounting plugin DataValidation
LogPluginManager: Mounting plugin EditorScriptingUtilities
LogPluginManager: Mounting plugin FacialAnimation
LogPluginManager: Mounting plugin GameplayTagsEditor
LogPluginManager: Mounting plugin GeometryMode
LogPluginManager: Mounting plugin MacGraphicsSwitching
LogPluginManager: Mounting plugin MaterialAnalyzer
LogPluginManager: Mounting plugin MobileLauncherProfileWizard
LogPluginManager: Mounting plugin PluginBrowser
LogPluginManager: Mounting plugin SpeedTreeImporter
LogPluginManager: Mounting plugin DatasmithContent
LogPluginManager: Mounting plugin VariantManagerContent
LogPluginManager: Mounting plugin AlembicImporter
LogPluginManager: Mounting plugin AutomationUtils
LogPluginManager: Mounting plugin BackChannel
LogPluginManager: Mounting plugin ChaosCloth
LogPluginManager: Mounting plugin ChaosClothEditor
LogPluginManager: Mounting plugin ChaosEditor
LogPluginManager: Mounting plugin ChaosNiagara
LogPluginManager: Mounting plugin ChaosSolverPlugin
LogPluginManager: Mounting plugin CharacterAI
LogPluginManager: Mounting plugin GeometryCache
LogPluginManager: Mounting plugin GeometryCollectionPlugin
LogPluginManager: Mounting plugin GeometryProcessing
LogPluginManager: Mounting plugin PlanarCut
LogPluginManager: Mounting plugin PlatformCrypto
LogPluginManager: Mounting plugin ProxyLODPlugin
LogPluginManager: Mounting plugin SkeletalReduction
LogPluginManager: Mounting plugin Niagara
LogPluginManager: Mounting plugin MagicLeap
LogPluginManager: Mounting plugin MagicLeapLightEstimation
LogPluginManager: Mounting plugin MagicLeapMedia
LogPluginManager: Mounting plugin MagicLeapPassableWorld
LogPluginManager: Mounting plugin MLSDK
LogPluginManager: Mounting plugin AndroidMedia
LogPluginManager: Mounting plugin AvfMedia
LogPluginManager: Mounting plugin ImgMedia
LogPluginManager: Mounting plugin MediaCompositing
LogPluginManager: Mounting plugin MediaPlayerEditor
LogPluginManager: Mounting plugin WebMMedia
LogPluginManager: Mounting plugin WmfMedia
LogPluginManager: Mounting plugin MeshPainting
LogPluginManager: Mounting plugin TcpMessaging
LogPluginManager: Mounting plugin UdpMessaging
LogPluginManager: Mounting plugin ActorSequence
LogPluginManager: Mounting plugin LevelSequenceEditor
LogPluginManager: Mounting plugin MatineeToLevelSequence
LogPluginManager: Mounting plugin MovieRenderPipeline
LogPluginManager: Mounting plugin TemplateSequence
LogPluginManager: Mounting plugin NetcodeUnitTest
LogPluginManager: Mounting plugin NUTUnrealEngine4
LogPluginManager: Mounting plugin OnlineSubsystemGooglePlay
LogPluginManager: Mounting plugin OnlineSubsystemIOS
LogPluginManager: Mounting plugin OnlineSubsystem
LogPluginManager: Mounting plugin OnlineSubsystemNull
LogPluginManager: Mounting plugin OnlineSubsystemUtils
LogPluginManager: Mounting plugin LauncherChunkInstaller
LogPluginManager: Mounting plugin AndroidDeviceProfileSelector
LogPluginManager: Mounting plugin AndroidMoviePlayer
LogPluginManager: Mounting plugin AndroidPermission
LogPluginManager: Mounting plugin AppleImageUtils
LogPluginManager: Mounting plugin AppleMoviePlayer
LogPluginManager: Mounting plugin ArchVisCharacter
LogPluginManager: Mounting plugin AssetTags
LogPluginManager: Mounting plugin AudioCapture
LogPluginManager: Mounting plugin CableComponent
LogPluginManager: Mounting plugin CustomMeshComponent
LogPluginManager: Mounting plugin EditableMesh
LogPluginManager: Mounting plugin ExampleDeviceProfileSelector
LogPluginManager: Mounting plugin GoogleCloudMessaging
LogPluginManager: Mounting plugin GooglePAD
LogPluginManager: Mounting plugin IOSDeviceProfileSelector
LogPluginManager: Mounting plugin LinuxDeviceProfileSelector
LogPluginManager: Mounting plugin LocationServicesBPLibrary
LogPluginManager: Mounting plugin MobilePatchingUtils
LogPluginManager: Mounting plugin OculusVR
LogPluginManager: Mounting plugin PhysXVehicles
LogPluginManager: Mounting plugin PostSplashScreen
LogPluginManager: Mounting plugin ProceduralMeshComponent
LogPluginManager: Mounting plugin RuntimePhysXCooking
LogPluginManager: Mounting plugin SignificanceManager
LogPluginManager: Mounting plugin SoundFields
LogPluginManager: Mounting plugin SteamVR
LogPluginManager: Mounting plugin Synthesis
LogPluginManager: Mounting plugin WebMMoviePlayer
LogPluginManager: Mounting plugin WindowsMoviePlayer
LogPluginManager: Mounting plugin ScreenshotTools
LogInit: Using libcurl 7.55.1-DEV
LogInit:  - built for x86_64-pc-win32
LogInit:  - supports SSL with OpenSSL/1.1.1
LogInit:  - supports HTTP deflate (compression) using libz 1.2.8
LogInit:  - other features:
LogInit:      CURL_VERSION_SSL
LogInit:      CURL_VERSION_LIBZ
LogInit:      CURL_VERSION_IPV6
LogInit:      CURL_VERSION_ASYNCHDNS
LogInit:      CURL_VERSION_LARGEFILE
LogInit:      CURL_VERSION_IDN
LogInit:  CurlRequestOptions (configurable via config and command line):
LogInit:  - bVerifyPeer = true  - Libcurl will verify peer certificate
LogInit:  - bUseHttpProxy = false  - Libcurl will NOT use HTTP proxy
LogInit:  - bDontReuseConnections = false  - Libcurl will reuse connections
LogInit:  - MaxHostConnections = 16  - Libcurl will limit the number of connections to a host
LogInit:  - LocalHostAddr = Default
LogInit:  - BufferSize = 65536
LogOnline: OSS: Creating online subsystem instance for: NULL
LogInit: WinSock: version 1.1 (2.2), MaxSocks=32767, MaxUdp=65467
LogOnline: OSS: TryLoadSubsystemAndSetDefault: Loaded subsystem for module [NULL]
LogInit: Build: ++UE4+Release-4.25-CL-13942748
LogInit: Engine Version: 4.25.3-13942748+++UE4+Release-4.25
LogInit: Compatible Engine Version: 4.25.0-13144385+++UE4+Release-4.25
LogInit: Net CL: 13144385
LogInit: OS: Windows 10 (Release 1909) (), CPU: Intel(R) Core(TM) i7-6700K CPU @ 4.00GHz, GPU: NVIDIA GeForce GTX 1070
LogInit: Compiled (64-bit): Jul 25 2020 02:07:48
LogInit: Compiled with Visual C++: 19.24.28315.00
LogInit: Build Configuration: DebugGame
LogInit: Branch Name: ++UE4+Release-4.25
LogInit: Command Line:  -skipcompile
LogInit: Base Directory: E:/UnrealEngine/UE_4.25/Engine/Binaries/Win64/
LogInit: Allocator: TBB
LogInit: Installed Engine Build: 1
LogDevObjectVersion: Number of dev versions registered: 26
LogDevObjectVersion:   Dev-Blueprints (B0D832E4-1F89-4F0D-ACCF-7EB736FD4AA2): 10
LogDevObjectVersion:   Dev-Build (E1C64328-A22C-4D53-A36C-8E866417BD8C): 0
LogDevObjectVersion:   Dev-Core (375EC13C-06E4-48FB-B500-84F0262A717E): 4
LogDevObjectVersion:   Dev-Editor (E4B068ED-F494-42E9-A231-DA0B2E46BB41): 38
LogDevObjectVersion:   Dev-Framework (CFFC743F-43B0-4480-9391-14DF171D2073): 37
LogDevObjectVersion:   Dev-Mobile (B02B49B5-BB20-44E9-A304-32B752E40360): 2
LogDevObjectVersion:   Dev-Networking (A4E4105C-59A1-49B5-A7C5-40C4547EDFEE): 0
LogDevObjectVersion:   Dev-Online (39C831C9-5AE6-47DC-9A44-9C173E1C8E7C): 0
LogDevObjectVersion:   Dev-Physics (78F01B33-EBEA-4F98-B9B4-84EACCB95AA2): 4
LogDevObjectVersion:   Dev-Platform (6631380F-2D4D-43E0-8009-CF276956A95A): 0
LogDevObjectVersion:   Dev-Rendering (12F88B9F-8875-4AFC-A67C-D90C383ABD29): 43
LogDevObjectVersion:   Dev-Sequencer (7B5AE74C-D270-4C10-A958-57980B212A5A): 12
LogDevObjectVersion:   Dev-VR (D7296918-1DD6-4BDD-9DE2-64A83CC13884): 3
LogDevObjectVersion:   Dev-LoadTimes (C2A15278-BFE7-4AFE-6C17-90FF531DF755): 1
LogDevObjectVersion:   Private-Geometry (6EACA3D4-40EC-4CC1-B786-8BED09428FC5): 3
LogDevObjectVersion:   Dev-AnimPhys (29E575DD-E0A3-4627-9D10-D276232CDCEA): 17
LogDevObjectVersion:   Dev-Anim (AF43A65D-7FD3-4947-9873-3E8ED9C1BB05): 7
LogDevObjectVersion:   Dev-ReflectionCapture (6B266CEC-1EC7-4B8F-A30B-E4D90942FC07): 1
LogDevObjectVersion:   Dev-Automation (0DF73D61-A23F-47EA-B727-89E90C41499A): 1
LogDevObjectVersion:   FortniteMain (601D1886-AC64-4F84-AA16-D3DE0DEAC7D6): 31
LogDevObjectVersion:   Dev-Enterprise (9DFFBCD6-494F-0158-E221-12823C92A888): 10
LogDevObjectVersion:   Dev-Niagara (F2AED0AC-9AFE-416F-8664-AA7FFA26D6FC): 1
LogDevObjectVersion:   Dev-Destruction (174F1F0B-B4C6-45A5-B13F-2EE8D0FB917D): 10
LogDevObjectVersion:   Dev-Physics-Ext (35F94A83-E258-406C-A318-09F59610247C): 37
LogDevObjectVersion:   Dev-PhysicsMaterial-Chaos (B68FC16E-8B1B-42E2-B453-215C058844FE): 1
LogDevObjectVersion:   Dev-CineCamera (B2E18506-4273-CFC2-A54E-F4BB758BBA07): 1
LogInit: Presizing for max 25165824 objects, including 0 objects not considered by GC, pre-allocating 0 bytes for permanent pool.
LogConfig: Applying CVar settings from Section [/Script/Engine.StreamingSettings] File [E:/MGProject/trunk/Sample/1119/Project/Saved/Config/Windows/Engine.ini]
LogConfig: Setting CVar [[s.MinBulkDataSizeForAsyncLoading:131072]]
LogConfig: Setting CVar [[s.AsyncLoadingThreadEnabled:0]]
LogConfig: Setting CVar [[s.EventDrivenLoaderEnabled:1]]
LogConfig: Setting CVar [[s.WarnIfTimeLimitExceeded:0]]
LogConfig: Setting CVar [[s.TimeLimitExceededMultiplier:1.5]]
LogConfig: Setting CVar [[s.TimeLimitExceededMinTime:0.005]]
LogConfig: Setting CVar [[s.UseBackgroundLevelStreaming:1]]
LogConfig: Setting CVar [[s.PriorityAsyncLoadingExtraTime:15.0]]
LogConfig: Setting CVar [[s.LevelStreamingActorsUpdateTimeLimit:5.0]]
LogConfig: Setting CVar [[s.PriorityLevelStreamingActorsUpdateExtraTime:5.0]]
LogConfig: Setting CVar [[s.LevelStreamingComponentsRegistrationGranularity:10]]
LogConfig: Setting CVar [[s.UnregisterComponentsTimeLimit:1.0]]
LogConfig: Setting CVar [[s.LevelStreamingComponentsUnregistrationGranularity:5]]
LogConfig: Setting CVar [[s.FlushStreamingOnExit:1]]
LogInit: Object subsystem initialized
LogConfig: Setting CVar [[con.DebugEarlyDefault:1]]
LogConfig: Setting CVar [[r.setres:1280x720]]
[2020.11.19-16.39.49:356][  0]LogConfig: Setting CVar [[r.VSync:0]]
[2020.11.19-16.39.49:356][  0]LogConfig: Setting CVar [[r.RHICmdBypass:0]]
[2020.11.19-16.39.49:356][  0]LogConfig: Applying CVar settings from Section [/Script/Engine.RendererSettings] File [E:/MGProject/trunk/Sample/1119/Project/Saved/Config/Windows/Engine.ini]
[2020.11.19-16.39.49:356][  0]LogConfig: Setting CVar [[r.GPUCrashDebugging:0]]
[2020.11.19-16.39.49:356][  0]LogConfig: Applying CVar settings from Section [/Script/Engine.RendererOverrideSettings] File [E:/MGProject/trunk/Sample/1119/Project/Saved/Config/Windows/Engine.ini]
[2020.11.19-16.39.49:356][  0]LogConfig: Applying CVar settings from Section [/Script/Engine.StreamingSettings] File [E:/MGProject/trunk/Sample/1119/Project/Saved/Config/Windows/Engine.ini]
[2020.11.19-16.39.49:356][  0]LogConfig: Setting CVar [[s.MinBulkDataSizeForAsyncLoading:131072]]
[2020.11.19-16.39.49:356][  0]LogConfig: Setting CVar [[s.AsyncLoadingThreadEnabled:0]]
[2020.11.19-16.39.49:356][  0]LogConfig: Setting CVar [[s.EventDrivenLoaderEnabled:1]]
[2020.11.19-16.39.49:356][  0]LogConfig: Setting CVar [[s.WarnIfTimeLimitExceeded:0]]
[2020.11.19-16.39.49:356][  0]LogConfig: Setting CVar [[s.TimeLimitExceededMultiplier:1.5]]
[2020.11.19-16.39.49:357][  0]LogConfig: Setting CVar [[s.TimeLimitExceededMinTime:0.005]]
[2020.11.19-16.39.49:357][  0]LogConfig: Setting CVar [[s.UseBackgroundLevelStreaming:1]]
[2020.11.19-16.39.49:357][  0]LogConfig: Setting CVar [[s.PriorityAsyncLoadingExtraTime:15.0]]
[2020.11.19-16.39.49:357][  0]LogConfig: Setting CVar [[s.LevelStreamingActorsUpdateTimeLimit:5.0]]
[2020.11.19-16.39.49:357][  0]LogConfig: Setting CVar [[s.PriorityLevelStreamingActorsUpdateExtraTime:5.0]]
[2020.11.19-16.39.49:357][  0]LogConfig: Setting CVar [[s.LevelStreamingComponentsRegistrationGranularity:10]]
[2020.11.19-16.39.49:357][  0]LogConfig: Setting CVar [[s.UnregisterComponentsTimeLimit:1.0]]
[2020.11.19-16.39.49:357][  0]LogConfig: Setting CVar [[s.LevelStreamingComponentsUnregistrationGranularity:5]]
[2020.11.19-16.39.49:357][  0]LogConfig: Setting CVar [[s.FlushStreamingOnExit:1]]
[2020.11.19-16.39.49:357][  0]LogConfig: Applying CVar settings from Section [/Script/Engine.GarbageCollectionSettings] File [E:/MGProject/trunk/Sample/1119/Project/Saved/Config/Windows/Engine.ini]
[2020.11.19-16.39.49:357][  0]LogConfig: Setting CVar [[gc.MaxObjectsNotConsideredByGC:1]]
[2020.11.19-16.39.49:357][  0]LogConfig: Setting CVar [[gc.SizeOfPermanentObjectPool:0]]
[2020.11.19-16.39.49:357][  0]LogConfig: Setting CVar [[gc.FlushStreamingOnGC:0]]
[2020.11.19-16.39.49:357][  0]LogConfig: Setting CVar [[gc.NumRetriesBeforeForcingGC:10]]
[2020.11.19-16.39.49:357][  0]LogConfig: Setting CVar [[gc.AllowParallelGC:1]]
[2020.11.19-16.39.49:357][  0]LogConfig: Setting CVar [[gc.TimeBetweenPurgingPendingKillObjects:61.1]]
[2020.11.19-16.39.49:357][  0]LogConfig: Setting CVar [[gc.MaxObjectsInEditor:25165824]]
[2020.11.19-16.39.49:357][  0]LogConfig: Setting CVar [[gc.IncrementalBeginDestroyEnabled:1]]
[2020.11.19-16.39.49:357][  0]LogConfig: Setting CVar [[gc.CreateGCClusters:1]]
[2020.11.19-16.39.49:357][  0]LogConfig: Setting CVar [[gc.MinGCClusterSize:5]]
[2020.11.19-16.39.49:358][  0]LogConfig: Setting CVar [[gc.ActorClusteringEnabled:0]]
[2020.11.19-16.39.49:358][  0]LogConfig: Setting CVar [[gc.BlueprintClusteringEnabled:0]]
[2020.11.19-16.39.49:358][  0]LogConfig: Setting CVar [[gc.UseDisregardForGCOnDedicatedServers:0]]
[2020.11.19-16.39.49:358][  0]LogConfig: Applying CVar settings from Section [/Script/Engine.NetworkSettings] File [E:/MGProject/trunk/Sample/1119/Project/Saved/Config/Windows/Engine.ini]
[2020.11.19-16.39.49:358][  0]LogConfig: Applying CVar settings from Section [/Script/UnrealEd.CookerSettings] File [E:/MGProject/trunk/Sample/1119/Project/Saved/Config/Windows/Engine.ini]
[2020.11.19-16.39.49:364][  0]LogConfig: Applying CVar settings from Section [ViewDistanceQuality@3] File [E:/MGProject/trunk/Sample/1119/Project/Saved/Config/Windows/Scalability.ini]
[2020.11.19-16.39.49:364][  0]LogConfig: Setting CVar [[r.SkeletalMeshLODBias:0]]
[2020.11.19-16.39.49:364][  0]LogConfig: Setting CVar [[r.ViewDistanceScale:1.0]]
[2020.11.19-16.39.49:364][  0]LogConfig: Applying CVar settings from Section [AntiAliasingQuality@3] File [E:/MGProject/trunk/Sample/1119/Project/Saved/Config/Windows/Scalability.ini]
[2020.11.19-16.39.49:364][  0]LogConfig: Setting CVar [[r.PostProcessAAQuality:4]]
[2020.11.19-16.39.49:365][  0]LogConfig: Applying CVar settings from Section [ShadowQuality@3] File [E:/MGProject/trunk/Sample/1119/Project/Saved/Config/Windows/Scalability.ini]
[2020.11.19-16.39.49:365][  0]LogConfig: Setting CVar [[r.LightFunctionQuality:1]]
[2020.11.19-16.39.49:365][  0]LogConfig: Setting CVar [[r.ShadowQuality:5]]
[2020.11.19-16.39.49:365][  0]LogConfig: Setting CVar [[r.Shadow.CSM.MaxCascades:10]]
[2020.11.19-16.39.49:365][  0]LogConfig: Setting CVar [[r.Shadow.MaxResolution:2048]]
[2020.11.19-16.39.49:365][  0]LogConfig: Setting CVar [[r.Shadow.MaxCSMResolution:2048]]
[2020.11.19-16.39.49:365][  0]LogConfig: Setting CVar [[r.Shadow.RadiusThreshold:0.01]]
[2020.11.19-16.39.49:365][  0]LogConfig: Setting CVar [[r.Shadow.DistanceScale:1.0]]
[2020.11.19-16.39.49:365][  0]LogConfig: Setting CVar [[r.Shadow.CSM.TransitionScale:1.0]]
[2020.11.19-16.39.49:365][  0]LogConfig: Setting CVar [[r.Shadow.PreShadowResolutionFactor:1.0]]
[2020.11.19-16.39.49:365][  0]LogConfig: Setting CVar [[r.DistanceFieldShadowing:1]]
[2020.11.19-16.39.49:365][  0]LogConfig: Setting CVar [[r.DistanceFieldAO:1]]
[2020.11.19-16.39.49:365][  0]LogConfig: Setting CVar [[r.AOQuality:2]]
[2020.11.19-16.39.49:365][  0]LogConfig: Setting CVar [[r.VolumetricFog:1]]
[2020.11.19-16.39.49:365][  0]LogConfig: Setting CVar [[r.VolumetricFog.GridPixelSize:8]]
[2020.11.19-16.39.49:365][  0]LogConfig: Setting CVar [[r.VolumetricFog.GridSizeZ:128]]
[2020.11.19-16.39.49:365][  0]LogConfig: Setting CVar [[r.VolumetricFog.HistoryMissSupersampleCount:4]]
[2020.11.19-16.39.49:365][  0]LogConfig: Setting CVar [[r.LightMaxDrawDistanceScale:1]]
[2020.11.19-16.39.49:365][  0]LogConfig: Setting CVar [[r.CapsuleShadows:1]]
[2020.11.19-16.39.49:365][  0]LogConfig: Applying CVar settings from Section [PostProcessQuality@3] File [E:/MGProject/trunk/Sample/1119/Project/Saved/Config/Windows/Scalability.ini]
[2020.11.19-16.39.49:365][  0]LogConfig: Setting CVar [[r.MotionBlurQuality:4]]
[2020.11.19-16.39.49:365][  0]LogConfig: Setting CVar [[r.AmbientOcclusionMipLevelFactor:0.4]]
[2020.11.19-16.39.49:366][  0]LogConfig: Setting CVar [[r.AmbientOcclusionMaxQuality:100]]
[2020.11.19-16.39.49:366][  0]LogConfig: Setting CVar [[r.AmbientOcclusionLevels:-1]]
[2020.11.19-16.39.49:366][  0]LogConfig: Setting CVar [[r.AmbientOcclusionRadiusScale:1.0]]
[2020.11.19-16.39.49:366][  0]LogConfig: Setting CVar [[r.DepthOfFieldQuality:2]]
[2020.11.19-16.39.49:366][  0]LogConfig: Setting CVar [[r.RenderTargetPoolMin:400]]
[2020.11.19-16.39.49:366][  0]LogConfig: Setting CVar [[r.LensFlareQuality:2]]
[2020.11.19-16.39.49:366][  0]LogConfig: Setting CVar [[r.SceneColorFringeQuality:1]]
[2020.11.19-16.39.49:366][  0]LogConfig: Setting CVar [[r.EyeAdaptationQuality:2]]
[2020.11.19-16.39.49:366][  0]LogConfig: Setting CVar [[r.BloomQuality:5]]
[2020.11.19-16.39.49:366][  0]LogConfig: Setting CVar [[r.FastBlurThreshold:100]]
[2020.11.19-16.39.49:366][  0]LogConfig: Setting CVar [[r.Upscale.Quality:3]]
[2020.11.19-16.39.49:366][  0]LogConfig: Setting CVar [[r.Tonemapper.GrainQuantization:1]]
[2020.11.19-16.39.49:366][  0]LogConfig: Setting CVar [[r.LightShaftQuality:1]]
[2020.11.19-16.39.49:366][  0]LogConfig: Setting CVar [[r.Filter.SizeScale:1]]
[2020.11.19-16.39.49:366][  0]LogConfig: Setting CVar [[r.Tonemapper.Quality:5]]
[2020.11.19-16.39.49:366][  0]LogConfig: Setting CVar [[r.DOF.Gather.AccumulatorQuality:1        ; higher gathering accumulator quality]]
[2020.11.19-16.39.49:366][  0]LogConfig: Setting CVar [[r.DOF.Gather.PostfilterMethod:1          ; Median3x3 postfilering method]]
[2020.11.19-16.39.49:366][  0]LogConfig: Setting CVar [[r.DOF.Gather.EnableBokehSettings:0       ; no bokeh simulation when gathering]]
[2020.11.19-16.39.49:366][  0]LogConfig: Setting CVar [[r.DOF.Gather.RingCount:4                 ; medium number of samples when gathering]]
[2020.11.19-16.39.49:366][  0]LogConfig: Setting CVar [[r.DOF.Scatter.ForegroundCompositing:1    ; additive foreground scattering]]
[2020.11.19-16.39.49:366][  0]LogConfig: Setting CVar [[r.DOF.Scatter.BackgroundCompositing:2    ; additive background scattering]]
[2020.11.19-16.39.49:367][  0]LogConfig: Setting CVar [[r.DOF.Scatter.EnableBokehSettings:1      ; bokeh simulation when scattering]]
[2020.11.19-16.39.49:367][  0]LogConfig: Setting CVar [[r.DOF.Scatter.MaxSpriteRatio:0.1         ; only a maximum of 10% of scattered bokeh]]
[2020.11.19-16.39.49:367][  0]LogConfig: Setting CVar [[r.DOF.Recombine.Quality:1                ; cheap slight out of focus]]
[2020.11.19-16.39.49:367][  0]LogConfig: Setting CVar [[r.DOF.Recombine.EnableBokehSettings:0    ; no bokeh simulation on slight out of focus]]
[2020.11.19-16.39.49:367][  0]LogConfig: Setting CVar [[r.DOF.TemporalAAQuality:1                ; more stable temporal accumulation]]
[2020.11.19-16.39.49:367][  0]LogConfig: Setting CVar [[r.DOF.Kernel.MaxForegroundRadius:0.025]]
[2020.11.19-16.39.49:367][  0]LogConfig: Setting CVar [[r.DOF.Kernel.MaxBackgroundRadius:0.025]]
[2020.11.19-16.39.49:367][  0]LogConfig: Applying CVar settings from Section [TextureQuality@3] File [E:/MGProject/trunk/Sample/1119/Project/Saved/Config/Windows/Scalability.ini]
[2020.11.19-16.39.49:367][  0]LogConfig: Setting CVar [[r.Streaming.MipBias:0]]
[2020.11.19-16.39.49:367][  0]LogConfig: Setting CVar [[r.Streaming.AmortizeCPUToGPUCopy:0]]
[2020.11.19-16.39.49:367][  0]LogConfig: Setting CVar [[r.Streaming.MaxNumTexturesToStreamPerFrame:0]]
[2020.11.19-16.39.49:367][  0]LogConfig: Setting CVar [[r.Streaming.Boost:1]]
[2020.11.19-16.39.49:367][  0]LogConfig: Setting CVar [[r.MaxAnisotropy:8]]
[2020.11.19-16.39.49:367][  0]LogConfig: Setting CVar [[r.VT.MaxAnisotropy:8]]
[2020.11.19-16.39.49:367][  0]LogConfig: Setting CVar [[r.Streaming.LimitPoolSizeToVRAM:0]]
[2020.11.19-16.39.49:367][  0]LogConfig: Setting CVar [[r.Streaming.PoolSize:1000]]
[2020.11.19-16.39.49:367][  0]LogConfig: Setting CVar [[r.Streaming.MaxEffectiveScreenSize:0]]
[2020.11.19-16.39.49:367][  0]LogConfig: Applying CVar settings from Section [EffectsQuality@3] File [E:/MGProject/trunk/Sample/1119/Project/Saved/Config/Windows/Scalability.ini]
[2020.11.19-16.39.49:367][  0]LogConfig: Setting CVar [[r.TranslucencyLightingVolumeDim:64]]
[2020.11.19-16.39.49:367][  0]LogConfig: Setting CVar [[r.RefractionQuality:2]]
[2020.11.19-16.39.49:367][  0]LogConfig: Setting CVar [[r.SSR.Quality:3]]
[2020.11.19-16.39.49:367][  0]LogConfig: Setting CVar [[r.SSR.HalfResSceneColor:0]]
[2020.11.19-16.39.49:368][  0]LogConfig: Setting CVar [[r.SceneColorFormat:4]]
[2020.11.19-16.39.49:368][  0]LogConfig: Setting CVar [[r.DetailMode:2]]
[2020.11.19-16.39.49:368][  0]LogConfig: Setting CVar [[r.TranslucencyVolumeBlur:1]]
[2020.11.19-16.39.49:368][  0]LogConfig: Setting CVar [[r.MaterialQualityLevel:1 ; High quality]]
[2020.11.19-16.39.49:368][  0]LogConfig: Setting CVar [[r.SSS.Scale:1]]
[2020.11.19-16.39.49:368][  0]LogConfig: Setting CVar [[r.SSS.SampleSet:2]]
[2020.11.19-16.39.49:368][  0]LogConfig: Setting CVar [[r.SSS.Quality:1]]
[2020.11.19-16.39.49:368][  0]LogConfig: Setting CVar [[r.SSS.HalfRes:0]]
[2020.11.19-16.39.49:368][  0]LogConfig: Setting CVar [[r.SSGI.Quality:3]]
[2020.11.19-16.39.49:368][  0]LogConfig: Setting CVar [[r.EmitterSpawnRateScale:1.0]]
[2020.11.19-16.39.49:368][  0]LogConfig: Setting CVar [[r.ParticleLightQuality:2]]
[2020.11.19-16.39.49:368][  0]LogConfig: Setting CVar [[r.SkyAtmosphere.AerialPerspectiveLUT.FastApplyOnOpaque:1 ; Always have FastSkyLUT 1 in this case to avoid wrong sky]]
[2020.11.19-16.39.49:368][  0]LogConfig: Setting CVar [[r.SkyAtmosphere.AerialPerspectiveLUT.SampleCountPerSlice:1]]
[2020.11.19-16.39.49:368][  0]LogConfig: Setting CVar [[r.SkyAtmosphere.AerialPerspectiveLUT.DepthResolution:16.0]]
[2020.11.19-16.39.49:368][  0]LogConfig: Setting CVar [[r.SkyAtmosphere.FastSkyLUT:1]]
[2020.11.19-16.39.49:368][  0]LogConfig: Setting CVar [[r.SkyAtmosphere.FastSkyLUT.SampleCountMin:4.0]]
[2020.11.19-16.39.49:368][  0]LogConfig: Setting CVar [[r.SkyAtmosphere.FastSkyLUT.SampleCountMax:32.0]]
[2020.11.19-16.39.49:368][  0]LogConfig: Setting CVar [[r.SkyAtmosphere.SampleCountMin:4.0]]
[2020.11.19-16.39.49:368][  0]LogConfig: Setting CVar [[r.SkyAtmosphere.SampleCountMax:32.0]]
[2020.11.19-16.39.49:368][  0]LogConfig: Setting CVar [[r.SkyAtmosphere.TransmittanceLUT.UseSmallFormat:0]]
[2020.11.19-16.39.49:368][  0]LogConfig: Setting CVar [[r.SkyAtmosphere.TransmittanceLUT.SampleCount:10.0]]
[2020.11.19-16.39.49:368][  0]LogConfig: Setting CVar [[r.SkyAtmosphere.MultiScatteringLUT.SampleCount:15.0]]
[2020.11.19-16.39.49:369][  0]LogConfig: Applying CVar settings from Section [FoliageQuality@3] File [E:/MGProject/trunk/Sample/1119/Project/Saved/Config/Windows/Scalability.ini]
[2020.11.19-16.39.49:369][  0]LogConfig: Setting CVar [[foliage.DensityScale:1.0]]
[2020.11.19-16.39.49:369][  0]LogConfig: Setting CVar [[grass.DensityScale:1.0]]
[2020.11.19-16.39.49:369][  0]LogConfig: Applying CVar settings from Section [ShadingQuality@3] File [E:/MGProject/trunk/Sample/1119/Project/Saved/Config/Windows/Scalability.ini]
[2020.11.19-16.39.49:369][  0]LogConfig: Setting CVar [[r.HairStrands.SkyLighting.SampleCount:16]]
[2020.11.19-16.39.49:369][  0]LogConfig: Setting CVar [[r.HairStrands.SkyLighting.JitterIntegration:0]]
[2020.11.19-16.39.49:369][  0]LogConfig: Setting CVar [[r.HairStrands.SkyAO.SampleCount:16]]
[2020.11.19-16.39.49:369][  0]LogConfig: Setting CVar [[r.HairStrands.DeepShadow.SuperSampling:0]]
[2020.11.19-16.39.49:369][  0]LogConfig: Setting CVar [[r.HairStrands.VisibilityPPLL:0]]
[2020.11.19-16.39.49:369][  0]LogConfig: Setting CVar [[r.HairStrands.RasterizationScale:0.5]]
[2020.11.19-16.39.49:369][  0]LogConfig: Setting CVar [[r.HairStrands.VelocityRasterizationScale:1]]
[2020.11.19-16.39.49:369][  0]LogInit: Selected Device Profile: [Windows]
[2020.11.19-16.39.49:369][  0]LogInit: Applying CVar settings loaded from the selected device profile: [Windows]
[2020.11.19-16.39.49:369][  0]LogHAL: Display: Platform has ~ 16 GB [17134899200 / 17179869184 / 16], which maps to Larger [LargestMinGB=32, LargerMinGB=12, DefaultMinGB=8, SmallerMinGB=6, SmallestMinGB=0)
[2020.11.19-16.39.49:369][  0]LogInit: Going up to parent DeviceProfile []
[2020.11.19-16.39.49:369][  0]LogConfig: Applying CVar settings from Section [ViewDistanceQuality@3] File [E:/MGProject/trunk/Sample/1119/Project/Saved/Config/Windows/Scalability.ini]
[2020.11.19-16.39.49:369][  0]LogConfig: Setting CVar [[r.SkeletalMeshLODBias:0]]
[2020.11.19-16.39.49:369][  0]LogConfig: Setting CVar [[r.ViewDistanceScale:1.0]]
[2020.11.19-16.39.49:369][  0]LogConfig: Applying CVar settings from Section [AntiAliasingQuality@3] File [E:/MGProject/trunk/Sample/1119/Project/Saved/Config/Windows/Scalability.ini]
[2020.11.19-16.39.49:370][  0]LogConfig: Setting CVar [[r.PostProcessAAQuality:4]]
[2020.11.19-16.39.49:370][  0]LogConfig: Applying CVar settings from Section [ShadowQuality@3] File [E:/MGProject/trunk/Sample/1119/Project/Saved/Config/Windows/Scalability.ini]
[2020.11.19-16.39.49:370][  0]LogConfig: Setting CVar [[r.LightFunctionQuality:1]]
[2020.11.19-16.39.49:370][  0]LogConfig: Setting CVar [[r.ShadowQuality:5]]
[2020.11.19-16.39.49:370][  0]LogConfig: Setting CVar [[r.Shadow.CSM.MaxCascades:10]]
[2020.11.19-16.39.49:370][  0]LogConfig: Setting CVar [[r.Shadow.MaxResolution:2048]]
[2020.11.19-16.39.49:370][  0]LogConfig: Setting CVar [[r.Shadow.MaxCSMResolution:2048]]
[2020.11.19-16.39.49:370][  0]LogConfig: Setting CVar [[r.Shadow.RadiusThreshold:0.01]]
[2020.11.19-16.39.49:370][  0]LogConfig: Setting CVar [[r.Shadow.DistanceScale:1.0]]
[2020.11.19-16.39.49:370][  0]LogConfig: Setting CVar [[r.Shadow.CSM.TransitionScale:1.0]]
[2020.11.19-16.39.49:370][  0]LogConfig: Setting CVar [[r.Shadow.PreShadowResolutionFactor:1.0]]
[2020.11.19-16.39.49:370][  0]LogConfig: Setting CVar [[r.DistanceFieldShadowing:1]]
[2020.11.19-16.39.49:370][  0]LogConfig: Setting CVar [[r.DistanceFieldAO:1]]
[2020.11.19-16.39.49:370][  0]LogConfig: Setting CVar [[r.AOQuality:2]]
[2020.11.19-16.39.49:370][  0]LogConfig: Setting CVar [[r.VolumetricFog:1]]
[2020.11.19-16.39.49:370][  0]LogConfig: Setting CVar [[r.VolumetricFog.GridPixelSize:8]]
[2020.11.19-16.39.49:370][  0]LogConfig: Setting CVar [[r.VolumetricFog.GridSizeZ:128]]
[2020.11.19-16.39.49:370][  0]LogConfig: Setting CVar [[r.VolumetricFog.HistoryMissSupersampleCount:4]]
[2020.11.19-16.39.49:370][  0]LogConfig: Setting CVar [[r.LightMaxDrawDistanceScale:1]]
[2020.11.19-16.39.49:370][  0]LogConfig: Setting CVar [[r.CapsuleShadows:1]]
[2020.11.19-16.39.49:370][  0]LogConfig: Applying CVar settings from Section [PostProcessQuality@3] File [E:/MGProject/trunk/Sample/1119/Project/Saved/Config/Windows/Scalability.ini]
[2020.11.19-16.39.49:370][  0]LogConfig: Setting CVar [[r.MotionBlurQuality:4]]
[2020.11.19-16.39.49:371][  0]LogConfig: Setting CVar [[r.AmbientOcclusionMipLevelFactor:0.4]]
[2020.11.19-16.39.49:371][  0]LogConfig: Setting CVar [[r.AmbientOcclusionMaxQuality:100]]
[2020.11.19-16.39.49:371][  0]LogConfig: Setting CVar [[r.AmbientOcclusionLevels:-1]]
[2020.11.19-16.39.49:371][  0]LogConfig: Setting CVar [[r.AmbientOcclusionRadiusScale:1.0]]
[2020.11.19-16.39.49:371][  0]LogConfig: Setting CVar [[r.DepthOfFieldQuality:2]]
[2020.11.19-16.39.49:371][  0]LogConfig: Setting CVar [[r.RenderTargetPoolMin:400]]
[2020.11.19-16.39.49:371][  0]LogConfig: Setting CVar [[r.LensFlareQuality:2]]
[2020.11.19-16.39.49:371][  0]LogConfig: Setting CVar [[r.SceneColorFringeQuality:1]]
[2020.11.19-16.39.49:371][  0]LogConfig: Setting CVar [[r.EyeAdaptationQuality:2]]
[2020.11.19-16.39.49:371][  0]LogConfig: Setting CVar [[r.BloomQuality:5]]
[2020.11.19-16.39.49:371][  0]LogConfig: Setting CVar [[r.FastBlurThreshold:100]]
[2020.11.19-16.39.49:371][  0]LogConfig: Setting CVar [[r.Upscale.Quality:3]]
[2020.11.19-16.39.49:371][  0]LogConfig: Setting CVar [[r.Tonemapper.GrainQuantization:1]]
[2020.11.19-16.39.49:371][  0]LogConfig: Setting CVar [[r.LightShaftQuality:1]]
[2020.11.19-16.39.49:371][  0]LogConfig: Setting CVar [[r.Filter.SizeScale:1]]
[2020.11.19-16.39.49:371][  0]LogConfig: Setting CVar [[r.Tonemapper.Quality:5]]
[2020.11.19-16.39.49:371][  0]LogConfig: Setting CVar [[r.DOF.Gather.AccumulatorQuality:1        ; higher gathering accumulator quality]]
[2020.11.19-16.39.49:371][  0]LogConfig: Setting CVar [[r.DOF.Gather.PostfilterMethod:1          ; Median3x3 postfilering method]]
[2020.11.19-16.39.49:371][  0]LogConfig: Setting CVar [[r.DOF.Gather.EnableBokehSettings:0       ; no bokeh simulation when gathering]]
[2020.11.19-16.39.49:371][  0]LogConfig: Setting CVar [[r.DOF.Gather.RingCount:4                 ; medium number of samples when gathering]]
[2020.11.19-16.39.49:372][  0]LogConfig: Setting CVar [[r.DOF.Scatter.ForegroundCompositing:1    ; additive foreground scattering]]
[2020.11.19-16.39.49:372][  0]LogConfig: Setting CVar [[r.DOF.Scatter.BackgroundCompositing:2    ; additive background scattering]]
[2020.11.19-16.39.49:372][  0]LogConfig: Setting CVar [[r.DOF.Scatter.EnableBokehSettings:1      ; bokeh simulation when scattering]]
[2020.11.19-16.39.49:372][  0]LogConfig: Setting CVar [[r.DOF.Scatter.MaxSpriteRatio:0.1         ; only a maximum of 10% of scattered bokeh]]
[2020.11.19-16.39.49:372][  0]LogConfig: Setting CVar [[r.DOF.Recombine.Quality:1                ; cheap slight out of focus]]
[2020.11.19-16.39.49:372][  0]LogConfig: Setting CVar [[r.DOF.Recombine.EnableBokehSettings:0    ; no bokeh simulation on slight out of focus]]
[2020.11.19-16.39.49:372][  0]LogConfig: Setting CVar [[r.DOF.TemporalAAQuality:1                ; more stable temporal accumulation]]
[2020.11.19-16.39.49:372][  0]LogConfig: Setting CVar [[r.DOF.Kernel.MaxForegroundRadius:0.025]]
[2020.11.19-16.39.49:372][  0]LogConfig: Setting CVar [[r.DOF.Kernel.MaxBackgroundRadius:0.025]]
[2020.11.19-16.39.49:372][  0]LogConfig: Applying CVar settings from Section [TextureQuality@3] File [E:/MGProject/trunk/Sample/1119/Project/Saved/Config/Windows/Scalability.ini]
[2020.11.19-16.39.49:372][  0]LogConfig: Setting CVar [[r.Streaming.MipBias:0]]
[2020.11.19-16.39.49:372][  0]LogConfig: Setting CVar [[r.Streaming.AmortizeCPUToGPUCopy:0]]
[2020.11.19-16.39.49:372][  0]LogConfig: Setting CVar [[r.Streaming.MaxNumTexturesToStreamPerFrame:0]]
[2020.11.19-16.39.49:372][  0]LogConfig: Setting CVar [[r.Streaming.Boost:1]]
[2020.11.19-16.39.49:372][  0]LogConfig: Setting CVar [[r.MaxAnisotropy:8]]
[2020.11.19-16.39.49:372][  0]LogConfig: Setting CVar [[r.VT.MaxAnisotropy:8]]
[2020.11.19-16.39.49:372][  0]LogConfig: Setting CVar [[r.Streaming.LimitPoolSizeToVRAM:0]]
[2020.11.19-16.39.49:372][  0]LogConfig: Setting CVar [[r.Streaming.PoolSize:1000]]
[2020.11.19-16.39.49:372][  0]LogConfig: Setting CVar [[r.Streaming.MaxEffectiveScreenSize:0]]
[2020.11.19-16.39.49:372][  0]LogConfig: Applying CVar settings from Section [EffectsQuality@3] File [E:/MGProject/trunk/Sample/1119/Project/Saved/Config/Windows/Scalability.ini]
[2020.11.19-16.39.49:372][  0]LogConfig: Setting CVar [[r.TranslucencyLightingVolumeDim:64]]
[2020.11.19-16.39.49:372][  0]LogConfig: Setting CVar [[r.RefractionQuality:2]]
[2020.11.19-16.39.49:372][  0]LogConfig: Setting CVar [[r.SSR.Quality:3]]
[2020.11.19-16.39.49:373][  0]LogConfig: Setting CVar [[r.SSR.HalfResSceneColor:0]]
[2020.11.19-16.39.49:373][  0]LogConfig: Setting CVar [[r.SceneColorFormat:4]]
[2020.11.19-16.39.49:373][  0]LogConfig: Setting CVar [[r.DetailMode:2]]
[2020.11.19-16.39.49:373][  0]LogConfig: Setting CVar [[r.TranslucencyVolumeBlur:1]]
[2020.11.19-16.39.49:373][  0]LogConfig: Setting CVar [[r.MaterialQualityLevel:1 ; High quality]]
[2020.11.19-16.39.49:373][  0]LogConfig: Setting CVar [[r.SSS.Scale:1]]
[2020.11.19-16.39.49:373][  0]LogConfig: Setting CVar [[r.SSS.SampleSet:2]]
[2020.11.19-16.39.49:373][  0]LogConfig: Setting CVar [[r.SSS.Quality:1]]
[2020.11.19-16.39.49:373][  0]LogConfig: Setting CVar [[r.SSS.HalfRes:0]]
[2020.11.19-16.39.49:373][  0]LogConfig: Setting CVar [[r.SSGI.Quality:3]]
[2020.11.19-16.39.49:373][  0]LogConfig: Setting CVar [[r.EmitterSpawnRateScale:1.0]]
[2020.11.19-16.39.49:373][  0]LogConfig: Setting CVar [[r.ParticleLightQuality:2]]
[2020.11.19-16.39.49:373][  0]LogConfig: Setting CVar [[r.SkyAtmosphere.AerialPerspectiveLUT.FastApplyOnOpaque:1 ; Always have FastSkyLUT 1 in this case to avoid wrong sky]]
[2020.11.19-16.39.49:373][  0]LogConfig: Setting CVar [[r.SkyAtmosphere.AerialPerspectiveLUT.SampleCountPerSlice:1]]
[2020.11.19-16.39.49:373][  0]LogConfig: Setting CVar [[r.SkyAtmosphere.AerialPerspectiveLUT.DepthResolution:16.0]]
[2020.11.19-16.39.49:373][  0]LogConfig: Setting CVar [[r.SkyAtmosphere.FastSkyLUT:1]]
[2020.11.19-16.39.49:373][  0]LogConfig: Setting CVar [[r.SkyAtmosphere.FastSkyLUT.SampleCountMin:4.0]]
[2020.11.19-16.39.49:373][  0]LogConfig: Setting CVar [[r.SkyAtmosphere.FastSkyLUT.SampleCountMax:32.0]]
[2020.11.19-16.39.49:373][  0]LogConfig: Setting CVar [[r.SkyAtmosphere.SampleCountMin:4.0]]
[2020.11.19-16.39.49:373][  0]LogConfig: Setting CVar [[r.SkyAtmosphere.SampleCountMax:32.0]]
[2020.11.19-16.39.49:373][  0]LogConfig: Setting CVar [[r.SkyAtmosphere.TransmittanceLUT.UseSmallFormat:0]]
[2020.11.19-16.39.49:373][  0]LogConfig: Setting CVar [[r.SkyAtmosphere.TransmittanceLUT.SampleCount:10.0]]
[2020.11.19-16.39.49:374][  0]LogConfig: Setting CVar [[r.SkyAtmosphere.MultiScatteringLUT.SampleCount:15.0]]
[2020.11.19-16.39.49:374][  0]LogConfig: Applying CVar settings from Section [FoliageQuality@3] File [E:/MGProject/trunk/Sample/1119/Project/Saved/Config/Windows/Scalability.ini]
[2020.11.19-16.39.49:374][  0]LogConfig: Setting CVar [[foliage.DensityScale:1.0]]
[2020.11.19-16.39.49:374][  0]LogConfig: Setting CVar [[grass.DensityScale:1.0]]
[2020.11.19-16.39.49:374][  0]LogConfig: Applying CVar settings from Section [ShadingQuality@3] File [E:/MGProject/trunk/Sample/1119/Project/Saved/Config/Windows/Scalability.ini]
[2020.11.19-16.39.49:374][  0]LogConfig: Setting CVar [[r.HairStrands.SkyLighting.SampleCount:16]]
[2020.11.19-16.39.49:374][  0]LogConfig: Setting CVar [[r.HairStrands.SkyLighting.JitterIntegration:0]]
[2020.11.19-16.39.49:374][  0]LogConfig: Setting CVar [[r.HairStrands.SkyAO.SampleCount:16]]
[2020.11.19-16.39.49:374][  0]LogConfig: Setting CVar [[r.HairStrands.DeepShadow.SuperSampling:0]]
[2020.11.19-16.39.49:374][  0]LogConfig: Setting CVar [[r.HairStrands.VisibilityPPLL:0]]
[2020.11.19-16.39.49:374][  0]LogConfig: Setting CVar [[r.HairStrands.RasterizationScale:0.5]]
[2020.11.19-16.39.49:374][  0]LogConfig: Setting CVar [[r.HairStrands.VelocityRasterizationScale:1]]
[2020.11.19-16.39.49:374][  0]LogConfig: Applying CVar settings from Section [Startup] File [../../../Engine/Config/ConsoleVariables.ini]
[2020.11.19-16.39.49:374][  0]LogConfig: Setting CVar [[net.UseAdaptiveNetUpdateFrequency:0]]
[2020.11.19-16.39.49:374][  0]LogConfig: Setting CVar [[p.chaos.AllowCreatePhysxBodies:1]]
[2020.11.19-16.39.49:374][  0]LogConfig: Setting CVar [[fx.SkipVectorVMBackendOptimizations:1]]
[2020.11.19-16.39.49:375][  0]LogConfig: Applying CVar settings from Section [ConsoleVariables] File [E:/MGProject/trunk/Sample/1119/Project/Saved/Config/Windows/Engine.ini]
[2020.11.19-16.39.49:375][  0]LogInit: Computer: DESKTOP-3HJ4JNL
[2020.11.19-16.39.49:375][  0]LogInit: User: Home
[2020.11.19-16.39.49:375][  0]LogInit: CPU Page size=4096, Cores=4
[2020.11.19-16.39.49:375][  0]LogInit: High frequency timer resolution =10.000000 MHz
[2020.11.19-16.39.49:375][  0]LogMemory: Memory total: Physical=16.0GB (16GB approx)
[2020.11.19-16.39.49:375][  0]LogMemory: Platform Memory Stats for Windows
[2020.11.19-16.39.49:375][  0]LogMemory: Process Physical Memory: 115.12 MB used, 115.13 MB peak
[2020.11.19-16.39.49:375][  0]LogMemory: Process Virtual Memory: 98.34 MB used, 98.34 MB peak
[2020.11.19-16.39.49:375][  0]LogMemory: Physical Memory: 6438.17 MB used,  9902.94 MB free, 16341.11 MB total
[2020.11.19-16.39.49:375][  0]LogMemory: Virtual Memory: 5145.35 MB used,  134212584.00 MB free, 134217728.00 MB total
[2020.11.19-16.39.49:385][  0]LogWindows: WindowsPlatformFeatures enabled
[2020.11.19-16.39.49:486][  0]LogInit: Physics initialised using underlying interface: PhysX
[2020.11.19-16.39.49:489][  0]LogInit: Using OS detected language (ko-KR).
[2020.11.19-16.39.49:489][  0]LogInit: Using OS detected locale (ko-KR).
[2020.11.19-16.39.49:492][  0]LogTextLocalizationManager: No specific localization for 'ko-KR' exists, so the 'ko' localization will be used.
[2020.11.19-16.39.49:575][  0]LogInit: Setting process to per monitor DPI aware
[2020.11.19-16.39.49:637][  0]LogSlate: New Slate User Created.  User Index 0, Is Virtual User: 0
[2020.11.19-16.39.49:637][  0]LogSlate: Slate User Registered.  User Index 0, Is Virtual User: 0
[2020.11.19-16.39.49:756][  0]LogHMD: Failed to initialize OpenVR with code 110
[2020.11.19-16.39.49:756][  0]LogD3D11RHI: D3D11 min allowed feature level: 11_0
[2020.11.19-16.39.49:756][  0]LogD3D11RHI: D3D11 max allowed feature level: 11_0
[2020.11.19-16.39.49:756][  0]LogD3D11RHI: D3D11 adapters:
[2020.11.19-16.39.49:835][  0]LogD3D11RHI:    0. 'NVIDIA GeForce GTX 1070' (Feature Level 11_0)
[2020.11.19-16.39.49:835][  0]LogD3D11RHI:       8088/0/8170 MB DedicatedVideo/DedicatedSystem/SharedSystem, Outputs:2, VendorId:0x10de
[2020.11.19-16.39.49:841][  0]LogD3D11RHI:    1. 'Microsoft Basic Render Driver' (Feature Level 11_0)
[2020.11.19-16.39.49:841][  0]LogD3D11RHI:       0/0/8170 MB DedicatedVideo/DedicatedSystem/SharedSystem, Outputs:0, VendorId:0x1414
[2020.11.19-16.39.49:841][  0]LogD3D11RHI: Chosen D3D11 Adapter: 0
[2020.11.19-16.39.49:848][  0]LogD3D11RHI: Creating new Direct3DDevice
[2020.11.19-16.39.49:848][  0]LogD3D11RHI:     GPU DeviceId: 0x1b81 (for the marketing name, search the web for "GPU Device Id")
[2020.11.19-16.39.49:848][  0]LogWindows: EnumDisplayDevices:
[2020.11.19-16.39.49:849][  0]LogWindows:    0. 'NVIDIA GeForce GTX 1070' (P:0 D:1)
[2020.11.19-16.39.49:849][  0]LogWindows:    1. 'NVIDIA GeForce GTX 1070' (P:1 D:1)
[2020.11.19-16.39.49:850][  0]LogWindows:    2. 'NVIDIA GeForce GTX 1070' (P:0 D:0)
[2020.11.19-16.39.49:850][  0]LogWindows:    3. 'NVIDIA GeForce GTX 1070' (P:0 D:0)
[2020.11.19-16.39.49:851][  0]LogWindows: DebugString: FoundDriverCount:4 
[2020.11.19-16.39.49:851][  0]LogD3D11RHI:     Adapter Name: NVIDIA GeForce GTX 1070
[2020.11.19-16.39.49:851][  0]LogD3D11RHI:   Driver Version: 442.59 (internal:26.21.14.4259, unified:442.59)
[2020.11.19-16.39.49:851][  0]LogD3D11RHI:      Driver Date: 3-4-2020
[2020.11.19-16.39.49:851][  0]LogRHI: Texture pool is 5661 MB (70% of 8088 MB)
[2020.11.19-16.39.49:897][  0]LogD3D11RHI: RHI has support for 64 bit atomics
[2020.11.19-16.39.49:899][  0]LogD3D11RHI: [Aftermath] Enabled and primed
[2020.11.19-16.39.49:899][  0]LogD3D11RHI: Async texture creation enabled
[2020.11.19-16.39.49:899][  0]LogD3D11RHI: Array index from any shader is supported
[2020.11.19-16.39.49:915][  0]LogD3D11RHI: GPU Timing Frequency: 1000.000000 (Debug: 2 1)
[2020.11.19-16.39.50:189][  0]LogTargetPlatformManager: Display: Loaded TargetPlatform 'AllDesktop'
[2020.11.19-16.39.50:209][  0]LogTargetPlatformManager: Display: Loaded TargetPlatform 'Android'
[2020.11.19-16.39.50:209][  0]LogTargetPlatformManager: Display: Loaded TargetPlatform 'Android_ASTC'
[2020.11.19-16.39.50:209][  0]LogTargetPlatformManager: Display: Loaded TargetPlatform 'Android_DXT'
[2020.11.19-16.39.50:209][  0]LogTargetPlatformManager: Display: Loaded TargetPlatform 'Android_ETC2'
[2020.11.19-16.39.50:209][  0]LogTargetPlatformManager: Display: Loaded TargetPlatform 'AndroidClient'
[2020.11.19-16.39.50:209][  0]LogTargetPlatformManager: Display: Loaded TargetPlatform 'Android_ASTCClient'
[2020.11.19-16.39.50:209][  0]LogTargetPlatformManager: Display: Loaded TargetPlatform 'Android_DXTClient'
[2020.11.19-16.39.50:209][  0]LogTargetPlatformManager: Display: Loaded TargetPlatform 'Android_ETC2Client'
[2020.11.19-16.39.50:210][  0]LogTargetPlatformManager: Display: Loaded TargetPlatform 'Android_Multi'
[2020.11.19-16.39.50:210][  0]LogTargetPlatformManager: Display: Loaded TargetPlatform 'Android_MultiClient'
[2020.11.19-16.39.50:236][  0]LogTargetPlatformManager: Display: Loaded TargetPlatform 'IOSClient'
[2020.11.19-16.39.50:236][  0]LogTargetPlatformManager: Display: Loaded TargetPlatform 'IOS'
[2020.11.19-16.39.50:245][  0]LogTargetPlatformManager: Display: Loaded TargetPlatform 'Linux'
[2020.11.19-16.39.50:255][  0]LogTargetPlatformManager: Display: Loaded TargetPlatform 'LinuxNoEditor'
[2020.11.19-16.39.50:265][  0]LogTargetPlatformManager: Display: Loaded TargetPlatform 'LinuxClient'
[2020.11.19-16.39.50:274][  0]LogTargetPlatformManager: Display: Loaded TargetPlatform 'LinuxServer'
[2020.11.19-16.39.50:287][  0]LogTargetPlatformManager: Display: Loaded TargetPlatform 'LinuxAArch64NoEditor'
[2020.11.19-16.39.50:298][  0]LogTargetPlatformManager: Display: Loaded TargetPlatform 'LinuxAArch64Client'
[2020.11.19-16.39.50:308][  0]LogTargetPlatformManager: Display: Loaded TargetPlatform 'LinuxAArch64Server'
[2020.11.19-16.39.50:331][  0]LogTargetPlatformManager: Display: Loaded TargetPlatform 'Lumin'
[2020.11.19-16.39.50:331][  0]LogTargetPlatformManager: Display: Loaded TargetPlatform 'LuminClient'
[2020.11.19-16.39.50:346][  0]LogTargetPlatformManager: Display: Loaded TargetPlatform 'TVOSClient'
[2020.11.19-16.39.50:346][  0]LogTargetPlatformManager: Display: Loaded TargetPlatform 'TVOS'
[2020.11.19-16.39.50:355][  0]LogTargetPlatformManager: Display: Loaded TargetPlatform 'WindowsNoEditor'
[2020.11.19-16.39.50:365][  0]LogTargetPlatformManager: Display: Loaded TargetPlatform 'Windows'
[2020.11.19-16.39.50:375][  0]LogTargetPlatformManager: Display: Loaded TargetPlatform 'WindowsClient'
[2020.11.19-16.39.50:384][  0]LogTargetPlatformManager: Display: Loaded TargetPlatform 'WindowsServer'
[2020.11.19-16.39.50:384][  0]LogTargetPlatformManager: Display: Building Assets For Windows
[2020.11.19-16.39.50:399][  0]LogAudioDebug: Display: Lib vorbis DLL was dynamically loaded.
[2020.11.19-16.39.50:486][  0]LogShaderCompilers: Guid format shader working directory is -5 characters bigger than the processId version (../../../../../MGProject/trunk/Sample/1119/Project/Intermediate/Shaders/WorkingDirectory/4824/).
[2020.11.19-16.39.50:486][  0]LogShaderCompilers: Cleaned the shader compiler working directory 'C:/Users/Home/AppData/Local/Temp/UnrealShaderWorkingDir/8A482E7F473F4958D6555C9EF3896EB5/'.
[2020.11.19-16.39.50:487][  0]LogXGEController: Cleaning working directory: C:/Users/Home/AppData/Local/Temp/UnrealXGEWorkingDir/
[2020.11.19-16.39.50:487][  0]LogXGEController: Cannot use XGE Controller as Incredibuild is not installed on this machine.
[2020.11.19-16.39.50:487][  0]LogShaderCompilers: Cannot use XGE Shader Compiler as Incredibuild is not installed on this machine.
[2020.11.19-16.39.50:487][  0]LogShaderCompilers: Display: Using Local Shader Compiler.
[2020.11.19-16.39.51:152][  0]LogDerivedDataCache: Display: Max Cache Size: 512 MB
[2020.11.19-16.39.51:202][  0]LogDerivedDataCache: Loaded boot cache 0.05s 79MB C:/Users/Home/AppData/Local/UnrealEngine/4.25/DerivedDataCache/Boot.ddc.
[2020.11.19-16.39.51:202][  0]LogDerivedDataCache: Display: Loaded Boot cache: C:/Users/Home/AppData/Local/UnrealEngine/4.25/DerivedDataCache/Boot.ddc
[2020.11.19-16.39.51:202][  0]LogDerivedDataCache: FDerivedDataBackendGraph:  Pak pak cache file ../../../../../MGProject/trunk/Sample/1119/Project/DerivedDataCache/DDC.ddp not found, will not use a pak cache.
[2020.11.19-16.39.51:202][  0]LogDerivedDataCache: Unable to find inner node Pak for hierarchical cache Hierarchy.
[2020.11.19-16.39.51:202][  0]LogDerivedDataCache: FDerivedDataBackendGraph:  CompressedPak pak cache file ../../../../../MGProject/trunk/Sample/1119/Project/DerivedDataCache/Compressed.ddp not found, will not use a pak cache.
[2020.11.19-16.39.51:202][  0]LogDerivedDataCache: Unable to find inner node CompressedPak for hierarchical cache Hierarchy.
[2020.11.19-16.39.51:211][  0]LogDerivedDataCache: Display: Pak cache opened for reading ../../../Engine/DerivedDataCache/Compressed.ddp.
[2020.11.19-16.39.51:212][  0]LogDerivedDataCache: FDerivedDataBackendGraph:  EnterprisePak pak cache file ../../../Enterprise/DerivedDataCache/Compressed.ddp not found, will not use a pak cache.
[2020.11.19-16.39.51:212][  0]LogDerivedDataCache: Unable to find inner node EnterprisePak for hierarchical cache Hierarchy.
[2020.11.19-16.39.51:214][  0]LogDerivedDataCache: Using Local data cache path C:/Users/Home/AppData/Local/UnrealEngine/Common/DerivedDataCache: Writable
[2020.11.19-16.39.51:214][  0]LogDerivedDataCache: Shared data cache path not found in *engine.ini, will not use an Shared cache.
[2020.11.19-16.39.51:214][  0]LogDerivedDataCache: Unable to find inner node Shared for hierarchical cache Hierarchy.
[2020.11.19-16.39.51:260][  0]LogSlate: Using FreeType 2.10.0
[2020.11.19-16.39.51:260][  0]LogSlate: SlateFontServices - WITH_FREETYPE: 1, WITH_HARFBUZZ: 1
[2020.11.19-16.39.51:287][  0]LogAssetRegistry: FAssetRegistry took 0.0045 seconds to start up
[2020.11.19-16.39.51:509][  0]LogInit: Selected Device Profile: [Windows]
[2020.11.19-16.39.51:627][  0]LogMeshReduction: Using QuadricMeshReduction for automatic static mesh reduction
[2020.11.19-16.39.51:627][  0]LogMeshReduction: Using SimplygonMeshReduction for automatic skeletal mesh reduction
[2020.11.19-16.39.51:627][  0]LogMeshReduction: Using ProxyLODMeshReduction for automatic mesh merging
[2020.11.19-16.39.51:627][  0]LogMeshReduction: No distributed automatic mesh merging module available
[2020.11.19-16.39.51:627][  0]LogMeshMerging: No distributed automatic mesh merging module available
[2020.11.19-16.39.51:643][  0]LogNetVersion: MyProject 1.0.0, NetCL: 13144385, EngineNetVer: 14, GameNetVer: 0 (Checksum: 709303259)
[2020.11.19-16.39.52:053][  0]LogAISub: UAISubsystem::UAISubsystem AISubsystem (0000016863F99580), frame # 0
[2020.11.19-16.39.52:053][  0]LogAISub: UAISubsystem::UAISubsystem AIPerceptionSystem (0000016863EC7C40), frame # 0
[2020.11.19-16.39.52:054][  0]LogAISub: UAISubsystem::UAISubsystem EnvQueryManager (0000016863F39E00), frame # 0
[2020.11.19-16.39.52:115][  0]LogPackageLocalizationCache: Processed 19 localized package path(s) for 1 prioritized culture(s) in 0.055252 seconds
[2020.11.19-16.39.52:119][  0]LogUObjectArray: 15917 objects as part of root set at end of initial load.
[2020.11.19-16.39.52:120][  0]LogUObjectAllocator: 3965568 out of 0 bytes used by permanent object pool.
[2020.11.19-16.39.52:120][  0]LogUObjectArray: CloseDisregardForGC: 0/0 objects in disregard for GC pool
[2020.11.19-16.39.52:533][  0]LogTcpMessaging: Initializing TcpMessaging bridge
[2020.11.19-16.39.52:540][  0]LogUdpMessaging: Initializing bridge on interface 0.0.0.0:0 to multicast group 230.0.0.1:6666.
[2020.11.19-16.39.52:763][  0]SourceControl: 소스 컨트롤이 꺼졌습니다.
[2020.11.19-16.39.52:763][  0]SourceControl: 소스 컨트롤이 꺼졌습니다.
[2020.11.19-16.39.52:768][  0]SourceControl: 소스 컨트롤이 꺼졌습니다.
[2020.11.19-16.39.52:773][  0]SourceControl: 소스 컨트롤이 꺼졌습니다.
[2020.11.19-16.39.52:784][  0]SourceControl: 소스 컨트롤이 꺼졌습니다.
[2020.11.19-16.39.53:088][  0]LogAndroidPermission: UAndroidPermissionCallbackProxy::GetInstance
[2020.11.19-16.39.53:116][  0]LogAudioCaptureCore: Display: No Audio Capture implementations found. Audio input will be silent.
[2020.11.19-16.39.53:116][  0]LogAudioCaptureCore: Display: No Audio Capture implementations found. Audio input will be silent.
[2020.11.19-16.39.53:174][  0]LogOcInput: OculusInput pre-init called
[2020.11.19-16.39.53:188][  0]LogWindows: Failed to load 'OVRPlugin.dll' (GetLastError=126)
[2020.11.19-16.39.53:188][  0]LogWindows: File 'OVRPlugin.dll' does not exist
[2020.11.19-16.39.53:253][  0]LogEngine: Initializing Engine...
[2020.11.19-16.39.53:254][  0]LogHMD: Failed to initialize OpenVR with code 110
[2020.11.19-16.39.53:254][  0]LogMagicLeap: Warning: VR disabled because ZI is not enabled.  To enable, in the editor, Edit -> Project Settings -> Plugins -> Magic Leap Plugin -> Enable Zero Iteration
[2020.11.19-16.39.53:255][  0]LogStats: UGameplayTagsManager::InitializeManager -  0.000 s
[2020.11.19-16.39.53:355][  0]LogInit: Initializing FReadOnlyCVARCache
[2020.11.19-16.39.53:363][  0]LogAIModule: Creating AISystem for world Untitled
[2020.11.19-16.39.53:363][  0]LogAISub: UAISubsystem::UAISubsystem EnvQueryManager (000001686A541E00), frame # 0
[2020.11.19-16.39.53:364][  0]LogAISub: UAISubsystem::UAISubsystem AIPerceptionSystem (000001686A590B80), frame # 0
[2020.11.19-16.39.53:387][  0]LogAudioMixer: Display: Audio Mixer Platform Settings:
[2020.11.19-16.39.53:387][  0]LogAudioMixer: Display: 	Sample Rate:						  48000
[2020.11.19-16.39.53:387][  0]LogAudioMixer: Display: 	Callback Buffer Frame Size Requested: 1024
[2020.11.19-16.39.53:387][  0]LogAudioMixer: Display: 	Callback Buffer Frame Size To Use:	  1024
[2020.11.19-16.39.53:387][  0]LogAudioMixer: Display: 	Number of buffers to queue:			  2
[2020.11.19-16.39.53:388][  0]LogAudioMixer: Display: 	Max Channels (voices):				  32
[2020.11.19-16.39.53:388][  0]LogAudioMixer: Display: 	Number of Async Source Workers:		  0
[2020.11.19-16.39.53:388][  0]LogAudio: Display: AudioDevice MaxSources: 32
[2020.11.19-16.39.53:388][  0]LogAudio: Display: Using built-in audio occlusion.
[2020.11.19-16.39.53:388][  0]LogAudioMixer: Display: Initializing audio mixer.
[2020.11.19-16.39.53:406][  0]LogAudioMixer: Display: 0: FrontLeft
[2020.11.19-16.39.53:407][  0]LogAudioMixer: Display: 1: FrontRight
[2020.11.19-16.39.53:467][  0]LogAudioMixer: Display: Using Audio Device 스피커(Realtek(R) Audio)
[2020.11.19-16.39.53:470][  0]LogAudioMixer: Display: Initializing Sound Submixes...
[2020.11.19-16.39.53:472][  0]LogAudioMixer: Display: Creating Master Submix 'MasterSubmixDefault'
[2020.11.19-16.39.53:472][  0]LogAudioMixer: Display: Creating Master Submix 'MasterReverbSubmixDefault'
[2020.11.19-16.39.53:473][  0]LogAudioMixer: Display: Creating Master Submix 'MasterEQSubmixDefault'
[2020.11.19-16.39.53:475][  0]LogInit: FAudioDevice initialized.
[2020.11.19-16.39.53:475][  0]LogNetVersion: Set ProjectVersion to 1.0.0.0. Version Checksum will be recalculated on next use.
[2020.11.19-16.39.53:555][  0]LogDerivedDataCache: Saved boot cache 0.08s 79MB C:/Users/Home/AppData/Local/UnrealEngine/4.25/DerivedDataCache/Boot.ddc.
[2020.11.19-16.39.53:559][  0]LogInit: Texture streaming: Enabled
[2020.11.19-16.39.53:583][  0]LogEngineSessionManager: EngineSessionManager initialized
[2020.11.19-16.39.53:584][  0]LogEngineSessionManager: EngineSessionManager sent abnormal shutdown report. Type=Debugger, SessionId={1CA79E29-4362-E199-62C7-918DC4E07914}
[2020.11.19-16.39.53:584][  0]LogEngineSessionManager: EngineSessionManager sent abnormal shutdown report. Type=Debugger, SessionId={716D0C17-43EC-E4DC-2265-4395DEDE64EE}
[2020.11.19-16.39.53:584][  0]LogEngineSessionManager: EngineSessionManager sent abnormal shutdown report. Type=Debugger, SessionId={DAA7EA42-4C4D-0E8A-ADC7-11A7642DF92D}
[2020.11.19-16.39.53:584][  0]LogEditorSessionSummary: Verbose: Initializing EditorSessionSummaryWriter for editor session tracking
[2020.11.19-16.39.53:585][  0]LogEditorSessionSummary: EditorSessionSummaryWriter initialized
[2020.11.19-16.39.53:637][  0]LogInit: Transaction tracking system initialized
[2020.11.19-16.39.53:665][  0]BlueprintLog: New page: 에디터 로드
[2020.11.19-16.39.53:756][  0]LocalizationService: 현지화 서비스가 비활성화되었습니다.
[2020.11.19-16.39.53:915][  0]LogCook: Display: Max memory allowance for cook 16384mb min free memory 0mb
[2020.11.19-16.39.53:915][  0]LogCook: Display: Mobile HDR setting 1
[2020.11.19-16.39.54:087][  0]LogFileCache: Scanning file cache for directory 'E:/MGProject/trunk/Sample/1119/Project/Content/' took 0.00s
[2020.11.19-16.39.54:313][  0]SourceControl: 소스 컨트롤이 꺼졌습니다.
[2020.11.19-16.39.54:314][  0]LogUnrealEdMisc: Loading editor; pre map load, took 6.558
[2020.11.19-16.39.54:314][  0]Cmd: MAP LOAD FILE="../../../../../MGProject/trunk/Sample/1119/Project/Content/Map/Login.umap" TEMPLATE=0 SHOWPROGRESS=1 FEATURELEVEL=3
[2020.11.19-16.39.54:314][  0]LightingResults: New page: 라이팅 빌드
[2020.11.19-16.39.54:315][  0]LogWorld: UWorld::CleanupWorld for Untitled, bSessionEnded=true, bCleanupResources=true
[2020.11.19-16.39.54:315][  0]LogSlate: InvalidateAllWidgets triggered.  All widgets were invalidated
[2020.11.19-16.39.54:315][  0]MapCheck: New page: 맵 체크
[2020.11.19-16.39.54:315][  0]LightingResults: New page: 라이팅 빌드
[2020.11.19-16.39.54:324][  0]LogAISub: UAISubsystem::~UAISubsystem EnvQueryManager (000001686A541E00), frame # 0
[2020.11.19-16.39.54:324][  0]LogAISub: UAISubsystem::~UAISubsystem AIPerceptionSystem (000001686A590B80), frame # 0
[2020.11.19-16.39.54:324][  0]LogUObjectHash: Compacting FUObjectHashTables data took   0.65ms
[2020.11.19-16.39.54:327][  0]LogAIModule: Creating AISystem for world Login
[2020.11.19-16.39.54:327][  0]LogAISub: UAISubsystem::UAISubsystem EnvQueryManager (000001686B1D4E00), frame # 0
[2020.11.19-16.39.54:328][  0]LogAISub: UAISubsystem::UAISubsystem AIPerceptionSystem (00000168642A7B00), frame # 0
[2020.11.19-16.39.54:328][  0]LogEditorServer: Finished looking for orphan Actors (0.000 secs)
[2020.11.19-16.39.54:338][  0]LogUObjectHash: Compacting FUObjectHashTables data took   0.72ms
[2020.11.19-16.39.54:338][  0]Cmd: MAP CHECKDEP NOCLEARLOG
[2020.11.19-16.39.54:338][  0]MapCheck: 맵 체크 완료: 오류 0 회, 경고 0 회, 소요 시간 0.094ms.
[2020.11.19-16.39.54:338][  0]LogFileHelpers: Loading map 'Login' took 0.025
[2020.11.19-16.39.54:340][  0]LogUnrealEdMisc: Total Editor Startup Time, took 6.586
[2020.11.19-16.39.54:470][  0]LogSlate: Updating window title bar state: overlay mode, drag disabled, window buttons hidden, title bar hidden
[2020.11.19-16.39.54:476][  0]LogSlate: Updating window title bar state: overlay mode, drag disabled, window buttons hidden, title bar hidden
[2020.11.19-16.39.54:482][  0]LogSlate: Updating window title bar state: overlay mode, drag disabled, window buttons hidden, title bar hidden
[2020.11.19-16.39.54:488][  0]LogSlate: Updating window title bar state: overlay mode, drag disabled, window buttons hidden, title bar hidden
[2020.11.19-16.39.54:496][  0]LogCollectionManager: Loaded 0 collections in 0.001090 seconds
[2020.11.19-16.39.54:517][  0]LogFileCache: Scanning file cache for directory 'E:/MGProject/trunk/Sample/1119/Project/Saved/Collections/' took 0.00s
[2020.11.19-16.39.54:517][  0]LogFileCache: Scanning file cache for directory 'E:/MGProject/trunk/Sample/1119/Project/Content/Developers/Home/Collections/' took 0.00s
[2020.11.19-16.39.54:517][  0]LogFileCache: Scanning file cache for directory 'E:/MGProject/trunk/Sample/1119/Project/Content/Collections/' took 0.00s
[2020.11.19-16.39.54:517][  0]LogContentBrowser: Native class hierarchy populated in 0.0083 seconds. Added 3434 classes and 823 folders.
[2020.11.19-16.39.54:520][  0]LogContentBrowser: Native class hierarchy updated for 'WidgetCarousel' in 0.0003 seconds. Added 0 classes and 0 folders.
[2020.11.19-16.39.54:564][  0]LogContentBrowser: Native class hierarchy updated for 'AddContentDialog' in 0.0003 seconds. Added 0 classes and 0 folders.
[2020.11.19-16.39.54:565][  0]LogContentBrowser: Native class hierarchy updated for 'SceneOutliner' in 0.0003 seconds. Added 2 classes and 0 folders.
[2020.11.19-16.39.54:940][  0]LogSlate: Took 0.000193 seconds to synchronously load lazily loaded font '../../../Engine/Content/Slate/Fonts/Roboto-Regular.ttf' (155K)
[2020.11.19-16.39.54:943][  0]LogSlate: Took 0.001794 seconds to synchronously load lazily loaded font '../../../Engine/Content/Editor/Slate/Fonts/NanumGothic.ttf' (4243K)
[2020.11.19-16.39.54:947][  0]LogSlate: Took 0.001488 seconds to synchronously load lazily loaded font '../../../Engine/Content/Editor/Slate/Fonts/NanumGothicBold.ttf' (4188K)
[2020.11.19-16.39.54:947][  0]LogSlate: Took 0.000137 seconds to synchronously load lazily loaded font '../../../Engine/Content/Slate/Fonts/Roboto-Bold.ttf' (160K)
[2020.11.19-16.39.54:949][  0]LogSlate: Took 0.000131 seconds to synchronously load lazily loaded font '../../../Engine/Content/Editor/Slate/Fonts/FontAwesome.ttf' (139K)
[2020.11.19-16.39.55:007][  0]LogRenderer: Reallocating scene render targets to support 1240x768 Format 10 NumSamples 1 (Frame:1).
[2020.11.19-16.39.55:089][  0]LogContentBrowser: Native class hierarchy updated for 'HierarchicalLODOutliner' in 0.0003 seconds. Added 0 classes and 0 folders.
[2020.11.19-16.39.55:089][  0]LogLoad: (Engine Initialization) Total time: 7.33 seconds
[2020.11.19-16.39.55:089][  0]LogLoad: (Engine Initialization) Total Blueprint compile time: 0.00 seconds
[2020.11.19-16.39.55:143][  0]LogAssetRegistry: Asset discovery search completed in 3.8585 seconds
[2020.11.19-16.39.55:146][  0]LogCollectionManager: Fixed up redirectors for 0 collections in 0.000002 seconds (updated 0 objects)
[2020.11.19-16.39.55:147][  0]LogContentStreaming: Texture pool size now 1000 MB
[2020.11.19-16.39.55:169][  0]LogSlate: Took 0.000139 seconds to synchronously load lazily loaded font '../../../Engine/Content/Slate/Fonts/Roboto-Light.ttf' (167K)
[2020.11.19-16.39.58:087][346]LogTemp: Repeating last play command: 선택된 뷰포트
[2020.11.19-16.39.58:104][346]LogPlayLevel: PlayLevel: No blueprints needed recompiling
[2020.11.19-16.39.58:104][346]PIE: New page: PIE 세션: Login (2020. 11. 20. 오전 10:39:58)
[2020.11.19-16.39.58:106][346]LogOnline: OSS: Creating online subsystem instance for: NULL
[2020.11.19-16.39.58:108][346]LogOnline: OSS: TryLoadSubsystemAndSetDefault: Loaded subsystem for module [NULL]
[2020.11.19-16.39.58:108][346]LogPlayLevel: Creating play world package: /Game/Map/UEDPIE_0_Login
[2020.11.19-16.39.58:109][346]LogPlayLevel: PIE: StaticDuplicateObject took: (0.000545s)
[2020.11.19-16.39.58:110][346]LogAIModule: Creating AISystem for world Login
[2020.11.19-16.39.58:110][346]LogAISub: UAISubsystem::UAISubsystem EnvQueryManager (0000016819747E00), frame # 346
[2020.11.19-16.39.58:110][346]LogAISub: UAISubsystem::UAISubsystem AIPerceptionSystem (0000016868BEF240), frame # 346
[2020.11.19-16.39.58:110][346]LogPlayLevel: PIE: World Init took: (0.001127s)
[2020.11.19-16.39.58:110][346]LogPlayLevel: PIE: Created PIE world by copying editor world from /Game/Map/Login.Login to /Game/Map/UEDPIE_0_Login.Login (0.001959s)
[2020.11.19-16.39.58:117][346]LogUObjectHash: Compacting FUObjectHashTables data took   0.47ms
[2020.11.19-16.39.58:122][346]LogAudioMixer: Display: Audio Mixer Platform Settings:
[2020.11.19-16.39.58:122][346]LogAudioMixer: Display: 	Sample Rate:						  48000
[2020.11.19-16.39.58:122][346]LogAudioMixer: Display: 	Callback Buffer Frame Size Requested: 1024
[2020.11.19-16.39.58:122][346]LogAudioMixer: Display: 	Callback Buffer Frame Size To Use:	  1024
[2020.11.19-16.39.58:122][346]LogAudioMixer: Display: 	Number of buffers to queue:			  2
[2020.11.19-16.39.58:122][346]LogAudioMixer: Display: 	Max Channels (voices):				  32
[2020.11.19-16.39.58:122][346]LogAudioMixer: Display: 	Number of Async Source Workers:		  0
[2020.11.19-16.39.58:122][346]LogAudio: Display: AudioDevice MaxSources: 32
[2020.11.19-16.39.58:123][346]LogAudio: Display: Using built-in audio occlusion.
[2020.11.19-16.39.58:123][346]LogAudioMixer: Display: Initializing audio mixer.
[2020.11.19-16.39.58:128][346]LogAudioMixer: Display: 0: FrontLeft
[2020.11.19-16.39.58:128][346]LogAudioMixer: Display: 1: FrontRight
[2020.11.19-16.39.58:166][346]LogAudioMixer: Display: Using Audio Device 스피커(Realtek(R) Audio)
[2020.11.19-16.39.58:166][346]LogAudioMixer: Display: Initializing Sound Submixes...
[2020.11.19-16.39.58:166][346]LogAudioMixer: Display: Creating Master Submix 'MasterSubmixDefault'
[2020.11.19-16.39.58:166][346]LogAudioMixer: Display: Creating Master Submix 'MasterReverbSubmixDefault'
[2020.11.19-16.39.58:166][346]LogAudioMixer: Display: Creating Master Submix 'MasterEQSubmixDefault'
[2020.11.19-16.39.58:180][346]LogInit: FAudioDevice initialized.
[2020.11.19-16.39.58:195][346]LogLoad: Game class is 'GameMode_Login'
[2020.11.19-16.39.58:196][346]LogWorld: Bringing World /Game/Map/UEDPIE_0_Login.Login up for play (max tick rate 0) at 2020.11.20-01.39.58
[2020.11.19-16.39.58:196][346]LogGameMode: Warning: No GameStateClass was specified in GameMode_Login_0 (GameMode_Login)
[2020.11.19-16.39.58:196][346]LogWorld: Bringing up level for play took: 0.000472
[2020.11.19-16.39.58:197][346]LogOnline: OSS: Creating online subsystem instance for: :Context_2
[2020.11.19-16.39.58:200][346]LogContentBrowser: Native class hierarchy updated for 'MovieSceneCapture' in 0.0004 seconds. Added 20 classes and 0 folders.
[2020.11.19-16.39.58:221][346]LogClass: Login Server connect success!
[2020.11.19-16.39.58:221][346]PIE: 서버가 로그인했습니다.
[2020.11.19-16.39.58:223][346]PIE: 에디터에서 플레이 총 시작 시간 0.119초입니다.
[2020.11.19-16.40.08:252][997]LogClass: success Login!
[2020.11.19-16.40.08:252][997]LogClass: InGame Server connect success!
[2020.11.19-16.40.08:253][997]LogClass: success Send Login Data!
[2020.11.19-16.40.08:254][997]LogNet: Browse: /Game/Map/Ingame
[2020.11.19-16.40.08:254][997]LogLoad: LoadMap: /Game/Map/Ingame
[2020.11.19-16.40.08:254][997]LogWorld: BeginTearingDown for /Game/Map/UEDPIE_0_Login
[2020.11.19-16.40.08:255][997]LogWorld: UWorld::CleanupWorld for Login, bSessionEnded=true, bCleanupResources=true
[2020.11.19-16.40.08:255][997]LogSlate: InvalidateAllWidgets triggered.  All widgets were invalidated
[2020.11.19-16.40.08:310][997]LogAISub: UAISubsystem::~UAISubsystem AIPerceptionSystem (0000016868BEF240), frame # 997
[2020.11.19-16.40.08:311][997]LogAISub: UAISubsystem::~UAISubsystem EnvQueryManager (0000016819747E00), frame # 997
[2020.11.19-16.40.08:312][997]LogUObjectHash: Compacting FUObjectHashTables data took   1.11ms
[2020.11.19-16.40.08:394][997]LogAIModule: Creating AISystem for world Ingame
[2020.11.19-16.40.08:394][997]LogAISub: UAISubsystem::UAISubsystem EnvQueryManager (00000168191CF200), frame # 997
[2020.11.19-16.40.08:394][997]LogAISub: UAISubsystem::UAISubsystem AIPerceptionSystem (00000168191C65C0), frame # 997
[2020.11.19-16.40.08:395][997]LogLoad: Game class is 'MyProjectGameMode'
[2020.11.19-16.40.08:412][997]LogWorld: Bringing World /Game/Map/UEDPIE_0_Ingame.Ingame up for play (max tick rate 0) at 2020.11.20-01.40.08
[2020.11.19-16.40.08:412][997]LogWorld: Bringing up level for play took: 0.016628
[2020.11.19-16.40.08:422][997]LogLoad: Took 0.167212 seconds to LoadMap(/Game/Map/Ingame)
[2020.11.19-16.40.25:158][668]LogTemp: Error: Failed : Character SessionID Constains
[2020.11.19-16.41.00:469][728]LogClass: default!
[2020.11.19-16.41.00:469][728]LogClass: default!
[2020.11.19-16.41.00:469][728]LogClass: default!
[2020.11.19-16.41.00:471][728]LogTemp: Resetting audio stream to device id 
[2020.11.19-16.41.00:529][728]LogAudioMixer: Display: 0: FrontLeft
[2020.11.19-16.41.00:529][728]LogAudioMixer: Display: 1: FrontRight
[2020.11.19-16.41.10:604][259]LogSlate: Updating window title bar state: overlay mode, drag disabled, window buttons hidden, title bar hidden
[2020.11.19-16.41.10:604][259]LogWorld: BeginTearingDown for /Game/Map/UEDPIE_0_Ingame
[2020.11.19-16.41.10:604][259]LogWorld: UWorld::CleanupWorld for Ingame, bSessionEnded=true, bCleanupResources=true
[2020.11.19-16.41.10:605][259]LogSlate: InvalidateAllWidgets triggered.  All widgets were invalidated
[2020.11.19-16.41.10:622][259]LogPlayLevel: Display: Shutting down PIE online subsystems
[2020.11.19-16.41.10:623][259]LogSlate: InvalidateAllWidgets triggered.  All widgets were invalidated
[2020.11.19-16.41.10:631][259]LogSlate: Updating window title bar state: overlay mode, drag disabled, window buttons hidden, title bar hidden
[2020.11.19-16.41.10:666][259]LogAISub: UAISubsystem::~UAISubsystem EnvQueryManager (00000168191CF200), frame # 3259
[2020.11.19-16.41.10:666][259]LogAISub: UAISubsystem::~UAISubsystem AIPerceptionSystem (00000168191C65C0), frame # 3259
[2020.11.19-16.41.10:667][259]LogUObjectHash: Compacting FUObjectHashTables data took   0.67ms
[2020.11.19-16.41.10:690][260]LogPlayLevel: Display: Destroying online subsystem :Context_2
[2020.11.19-16.41.11:369][341]LogTemp: Repeating last play command: 선택된 뷰포트
[2020.11.19-16.41.11:386][341]LogPlayLevel: PlayLevel: No blueprints needed recompiling
[2020.11.19-16.41.11:386][341]PIE: New page: PIE 세션: Login (2020. 11. 20. 오전 10:41:11)
[2020.11.19-16.41.11:386][341]LogPlayLevel: Creating play world package: /Game/Map/UEDPIE_0_Login
[2020.11.19-16.41.11:387][341]LogPlayLevel: PIE: StaticDuplicateObject took: (0.000531s)
[2020.11.19-16.41.11:388][341]LogAIModule: Creating AISystem for world Login
[2020.11.19-16.41.11:388][341]LogAISub: UAISubsystem::UAISubsystem EnvQueryManager (0000016819199800), frame # 3341
[2020.11.19-16.41.11:388][341]LogAISub: UAISubsystem::UAISubsystem AIPerceptionSystem (00000168191AA340), frame # 3341
[2020.11.19-16.41.11:388][341]LogPlayLevel: PIE: World Init took: (0.001205s)
[2020.11.19-16.41.11:388][341]LogPlayLevel: PIE: Created PIE world by copying editor world from /Game/Map/Login.Login to /Game/Map/UEDPIE_0_Login.Login (0.002021s)
[2020.11.19-16.41.11:396][341]LogUObjectHash: Compacting FUObjectHashTables data took   0.46ms
[2020.11.19-16.41.11:397][341]LogAudioMixer: Display: Audio Mixer Platform Settings:
[2020.11.19-16.41.11:397][341]LogAudioMixer: Display: 	Sample Rate:						  48000
[2020.11.19-16.41.11:397][341]LogAudioMixer: Display: 	Callback Buffer Frame Size Requested: 1024
[2020.11.19-16.41.11:398][341]LogAudioMixer: Display: 	Callback Buffer Frame Size To Use:	  1024
[2020.11.19-16.41.11:398][341]LogAudioMixer: Display: 	Number of buffers to queue:			  2
[2020.11.19-16.41.11:398][341]LogAudioMixer: Display: 	Max Channels (voices):				  32
[2020.11.19-16.41.11:398][341]LogAudioMixer: Display: 	Number of Async Source Workers:		  0
[2020.11.19-16.41.11:398][341]LogAudio: Display: AudioDevice MaxSources: 32
[2020.11.19-16.41.11:398][341]LogAudio: Display: Using built-in audio occlusion.
[2020.11.19-16.41.11:399][341]LogAudioMixer: Display: Initializing audio mixer.
[2020.11.19-16.41.11:404][341]LogAudioMixer: Display: 0: FrontLeft
[2020.11.19-16.41.11:404][341]LogAudioMixer: Display: 1: FrontRight
[2020.11.19-16.41.11:442][341]LogAudioMixer: Display: Using Audio Device 스피커(Realtek(R) Audio)
[2020.11.19-16.41.11:442][341]LogAudioMixer: Display: Initializing Sound Submixes...
[2020.11.19-16.41.11:442][341]LogAudioMixer: Display: Creating Master Submix 'MasterSubmixDefault'
[2020.11.19-16.41.11:442][341]LogAudioMixer: Display: Creating Master Submix 'MasterReverbSubmixDefault'
[2020.11.19-16.41.11:443][341]LogAudioMixer: Display: Creating Master Submix 'MasterEQSubmixDefault'
[2020.11.19-16.41.11:461][341]LogInit: FAudioDevice initialized.
[2020.11.19-16.41.11:484][341]LogLoad: Game class is 'GameMode_Login'
[2020.11.19-16.41.11:485][341]LogWorld: Bringing World /Game/Map/UEDPIE_0_Login.Login up for play (max tick rate 0) at 2020.11.20-01.41.11
[2020.11.19-16.41.11:485][341]LogGameMode: Warning: No GameStateClass was specified in GameMode_Login_0 (GameMode_Login)
[2020.11.19-16.41.11:485][341]LogWorld: Bringing up level for play took: 0.000394
[2020.11.19-16.41.11:485][341]LogOnline: OSS: Creating online subsystem instance for: :Context_3
[2020.11.19-16.41.11:493][341]LogClass: Login Server connect success!
[2020.11.19-16.41.11:493][341]PIE: 서버가 로그인했습니다.
[2020.11.19-16.41.11:494][341]PIE: 에디터에서 플레이 총 시작 시간 0.109초입니다.
[2020.11.19-16.41.15:082][771]LogClass: success Login!
[2020.11.19-16.41.15:083][771]LogClass: InGame Server connect success!
[2020.11.19-16.41.15:083][771]LogClass: success Send Login Data!
[2020.11.19-16.41.15:084][771]LogNet: Browse: /Game/Map/Ingame
[2020.11.19-16.41.15:084][771]LogLoad: LoadMap: /Game/Map/Ingame
[2020.11.19-16.41.15:084][771]LogWorld: BeginTearingDown for /Game/Map/UEDPIE_0_Login
[2020.11.19-16.41.15:085][771]LogWorld: UWorld::CleanupWorld for Login, bSessionEnded=true, bCleanupResources=true
[2020.11.19-16.41.15:085][771]LogSlate: InvalidateAllWidgets triggered.  All widgets were invalidated
[2020.11.19-16.41.15:140][771]LogAISub: UAISubsystem::~UAISubsystem AIPerceptionSystem (00000168191AA340), frame # 3771
[2020.11.19-16.41.15:140][771]LogAISub: UAISubsystem::~UAISubsystem EnvQueryManager (0000016819199800), frame # 3771
[2020.11.19-16.41.15:142][771]LogUObjectHash: Compacting FUObjectHashTables data took   1.24ms
[2020.11.19-16.41.15:160][771]LogAIModule: Creating AISystem for world Ingame
[2020.11.19-16.41.15:160][771]LogAISub: UAISubsystem::UAISubsystem EnvQueryManager (00000168195DF600), frame # 3771
[2020.11.19-16.41.15:160][771]LogAISub: UAISubsystem::UAISubsystem AIPerceptionSystem (00000168191A82C0), frame # 3771
[2020.11.19-16.41.15:160][771]LogLoad: Game class is 'MyProjectGameMode'
[2020.11.19-16.41.15:181][771]LogWorld: Bringing World /Game/Map/UEDPIE_0_Ingame.Ingame up for play (max tick rate 0) at 2020.11.20-01.41.15
[2020.11.19-16.41.15:181][771]LogWorld: Bringing up level for play took: 0.020101
[2020.11.19-16.41.15:182][771]LogTemp: Error: Failed : Character SessionID Constains
[2020.11.19-16.41.15:183][771]LogLoad: Took 0.098410 seconds to LoadMap(/Game/Map/Ingame)
[2020.11.19-16.42.23:654][933]LogSlate: Updating window title bar state: overlay mode, drag disabled, window buttons hidden, title bar hidden
[2020.11.19-16.42.23:654][933]LogWorld: BeginTearingDown for /Game/Map/UEDPIE_0_Ingame
[2020.11.19-16.42.23:655][933]LogWorld: UWorld::CleanupWorld for Ingame, bSessionEnded=true, bCleanupResources=true
[2020.11.19-16.42.23:655][933]LogSlate: InvalidateAllWidgets triggered.  All widgets were invalidated
[2020.11.19-16.42.23:683][933]LogPlayLevel: Display: Shutting down PIE online subsystems
[2020.11.19-16.42.23:685][933]LogSlate: InvalidateAllWidgets triggered.  All widgets were invalidated
[2020.11.19-16.42.23:694][933]LogSlate: Updating window title bar state: overlay mode, drag disabled, window buttons hidden, title bar hidden
[2020.11.19-16.42.23:753][933]LogAISub: UAISubsystem::~UAISubsystem AIPerceptionSystem (00000168191A82C0), frame # 4933
[2020.11.19-16.42.23:753][933]LogAISub: UAISubsystem::~UAISubsystem EnvQueryManager (00000168195DF600), frame # 4933
[2020.11.19-16.42.23:754][933]LogUObjectHash: Compacting FUObjectHashTables data took   0.85ms
[2020.11.19-16.42.23:790][934]LogPlayLevel: Display: Destroying online subsystem :Context_3
[2020.11.19-16.42.25:187][ 98]LogTemp: Repeating last play command: 선택된 뷰포트
[2020.11.19-16.42.25:212][ 98]LogPlayLevel: PlayLevel: No blueprints needed recompiling
[2020.11.19-16.42.25:212][ 98]PIE: New page: PIE 세션: Login (2020. 11. 20. 오전 10:42:25)
[2020.11.19-16.42.25:212][ 98]LogPlayLevel: Creating play world package: /Game/Map/UEDPIE_0_Login
[2020.11.19-16.42.25:213][ 98]LogPlayLevel: PIE: StaticDuplicateObject took: (0.000713s)
[2020.11.19-16.42.25:214][ 98]LogAIModule: Creating AISystem for world Login
[2020.11.19-16.42.25:214][ 98]LogAISub: UAISubsystem::UAISubsystem EnvQueryManager (00000168195DE200), frame # 5098
[2020.11.19-16.42.25:214][ 98]LogAISub: UAISubsystem::UAISubsystem AIPerceptionSystem (00000168191C4540), frame # 5098
[2020.11.19-16.42.25:215][ 98]LogPlayLevel: PIE: World Init took: (0.001555s)
[2020.11.19-16.42.25:215][ 98]LogPlayLevel: PIE: Created PIE world by copying editor world from /Game/Map/Login.Login to /Game/Map/UEDPIE_0_Login.Login (0.002572s)
[2020.11.19-16.42.25:223][ 98]LogUObjectHash: Compacting FUObjectHashTables data took   0.65ms
[2020.11.19-16.42.25:224][ 98]LogAudioMixer: Display: Audio Mixer Platform Settings:
[2020.11.19-16.42.25:225][ 98]LogAudioMixer: Display: 	Sample Rate:						  48000
[2020.11.19-16.42.25:225][ 98]LogAudioMixer: Display: 	Callback Buffer Frame Size Requested: 1024
[2020.11.19-16.42.25:225][ 98]LogAudioMixer: Display: 	Callback Buffer Frame Size To Use:	  1024
[2020.11.19-16.42.25:225][ 98]LogAudioMixer: Display: 	Number of buffers to queue:			  2
[2020.11.19-16.42.25:225][ 98]LogAudioMixer: Display: 	Max Channels (voices):				  32
[2020.11.19-16.42.25:225][ 98]LogAudioMixer: Display: 	Number of Async Source Workers:		  0
[2020.11.19-16.42.25:225][ 98]LogAudio: Display: AudioDevice MaxSources: 32
[2020.11.19-16.42.25:226][ 98]LogAudio: Display: Using built-in audio occlusion.
[2020.11.19-16.42.25:226][ 98]LogAudioMixer: Display: Initializing audio mixer.
[2020.11.19-16.42.25:232][ 98]LogAudioMixer: Display: 0: FrontLeft
[2020.11.19-16.42.25:232][ 98]LogAudioMixer: Display: 1: FrontRight
[2020.11.19-16.42.25:291][ 98]LogAudioMixer: Display: Using Audio Device 스피커(Realtek(R) Audio)
[2020.11.19-16.42.25:292][ 98]LogAudioMixer: Display: Initializing Sound Submixes...
[2020.11.19-16.42.25:292][ 98]LogAudioMixer: Display: Creating Master Submix 'MasterSubmixDefault'
[2020.11.19-16.42.25:292][ 98]LogAudioMixer: Display: Creating Master Submix 'MasterReverbSubmixDefault'
[2020.11.19-16.42.25:292][ 98]LogAudioMixer: Display: Creating Master Submix 'MasterEQSubmixDefault'
[2020.11.19-16.42.25:322][ 98]LogInit: FAudioDevice initialized.
[2020.11.19-16.42.25:343][ 98]LogLoad: Game class is 'GameMode_Login'
[2020.11.19-16.42.25:344][ 98]LogWorld: Bringing World /Game/Map/UEDPIE_0_Login.Login up for play (max tick rate 0) at 2020.11.20-01.42.25
[2020.11.19-16.42.25:345][ 98]LogGameMode: Warning: No GameStateClass was specified in GameMode_Login_0 (GameMode_Login)
[2020.11.19-16.42.25:345][ 98]LogWorld: Bringing up level for play took: 0.000646
[2020.11.19-16.42.25:345][ 98]LogOnline: OSS: Creating online subsystem instance for: :Context_4
[2020.11.19-16.42.25:356][ 98]LogClass: Login Server connect success!
[2020.11.19-16.42.25:357][ 98]PIE: 서버가 로그인했습니다.
[2020.11.19-16.42.25:358][ 98]PIE: 에디터에서 플레이 총 시작 시간 0.147초입니다.
[2020.11.19-16.42.30:915][527]LogClass: success Login!
[2020.11.19-16.42.30:915][527]LogClass: InGame Server connect success!
[2020.11.19-16.42.30:916][527]LogClass: success Send Login Data!
[2020.11.19-16.42.30:916][527]LogNet: Browse: /Game/Map/Ingame
[2020.11.19-16.42.30:917][527]LogLoad: LoadMap: /Game/Map/Ingame
[2020.11.19-16.42.30:917][527]LogWorld: BeginTearingDown for /Game/Map/UEDPIE_0_Login
[2020.11.19-16.42.30:917][527]LogWorld: UWorld::CleanupWorld for Login, bSessionEnded=true, bCleanupResources=true
[2020.11.19-16.42.30:917][527]LogSlate: InvalidateAllWidgets triggered.  All widgets were invalidated
[2020.11.19-16.42.30:960][527]LogAISub: UAISubsystem::~UAISubsystem AIPerceptionSystem (00000168191C4540), frame # 5527
[2020.11.19-16.42.30:960][527]LogAISub: UAISubsystem::~UAISubsystem EnvQueryManager (00000168195DE200), frame # 5527
[2020.11.19-16.42.30:961][527]LogUObjectHash: Compacting FUObjectHashTables data took   0.60ms
[2020.11.19-16.42.30:973][527]LogAIModule: Creating AISystem for world Ingame
[2020.11.19-16.42.30:973][527]LogAISub: UAISubsystem::UAISubsystem EnvQueryManager (000001681985A200), frame # 5527
[2020.11.19-16.42.30:973][527]LogAISub: UAISubsystem::UAISubsystem AIPerceptionSystem (00000168191C4540), frame # 5527
[2020.11.19-16.42.30:974][527]LogLoad: Game class is 'MyProjectGameMode'
[2020.11.19-16.42.30:989][527]LogWorld: Bringing World /Game/Map/UEDPIE_0_Ingame.Ingame up for play (max tick rate 0) at 2020.11.20-01.42.30
[2020.11.19-16.42.30:989][527]LogWorld: Bringing up level for play took: 0.014967
[2020.11.19-16.42.30:990][527]LogTemp: Error: Failed : Character SessionID Constains
[2020.11.19-16.42.30:991][527]LogLoad: Took 0.074585 seconds to LoadMap(/Game/Map/Ingame)
[2020.11.19-16.43.12:654][132]LogSlate: Updating window title bar state: overlay mode, drag disabled, window buttons hidden, title bar hidden
[2020.11.19-16.43.12:655][132]LogWorld: BeginTearingDown for /Game/Map/UEDPIE_0_Ingame
[2020.11.19-16.43.12:655][132]LogWorld: UWorld::CleanupWorld for Ingame, bSessionEnded=true, bCleanupResources=true
[2020.11.19-16.43.12:655][132]LogSlate: InvalidateAllWidgets triggered.  All widgets were invalidated
[2020.11.19-16.43.12:685][132]LogPlayLevel: Display: Shutting down PIE online subsystems
[2020.11.19-16.43.12:687][132]LogSlate: InvalidateAllWidgets triggered.  All widgets were invalidated
[2020.11.19-16.43.12:757][132]LogSlate: Updating window title bar state: overlay mode, drag disabled, window buttons hidden, title bar hidden
[2020.11.19-16.43.12:758][132]LogAISub: UAISubsystem::~UAISubsystem AIPerceptionSystem (00000168191C4540), frame # 6132
[2020.11.19-16.43.12:758][132]LogAISub: UAISubsystem::~UAISubsystem EnvQueryManager (000001681985A200), frame # 6132
[2020.11.19-16.43.12:759][132]LogUObjectHash: Compacting FUObjectHashTables data took   0.72ms
[2020.11.19-16.43.12:790][133]LogPlayLevel: Display: Destroying online subsystem :Context_4
[2020.11.19-16.43.14:537][335]LogTemp: Repeating last play command: 선택된 뷰포트
[2020.11.19-16.43.14:562][335]LogPlayLevel: PlayLevel: No blueprints needed recompiling
[2020.11.19-16.43.14:563][335]PIE: New page: PIE 세션: Login (2020. 11. 20. 오전 10:43:14)
[2020.11.19-16.43.14:563][335]LogPlayLevel: Creating play world package: /Game/Map/UEDPIE_0_Login
[2020.11.19-16.43.14:564][335]LogPlayLevel: PIE: StaticDuplicateObject took: (0.000881s)
[2020.11.19-16.43.14:565][335]LogAIModule: Creating AISystem for world Login
[2020.11.19-16.43.14:565][335]LogAISub: UAISubsystem::UAISubsystem EnvQueryManager (0000016819747600), frame # 6335
[2020.11.19-16.43.14:565][335]LogAISub: UAISubsystem::UAISubsystem AIPerceptionSystem (00000168191A91C0), frame # 6335
[2020.11.19-16.43.14:566][335]LogPlayLevel: PIE: World Init took: (0.001605s)
[2020.11.19-16.43.14:566][335]LogPlayLevel: PIE: Created PIE world by copying editor world from /Game/Map/Login.Login to /Game/Map/UEDPIE_0_Login.Login (0.003212s)
[2020.11.19-16.43.14:575][335]LogUObjectHash: Compacting FUObjectHashTables data took   0.89ms
[2020.11.19-16.43.14:577][335]LogAudioMixer: Display: Audio Mixer Platform Settings:
[2020.11.19-16.43.14:578][335]LogAudioMixer: Display: 	Sample Rate:						  48000
[2020.11.19-16.43.14:579][335]LogAudioMixer: Display: 	Callback Buffer Frame Size Requested: 1024
[2020.11.19-16.43.14:579][335]LogAudioMixer: Display: 	Callback Buffer Frame Size To Use:	  1024
[2020.11.19-16.43.14:579][335]LogAudioMixer: Display: 	Number of buffers to queue:			  2
[2020.11.19-16.43.14:580][335]LogAudioMixer: Display: 	Max Channels (voices):				  32
[2020.11.19-16.43.14:580][335]LogAudioMixer: Display: 	Number of Async Source Workers:		  0
[2020.11.19-16.43.14:580][335]LogAudio: Display: AudioDevice MaxSources: 32
[2020.11.19-16.43.14:581][335]LogAudio: Display: Using built-in audio occlusion.
[2020.11.19-16.43.14:581][335]LogAudioMixer: Display: Initializing audio mixer.
[2020.11.19-16.43.14:588][335]LogAudioMixer: Display: 0: FrontLeft
[2020.11.19-16.43.14:589][335]LogAudioMixer: Display: 1: FrontRight
[2020.11.19-16.43.14:644][335]LogAudioMixer: Display: Using Audio Device 스피커(Realtek(R) Audio)
[2020.11.19-16.43.14:645][335]LogAudioMixer: Display: Initializing Sound Submixes...
[2020.11.19-16.43.14:645][335]LogAudioMixer: Display: Creating Master Submix 'MasterSubmixDefault'
[2020.11.19-16.43.14:645][335]LogAudioMixer: Display: Creating Master Submix 'MasterReverbSubmixDefault'
[2020.11.19-16.43.14:645][335]LogAudioMixer: Display: Creating Master Submix 'MasterEQSubmixDefault'
[2020.11.19-16.43.14:672][335]LogInit: FAudioDevice initialized.
[2020.11.19-16.43.14:698][335]LogLoad: Game class is 'GameMode_Login'
[2020.11.19-16.43.14:699][335]LogWorld: Bringing World /Game/Map/UEDPIE_0_Login.Login up for play (max tick rate 0) at 2020.11.20-01.43.14
[2020.11.19-16.43.14:699][335]LogGameMode: Warning: No GameStateClass was specified in GameMode_Login_0 (GameMode_Login)
[2020.11.19-16.43.14:699][335]LogWorld: Bringing up level for play took: 0.000702
[2020.11.19-16.43.14:700][335]LogOnline: OSS: Creating online subsystem instance for: :Context_5
[2020.11.19-16.43.14:710][335]LogClass: Login Server connect success!
[2020.11.19-16.43.14:710][335]PIE: 서버가 로그인했습니다.
[2020.11.19-16.43.14:711][335]PIE: 에디터에서 플레이 총 시작 시간 0.15초입니다.
[2020.11.19-16.43.23:934][930]LogClass: success Login!
[2020.11.19-16.43.23:934][930]LogClass: InGame Server connect success!
[2020.11.19-16.43.23:935][930]LogClass: success Send Login Data!
[2020.11.19-16.43.23:936][930]LogNet: Browse: /Game/Map/Ingame
[2020.11.19-16.43.23:936][930]LogLoad: LoadMap: /Game/Map/Ingame
[2020.11.19-16.43.23:936][930]LogWorld: BeginTearingDown for /Game/Map/UEDPIE_0_Login
[2020.11.19-16.43.23:937][930]LogWorld: UWorld::CleanupWorld for Login, bSessionEnded=true, bCleanupResources=true
[2020.11.19-16.43.23:937][930]LogSlate: InvalidateAllWidgets triggered.  All widgets were invalidated
[2020.11.19-16.43.23:980][930]LogAISub: UAISubsystem::~UAISubsystem AIPerceptionSystem (00000168191A91C0), frame # 6930
[2020.11.19-16.43.23:980][930]LogAISub: UAISubsystem::~UAISubsystem EnvQueryManager (0000016819747600), frame # 6930
[2020.11.19-16.43.23:981][930]LogUObjectHash: Compacting FUObjectHashTables data took   0.67ms
[2020.11.19-16.43.23:993][930]LogAIModule: Creating AISystem for world Ingame
[2020.11.19-16.43.23:993][930]LogAISub: UAISubsystem::UAISubsystem EnvQueryManager (000001680A9C7400), frame # 6930
[2020.11.19-16.43.23:993][930]LogAISub: UAISubsystem::UAISubsystem AIPerceptionSystem (00000168191ABD80), frame # 6930
[2020.11.19-16.43.23:993][930]LogLoad: Game class is 'MyProjectGameMode'
