Log file open, 11/22/20 01:59:07
LogInit: Display: Running engine for game: NProject
LogPlatformFile: Not using cached read wrapper
LogTaskGraph: Started task graph with 5 named threads and 23 total threads with 3 sets of task threads.
LogStats: Stats thread started at 0.231897
LogD3D11RHI: Loaded GFSDK_Aftermath_Lib.x64.dll
LogICUInternationalization: ICU TimeZone Detection - Raw Offset: +9:00, Platform Override: ''
LogPluginManager: Mounting plugin Paper2D
LogPluginManager: Mounting plugin AISupport
LogPluginManager: Mounting plugin LightPropagationVolume
LogPluginManager: Mounting plugin CameraShakePreviewer
LogPluginManager: Mounting plugin ActorLayerUtilities
LogPluginManager: Mounting plugin AnimationSharing
LogPluginManager: Mounting plugin CLionSourceCodeAccess
LogPluginManager: Mounting plugin CodeLiteSourceCodeAccess
LogPluginManager: Mounting plugin GitSourceControl
LogPluginManager: Mounting plugin KDevelopSourceCodeAccess
LogPluginManager: Mounting plugin NullSourceCodeAccess
LogPluginManager: Mounting plugin PerforceSourceControl
LogPluginManager: Mounting plugin PlasticSourceControl
LogPluginManager: Mounting plugin RiderSourceCodeAccess
LogPluginManager: Mounting plugin SubversionSourceControl
LogPluginManager: Mounting plugin UObjectPlugin
LogPluginManager: Mounting plugin VisualStudioCodeSourceCodeAccess
LogPluginManager: Mounting plugin VisualStudioSourceCodeAccess
LogPluginManager: Mounting plugin XCodeSourceCodeAccess
LogPluginManager: Mounting plugin AssetManagerEditor
LogPluginManager: Mounting plugin CryptoKeys
LogPluginManager: Mounting plugin CurveEditorTools
LogPluginManager: Mounting plugin DataValidation
LogPluginManager: Mounting plugin EditorScriptingUtilities
LogPluginManager: Mounting plugin FacialAnimation
LogPluginManager: Mounting plugin GameplayTagsEditor
LogPluginManager: Mounting plugin GeometryMode
LogPluginManager: Mounting plugin MacGraphicsSwitching
LogPluginManager: Mounting plugin MaterialAnalyzer
LogPluginManager: Mounting plugin MobileLauncherProfileWizard
LogPluginManager: Mounting plugin PluginBrowser
LogPluginManager: Mounting plugin SpeedTreeImporter
LogPluginManager: Mounting plugin DatasmithContent
LogPluginManager: Mounting plugin VariantManagerContent
LogPluginManager: Mounting plugin AlembicImporter
LogPluginManager: Mounting plugin AutomationUtils
LogPluginManager: Mounting plugin BackChannel
LogPluginManager: Mounting plugin ChaosCloth
LogPluginManager: Mounting plugin ChaosClothEditor
LogPluginManager: Mounting plugin ChaosEditor
LogPluginManager: Mounting plugin ChaosNiagara
LogPluginManager: Mounting plugin ChaosSolverPlugin
LogPluginManager: Mounting plugin CharacterAI
LogPluginManager: Mounting plugin GeometryCache
LogPluginManager: Mounting plugin GeometryCollectionPlugin
LogPluginManager: Mounting plugin GeometryProcessing
LogPluginManager: Mounting plugin PlanarCut
LogPluginManager: Mounting plugin PlatformCrypto
LogPluginManager: Mounting plugin ProxyLODPlugin
LogPluginManager: Mounting plugin SkeletalReduction
LogPluginManager: Mounting plugin Niagara
LogPluginManager: Mounting plugin MagicLeap
LogPluginManager: Mounting plugin MagicLeapLightEstimation
LogPluginManager: Mounting plugin MagicLeapMedia
LogPluginManager: Mounting plugin MagicLeapPassableWorld
LogPluginManager: Mounting plugin MLSDK
LogPluginManager: Mounting plugin AndroidMedia
LogPluginManager: Mounting plugin AvfMedia
LogPluginManager: Mounting plugin ImgMedia
LogPluginManager: Mounting plugin MediaCompositing
LogPluginManager: Mounting plugin MediaPlayerEditor
LogPluginManager: Mounting plugin WebMMedia
LogPluginManager: Mounting plugin WmfMedia
LogPluginManager: Mounting plugin MeshPainting
LogPluginManager: Mounting plugin TcpMessaging
LogPluginManager: Mounting plugin UdpMessaging
LogPluginManager: Mounting plugin ActorSequence
LogPluginManager: Mounting plugin LevelSequenceEditor
LogPluginManager: Mounting plugin MatineeToLevelSequence
LogPluginManager: Mounting plugin MovieRenderPipeline
LogPluginManager: Mounting plugin TemplateSequence
LogPluginManager: Mounting plugin NetcodeUnitTest
LogPluginManager: Mounting plugin NUTUnrealEngine4
LogPluginManager: Mounting plugin OnlineSubsystemGooglePlay
LogPluginManager: Mounting plugin OnlineSubsystemIOS
LogPluginManager: Mounting plugin OnlineSubsystem
LogPluginManager: Mounting plugin OnlineSubsystemNull
LogPluginManager: Mounting plugin OnlineSubsystemUtils
LogPluginManager: Mounting plugin LauncherChunkInstaller
LogPluginManager: Mounting plugin AndroidDeviceProfileSelector
LogPluginManager: Mounting plugin AndroidMoviePlayer
LogPluginManager: Mounting plugin AndroidPermission
LogPluginManager: Mounting plugin AppleImageUtils
LogPluginManager: Mounting plugin AppleMoviePlayer
LogPluginManager: Mounting plugin ArchVisCharacter
LogPluginManager: Mounting plugin AssetTags
LogPluginManager: Mounting plugin AudioCapture
LogPluginManager: Mounting plugin CableComponent
LogPluginManager: Mounting plugin CustomMeshComponent
LogPluginManager: Mounting plugin EditableMesh
LogPluginManager: Mounting plugin ExampleDeviceProfileSelector
LogPluginManager: Mounting plugin GoogleCloudMessaging
LogPluginManager: Mounting plugin GooglePAD
LogPluginManager: Mounting plugin IOSDeviceProfileSelector
LogPluginManager: Mounting plugin LinuxDeviceProfileSelector
LogPluginManager: Mounting plugin LocationServicesBPLibrary
LogPluginManager: Mounting plugin MobilePatchingUtils
LogPluginManager: Mounting plugin OculusVR
LogPluginManager: Mounting plugin PhysXVehicles
LogPluginManager: Mounting plugin PostSplashScreen
LogPluginManager: Mounting plugin ProceduralMeshComponent
LogPluginManager: Mounting plugin RuntimePhysXCooking
LogPluginManager: Mounting plugin SignificanceManager
LogPluginManager: Mounting plugin SoundFields
LogPluginManager: Mounting plugin SteamVR
LogPluginManager: Mounting plugin Synthesis
LogPluginManager: Mounting plugin WebMMoviePlayer
LogPluginManager: Mounting plugin WindowsMoviePlayer
LogPluginManager: Mounting plugin ScreenshotTools
LogInit: Using libcurl 7.55.1-DEV
LogInit:  - built for x86_64-pc-win32
LogInit:  - supports SSL with OpenSSL/1.1.1
LogInit:  - supports HTTP deflate (compression) using libz 1.2.8
LogInit:  - other features:
LogInit:      CURL_VERSION_SSL
LogInit:      CURL_VERSION_LIBZ
LogInit:      CURL_VERSION_IPV6
LogInit:      CURL_VERSION_ASYNCHDNS
LogInit:      CURL_VERSION_LARGEFILE
LogInit:      CURL_VERSION_IDN
LogInit:  CurlRequestOptions (configurable via config and command line):
LogInit:  - bVerifyPeer = true  - Libcurl will verify peer certificate
LogInit:  - bUseHttpProxy = false  - Libcurl will NOT use HTTP proxy
LogInit:  - bDontReuseConnections = false  - Libcurl will reuse connections
LogInit:  - MaxHostConnections = 16  - Libcurl will limit the number of connections to a host
LogInit:  - LocalHostAddr = Default
LogInit:  - BufferSize = 65536
LogOnline: OSS: Creating online subsystem instance for: NULL
LogInit: WinSock: version 1.1 (2.2), MaxSocks=32767, MaxUdp=65467
LogOnline: OSS: TryLoadSubsystemAndSetDefault: Loaded subsystem for module [NULL]
LogInit: Build: ++UE4+Release-4.25-CL-13942748
LogInit: Engine Version: 4.25.3-13942748+++UE4+Release-4.25
LogInit: Compatible Engine Version: 4.25.0-13144385+++UE4+Release-4.25
LogInit: Net CL: 13144385
LogInit: OS: Windows 10 (Release 1909) (), CPU: Intel(R) Core(TM) i7-6700K CPU @ 4.00GHz, GPU: NVIDIA GeForce GTX 1070
LogInit: Compiled (64-bit): Jul 25 2020 02:07:48
LogInit: Compiled with Visual C++: 19.24.28315.00
LogInit: Build Configuration: Development
LogInit: Branch Name: ++UE4+Release-4.25
LogInit: Command Line:  -game
LogInit: Base Directory: e:/UnrealEngine/UE_4.25/Engine/Binaries/Win64/
LogInit: Allocator: TBB
LogInit: Installed Engine Build: 1
LogDevObjectVersion: Number of dev versions registered: 26
LogDevObjectVersion:   Dev-Blueprints (B0D832E4-1F89-4F0D-ACCF-7EB736FD4AA2): 10
LogDevObjectVersion:   Dev-Build (E1C64328-A22C-4D53-A36C-8E866417BD8C): 0
LogDevObjectVersion:   Dev-Core (375EC13C-06E4-48FB-B500-84F0262A717E): 4
LogDevObjectVersion:   Dev-Editor (E4B068ED-F494-42E9-A231-DA0B2E46BB41): 38
LogDevObjectVersion:   Dev-Framework (CFFC743F-43B0-4480-9391-14DF171D2073): 37
LogDevObjectVersion:   Dev-Mobile (B02B49B5-BB20-44E9-A304-32B752E40360): 2
LogDevObjectVersion:   Dev-Networking (A4E4105C-59A1-49B5-A7C5-40C4547EDFEE): 0
LogDevObjectVersion:   Dev-Online (39C831C9-5AE6-47DC-9A44-9C173E1C8E7C): 0
LogDevObjectVersion:   Dev-Physics (78F01B33-EBEA-4F98-B9B4-84EACCB95AA2): 4
LogDevObjectVersion:   Dev-Platform (6631380F-2D4D-43E0-8009-CF276956A95A): 0
LogDevObjectVersion:   Dev-Rendering (12F88B9F-8875-4AFC-A67C-D90C383ABD29): 43
LogDevObjectVersion:   Dev-Sequencer (7B5AE74C-D270-4C10-A958-57980B212A5A): 12
LogDevObjectVersion:   Dev-VR (D7296918-1DD6-4BDD-9DE2-64A83CC13884): 3
LogDevObjectVersion:   Dev-LoadTimes (C2A15278-BFE7-4AFE-6C17-90FF531DF755): 1
LogDevObjectVersion:   Private-Geometry (6EACA3D4-40EC-4CC1-B786-8BED09428FC5): 3
LogDevObjectVersion:   Dev-AnimPhys (29E575DD-E0A3-4627-9D10-D276232CDCEA): 17
LogDevObjectVersion:   Dev-Anim (AF43A65D-7FD3-4947-9873-3E8ED9C1BB05): 7
LogDevObjectVersion:   Dev-ReflectionCapture (6B266CEC-1EC7-4B8F-A30B-E4D90942FC07): 1
LogDevObjectVersion:   Dev-Automation (0DF73D61-A23F-47EA-B727-89E90C41499A): 1
LogDevObjectVersion:   FortniteMain (601D1886-AC64-4F84-AA16-D3DE0DEAC7D6): 31
LogDevObjectVersion:   Dev-Enterprise (9DFFBCD6-494F-0158-E221-12823C92A888): 10
LogDevObjectVersion:   Dev-Niagara (F2AED0AC-9AFE-416F-8664-AA7FFA26D6FC): 1
LogDevObjectVersion:   Dev-Destruction (174F1F0B-B4C6-45A5-B13F-2EE8D0FB917D): 10
LogDevObjectVersion:   Dev-Physics-Ext (35F94A83-E258-406C-A318-09F59610247C): 37
LogDevObjectVersion:   Dev-PhysicsMaterial-Chaos (B68FC16E-8B1B-42E2-B453-215C058844FE): 1
LogDevObjectVersion:   Dev-CineCamera (B2E18506-4273-CFC2-A54E-F4BB758BBA07): 1
LogInit: Presizing for max 25165824 objects, including 0 objects not considered by GC, pre-allocating 0 bytes for permanent pool.
LogConfig: Applying CVar settings from Section [/Script/Engine.StreamingSettings] File [e:/UnrealProject/Min/NProject/Saved/Config/Windows/Engine.ini]
LogConfig: Setting CVar [[s.MinBulkDataSizeForAsyncLoading:131072]]
LogConfig: Setting CVar [[s.AsyncLoadingThreadEnabled:0]]
LogConfig: Setting CVar [[s.EventDrivenLoaderEnabled:1]]
LogConfig: Setting CVar [[s.WarnIfTimeLimitExceeded:0]]
LogConfig: Setting CVar [[s.TimeLimitExceededMultiplier:1.5]]
LogConfig: Setting CVar [[s.TimeLimitExceededMinTime:0.005]]
LogConfig: Setting CVar [[s.UseBackgroundLevelStreaming:1]]
LogConfig: Setting CVar [[s.PriorityAsyncLoadingExtraTime:15.0]]
LogConfig: Setting CVar [[s.LevelStreamingActorsUpdateTimeLimit:5.0]]
LogConfig: Setting CVar [[s.PriorityLevelStreamingActorsUpdateExtraTime:5.0]]
LogConfig: Setting CVar [[s.LevelStreamingComponentsRegistrationGranularity:10]]
LogConfig: Setting CVar [[s.UnregisterComponentsTimeLimit:1.0]]
LogConfig: Setting CVar [[s.LevelStreamingComponentsUnregistrationGranularity:5]]
LogConfig: Setting CVar [[s.FlushStreamingOnExit:1]]
LogInit: Object subsystem initialized
LogConfig: Setting CVar [[con.DebugEarlyDefault:1]]
LogConfig: Setting CVar [[r.setres:1280x720]]
[2020.11.21-16.59.07:353][  0]LogConfig: Setting CVar [[con.DebugEarlyDefault:1]]
[2020.11.21-16.59.07:353][  0]LogConfig: Setting CVar [[r.setres:1280x720]]
[2020.11.21-16.59.07:353][  0]LogConfig: Applying CVar settings from Section [/Script/Engine.RendererSettings] File [e:/UnrealProject/Min/NProject/Saved/Config/Windows/Engine.ini]
[2020.11.21-16.59.07:353][  0]LogConfig: Setting CVar [[r.GPUCrashDebugging:0]]
[2020.11.21-16.59.07:353][  0]LogConfig: Applying CVar settings from Section [/Script/Engine.RendererOverrideSettings] File [e:/UnrealProject/Min/NProject/Saved/Config/Windows/Engine.ini]
[2020.11.21-16.59.07:353][  0]LogConfig: Applying CVar settings from Section [/Script/Engine.StreamingSettings] File [e:/UnrealProject/Min/NProject/Saved/Config/Windows/Engine.ini]
[2020.11.21-16.59.07:353][  0]LogConfig: Setting CVar [[s.MinBulkDataSizeForAsyncLoading:131072]]
[2020.11.21-16.59.07:353][  0]LogConfig: Setting CVar [[s.AsyncLoadingThreadEnabled:0]]
[2020.11.21-16.59.07:353][  0]LogConfig: Setting CVar [[s.EventDrivenLoaderEnabled:1]]
[2020.11.21-16.59.07:353][  0]LogConfig: Setting CVar [[s.WarnIfTimeLimitExceeded:0]]
[2020.11.21-16.59.07:353][  0]LogConfig: Setting CVar [[s.TimeLimitExceededMultiplier:1.5]]
[2020.11.21-16.59.07:353][  0]LogConfig: Setting CVar [[s.TimeLimitExceededMinTime:0.005]]
[2020.11.21-16.59.07:353][  0]LogConfig: Setting CVar [[s.UseBackgroundLevelStreaming:1]]
[2020.11.21-16.59.07:353][  0]LogConfig: Setting CVar [[s.PriorityAsyncLoadingExtraTime:15.0]]
[2020.11.21-16.59.07:353][  0]LogConfig: Setting CVar [[s.LevelStreamingActorsUpdateTimeLimit:5.0]]
[2020.11.21-16.59.07:353][  0]LogConfig: Setting CVar [[s.PriorityLevelStreamingActorsUpdateExtraTime:5.0]]
[2020.11.21-16.59.07:353][  0]LogConfig: Setting CVar [[s.LevelStreamingComponentsRegistrationGranularity:10]]
[2020.11.21-16.59.07:353][  0]LogConfig: Setting CVar [[s.UnregisterComponentsTimeLimit:1.0]]
[2020.11.21-16.59.07:353][  0]LogConfig: Setting CVar [[s.LevelStreamingComponentsUnregistrationGranularity:5]]
[2020.11.21-16.59.07:353][  0]LogConfig: Setting CVar [[s.FlushStreamingOnExit:1]]
[2020.11.21-16.59.07:353][  0]LogConfig: Applying CVar settings from Section [/Script/Engine.GarbageCollectionSettings] File [e:/UnrealProject/Min/NProject/Saved/Config/Windows/Engine.ini]
[2020.11.21-16.59.07:353][  0]LogConfig: Setting CVar [[gc.MaxObjectsNotConsideredByGC:1]]
[2020.11.21-16.59.07:353][  0]LogConfig: Setting CVar [[gc.SizeOfPermanentObjectPool:0]]
[2020.11.21-16.59.07:353][  0]LogConfig: Setting CVar [[gc.FlushStreamingOnGC:0]]
[2020.11.21-16.59.07:353][  0]LogConfig: Setting CVar [[gc.NumRetriesBeforeForcingGC:10]]
[2020.11.21-16.59.07:353][  0]LogConfig: Setting CVar [[gc.AllowParallelGC:1]]
[2020.11.21-16.59.07:353][  0]LogConfig: Setting CVar [[gc.TimeBetweenPurgingPendingKillObjects:61.1]]
[2020.11.21-16.59.07:353][  0]LogConfig: Setting CVar [[gc.MaxObjectsInEditor:25165824]]
[2020.11.21-16.59.07:353][  0]LogConfig: Setting CVar [[gc.IncrementalBeginDestroyEnabled:1]]
[2020.11.21-16.59.07:353][  0]LogConfig: Setting CVar [[gc.CreateGCClusters:1]]
[2020.11.21-16.59.07:353][  0]LogConfig: Setting CVar [[gc.MinGCClusterSize:5]]
[2020.11.21-16.59.07:353][  0]LogConfig: Setting CVar [[gc.ActorClusteringEnabled:0]]
[2020.11.21-16.59.07:353][  0]LogConfig: Setting CVar [[gc.BlueprintClusteringEnabled:0]]
[2020.11.21-16.59.07:353][  0]LogConfig: Setting CVar [[gc.UseDisregardForGCOnDedicatedServers:0]]
[2020.11.21-16.59.07:353][  0]LogConfig: Applying CVar settings from Section [/Script/Engine.NetworkSettings] File [e:/UnrealProject/Min/NProject/Saved/Config/Windows/Engine.ini]
[2020.11.21-16.59.07:353][  0]LogConfig: Applying CVar settings from Section [/Script/UnrealEd.CookerSettings] File [e:/UnrealProject/Min/NProject/Saved/Config/Windows/Engine.ini]
[2020.11.21-16.59.07:358][  0]LogConfig: Applying CVar settings from Section [ViewDistanceQuality@3] File [e:/UnrealProject/Min/NProject/Saved/Config/Windows/Scalability.ini]
[2020.11.21-16.59.07:358][  0]LogConfig: Setting CVar [[r.SkeletalMeshLODBias:0]]
[2020.11.21-16.59.07:358][  0]LogConfig: Setting CVar [[r.ViewDistanceScale:1.0]]
[2020.11.21-16.59.07:358][  0]LogConfig: Applying CVar settings from Section [AntiAliasingQuality@3] File [e:/UnrealProject/Min/NProject/Saved/Config/Windows/Scalability.ini]
[2020.11.21-16.59.07:358][  0]LogConfig: Setting CVar [[r.PostProcessAAQuality:4]]
[2020.11.21-16.59.07:358][  0]LogConfig: Applying CVar settings from Section [ShadowQuality@3] File [e:/UnrealProject/Min/NProject/Saved/Config/Windows/Scalability.ini]
[2020.11.21-16.59.07:358][  0]LogConfig: Setting CVar [[r.LightFunctionQuality:1]]
[2020.11.21-16.59.07:358][  0]LogConfig: Setting CVar [[r.ShadowQuality:5]]
[2020.11.21-16.59.07:358][  0]LogConfig: Setting CVar [[r.Shadow.CSM.MaxCascades:10]]
[2020.11.21-16.59.07:358][  0]LogConfig: Setting CVar [[r.Shadow.MaxResolution:2048]]
[2020.11.21-16.59.07:358][  0]LogConfig: Setting CVar [[r.Shadow.MaxCSMResolution:2048]]
[2020.11.21-16.59.07:358][  0]LogConfig: Setting CVar [[r.Shadow.RadiusThreshold:0.01]]
[2020.11.21-16.59.07:358][  0]LogConfig: Setting CVar [[r.Shadow.DistanceScale:1.0]]
[2020.11.21-16.59.07:358][  0]LogConfig: Setting CVar [[r.Shadow.CSM.TransitionScale:1.0]]
[2020.11.21-16.59.07:358][  0]LogConfig: Setting CVar [[r.Shadow.PreShadowResolutionFactor:1.0]]
[2020.11.21-16.59.07:358][  0]LogConfig: Setting CVar [[r.DistanceFieldShadowing:1]]
[2020.11.21-16.59.07:358][  0]LogConfig: Setting CVar [[r.DistanceFieldAO:1]]
[2020.11.21-16.59.07:358][  0]LogConfig: Setting CVar [[r.AOQuality:2]]
[2020.11.21-16.59.07:358][  0]LogConfig: Setting CVar [[r.VolumetricFog:1]]
[2020.11.21-16.59.07:358][  0]LogConfig: Setting CVar [[r.VolumetricFog.GridPixelSize:8]]
[2020.11.21-16.59.07:358][  0]LogConfig: Setting CVar [[r.VolumetricFog.GridSizeZ:128]]
[2020.11.21-16.59.07:358][  0]LogConfig: Setting CVar [[r.VolumetricFog.HistoryMissSupersampleCount:4]]
[2020.11.21-16.59.07:358][  0]LogConfig: Setting CVar [[r.LightMaxDrawDistanceScale:1]]
[2020.11.21-16.59.07:358][  0]LogConfig: Setting CVar [[r.CapsuleShadows:1]]
[2020.11.21-16.59.07:358][  0]LogConfig: Applying CVar settings from Section [PostProcessQuality@3] File [e:/UnrealProject/Min/NProject/Saved/Config/Windows/Scalability.ini]
[2020.11.21-16.59.07:358][  0]LogConfig: Setting CVar [[r.MotionBlurQuality:4]]
[2020.11.21-16.59.07:358][  0]LogConfig: Setting CVar [[r.AmbientOcclusionMipLevelFactor:0.4]]
[2020.11.21-16.59.07:358][  0]LogConfig: Setting CVar [[r.AmbientOcclusionMaxQuality:100]]
[2020.11.21-16.59.07:358][  0]LogConfig: Setting CVar [[r.AmbientOcclusionLevels:-1]]
[2020.11.21-16.59.07:358][  0]LogConfig: Setting CVar [[r.AmbientOcclusionRadiusScale:1.0]]
[2020.11.21-16.59.07:358][  0]LogConfig: Setting CVar [[r.DepthOfFieldQuality:2]]
[2020.11.21-16.59.07:358][  0]LogConfig: Setting CVar [[r.RenderTargetPoolMin:400]]
[2020.11.21-16.59.07:358][  0]LogConfig: Setting CVar [[r.LensFlareQuality:2]]
[2020.11.21-16.59.07:358][  0]LogConfig: Setting CVar [[r.SceneColorFringeQuality:1]]
[2020.11.21-16.59.07:358][  0]LogConfig: Setting CVar [[r.EyeAdaptationQuality:2]]
[2020.11.21-16.59.07:358][  0]LogConfig: Setting CVar [[r.BloomQuality:5]]
[2020.11.21-16.59.07:358][  0]LogConfig: Setting CVar [[r.FastBlurThreshold:100]]
[2020.11.21-16.59.07:358][  0]LogConfig: Setting CVar [[r.Upscale.Quality:3]]
[2020.11.21-16.59.07:358][  0]LogConfig: Setting CVar [[r.Tonemapper.GrainQuantization:1]]
[2020.11.21-16.59.07:358][  0]LogConfig: Setting CVar [[r.LightShaftQuality:1]]
[2020.11.21-16.59.07:358][  0]LogConfig: Setting CVar [[r.Filter.SizeScale:1]]
[2020.11.21-16.59.07:358][  0]LogConfig: Setting CVar [[r.Tonemapper.Quality:5]]
[2020.11.21-16.59.07:358][  0]LogConfig: Setting CVar [[r.DOF.Gather.AccumulatorQuality:1        ; higher gathering accumulator quality]]
[2020.11.21-16.59.07:358][  0]LogConfig: Setting CVar [[r.DOF.Gather.PostfilterMethod:1          ; Median3x3 postfilering method]]
[2020.11.21-16.59.07:358][  0]LogConfig: Setting CVar [[r.DOF.Gather.EnableBokehSettings:0       ; no bokeh simulation when gathering]]
[2020.11.21-16.59.07:358][  0]LogConfig: Setting CVar [[r.DOF.Gather.RingCount:4                 ; medium number of samples when gathering]]
[2020.11.21-16.59.07:358][  0]LogConfig: Setting CVar [[r.DOF.Scatter.ForegroundCompositing:1    ; additive foreground scattering]]
[2020.11.21-16.59.07:358][  0]LogConfig: Setting CVar [[r.DOF.Scatter.BackgroundCompositing:2    ; additive background scattering]]
[2020.11.21-16.59.07:358][  0]LogConfig: Setting CVar [[r.DOF.Scatter.EnableBokehSettings:1      ; bokeh simulation when scattering]]
[2020.11.21-16.59.07:358][  0]LogConfig: Setting CVar [[r.DOF.Scatter.MaxSpriteRatio:0.1         ; only a maximum of 10% of scattered bokeh]]
[2020.11.21-16.59.07:358][  0]LogConfig: Setting CVar [[r.DOF.Recombine.Quality:1                ; cheap slight out of focus]]
[2020.11.21-16.59.07:358][  0]LogConfig: Setting CVar [[r.DOF.Recombine.EnableBokehSettings:0    ; no bokeh simulation on slight out of focus]]
[2020.11.21-16.59.07:358][  0]LogConfig: Setting CVar [[r.DOF.TemporalAAQuality:1                ; more stable temporal accumulation]]
[2020.11.21-16.59.07:358][  0]LogConfig: Setting CVar [[r.DOF.Kernel.MaxForegroundRadius:0.025]]
[2020.11.21-16.59.07:358][  0]LogConfig: Setting CVar [[r.DOF.Kernel.MaxBackgroundRadius:0.025]]
[2020.11.21-16.59.07:358][  0]LogConfig: Applying CVar settings from Section [TextureQuality@3] File [e:/UnrealProject/Min/NProject/Saved/Config/Windows/Scalability.ini]
[2020.11.21-16.59.07:358][  0]LogConfig: Setting CVar [[r.Streaming.MipBias:0]]
[2020.11.21-16.59.07:359][  0]LogConfig: Setting CVar [[r.Streaming.AmortizeCPUToGPUCopy:0]]
[2020.11.21-16.59.07:359][  0]LogConfig: Setting CVar [[r.Streaming.MaxNumTexturesToStreamPerFrame:0]]
[2020.11.21-16.59.07:359][  0]LogConfig: Setting CVar [[r.Streaming.Boost:1]]
[2020.11.21-16.59.07:359][  0]LogConfig: Setting CVar [[r.MaxAnisotropy:8]]
[2020.11.21-16.59.07:359][  0]LogConfig: Setting CVar [[r.VT.MaxAnisotropy:8]]
[2020.11.21-16.59.07:359][  0]LogConfig: Setting CVar [[r.Streaming.LimitPoolSizeToVRAM:0]]
[2020.11.21-16.59.07:359][  0]LogConfig: Setting CVar [[r.Streaming.PoolSize:1000]]
[2020.11.21-16.59.07:359][  0]LogConfig: Setting CVar [[r.Streaming.MaxEffectiveScreenSize:0]]
[2020.11.21-16.59.07:359][  0]LogConfig: Applying CVar settings from Section [EffectsQuality@3] File [e:/UnrealProject/Min/NProject/Saved/Config/Windows/Scalability.ini]
[2020.11.21-16.59.07:359][  0]LogConfig: Setting CVar [[r.TranslucencyLightingVolumeDim:64]]
[2020.11.21-16.59.07:359][  0]LogConfig: Setting CVar [[r.RefractionQuality:2]]
[2020.11.21-16.59.07:359][  0]LogConfig: Setting CVar [[r.SSR.Quality:3]]
[2020.11.21-16.59.07:359][  0]LogConfig: Setting CVar [[r.SSR.HalfResSceneColor:0]]
[2020.11.21-16.59.07:359][  0]LogConfig: Setting CVar [[r.SceneColorFormat:4]]
[2020.11.21-16.59.07:359][  0]LogConfig: Setting CVar [[r.DetailMode:2]]
[2020.11.21-16.59.07:359][  0]LogConfig: Setting CVar [[r.TranslucencyVolumeBlur:1]]
[2020.11.21-16.59.07:359][  0]LogConfig: Setting CVar [[r.MaterialQualityLevel:1 ; High quality]]
[2020.11.21-16.59.07:359][  0]LogConfig: Setting CVar [[r.SSS.Scale:1]]
[2020.11.21-16.59.07:359][  0]LogConfig: Setting CVar [[r.SSS.SampleSet:2]]
[2020.11.21-16.59.07:359][  0]LogConfig: Setting CVar [[r.SSS.Quality:1]]
[2020.11.21-16.59.07:359][  0]LogConfig: Setting CVar [[r.SSS.HalfRes:0]]
[2020.11.21-16.59.07:359][  0]LogConfig: Setting CVar [[r.SSGI.Quality:3]]
[2020.11.21-16.59.07:359][  0]LogConfig: Setting CVar [[r.EmitterSpawnRateScale:1.0]]
[2020.11.21-16.59.07:359][  0]LogConfig: Setting CVar [[r.ParticleLightQuality:2]]
[2020.11.21-16.59.07:359][  0]LogConfig: Setting CVar [[r.SkyAtmosphere.AerialPerspectiveLUT.FastApplyOnOpaque:1 ; Always have FastSkyLUT 1 in this case to avoid wrong sky]]
[2020.11.21-16.59.07:359][  0]LogConfig: Setting CVar [[r.SkyAtmosphere.AerialPerspectiveLUT.SampleCountPerSlice:1]]
[2020.11.21-16.59.07:359][  0]LogConfig: Setting CVar [[r.SkyAtmosphere.AerialPerspectiveLUT.DepthResolution:16.0]]
[2020.11.21-16.59.07:359][  0]LogConfig: Setting CVar [[r.SkyAtmosphere.FastSkyLUT:1]]
[2020.11.21-16.59.07:359][  0]LogConfig: Setting CVar [[r.SkyAtmosphere.FastSkyLUT.SampleCountMin:4.0]]
[2020.11.21-16.59.07:359][  0]LogConfig: Setting CVar [[r.SkyAtmosphere.FastSkyLUT.SampleCountMax:32.0]]
[2020.11.21-16.59.07:359][  0]LogConfig: Setting CVar [[r.SkyAtmosphere.SampleCountMin:4.0]]
[2020.11.21-16.59.07:359][  0]LogConfig: Setting CVar [[r.SkyAtmosphere.SampleCountMax:32.0]]
[2020.11.21-16.59.07:359][  0]LogConfig: Setting CVar [[r.SkyAtmosphere.TransmittanceLUT.UseSmallFormat:0]]
[2020.11.21-16.59.07:359][  0]LogConfig: Setting CVar [[r.SkyAtmosphere.TransmittanceLUT.SampleCount:10.0]]
[2020.11.21-16.59.07:359][  0]LogConfig: Setting CVar [[r.SkyAtmosphere.MultiScatteringLUT.SampleCount:15.0]]
[2020.11.21-16.59.07:359][  0]LogConfig: Applying CVar settings from Section [FoliageQuality@3] File [e:/UnrealProject/Min/NProject/Saved/Config/Windows/Scalability.ini]
[2020.11.21-16.59.07:359][  0]LogConfig: Setting CVar [[foliage.DensityScale:1.0]]
[2020.11.21-16.59.07:359][  0]LogConfig: Setting CVar [[grass.DensityScale:1.0]]
[2020.11.21-16.59.07:359][  0]LogConfig: Applying CVar settings from Section [ShadingQuality@3] File [e:/UnrealProject/Min/NProject/Saved/Config/Windows/Scalability.ini]
[2020.11.21-16.59.07:359][  0]LogConfig: Setting CVar [[r.HairStrands.SkyLighting.SampleCount:16]]
[2020.11.21-16.59.07:359][  0]LogConfig: Setting CVar [[r.HairStrands.SkyLighting.JitterIntegration:0]]
[2020.11.21-16.59.07:359][  0]LogConfig: Setting CVar [[r.HairStrands.SkyAO.SampleCount:16]]
[2020.11.21-16.59.07:359][  0]LogConfig: Setting CVar [[r.HairStrands.DeepShadow.SuperSampling:0]]
[2020.11.21-16.59.07:359][  0]LogConfig: Setting CVar [[r.HairStrands.VisibilityPPLL:0]]
[2020.11.21-16.59.07:359][  0]LogConfig: Setting CVar [[r.HairStrands.RasterizationScale:0.5]]
[2020.11.21-16.59.07:359][  0]LogConfig: Setting CVar [[r.HairStrands.VelocityRasterizationScale:1]]
[2020.11.21-16.59.07:359][  0]LogInit: Selected Device Profile: [Windows]
[2020.11.21-16.59.07:359][  0]LogInit: Applying CVar settings loaded from the selected device profile: [Windows]
[2020.11.21-16.59.07:359][  0]LogHAL: Display: Platform has ~ 16 GB [17134899200 / 17179869184 / 16], which maps to Larger [LargestMinGB=32, LargerMinGB=12, DefaultMinGB=8, SmallerMinGB=6, SmallestMinGB=0)
[2020.11.21-16.59.07:359][  0]LogInit: Going up to parent DeviceProfile []
[2020.11.21-16.59.07:359][  0]LogConfig: Applying CVar settings from Section [ViewDistanceQuality@3] File [e:/UnrealProject/Min/NProject/Saved/Config/Windows/Scalability.ini]
[2020.11.21-16.59.07:359][  0]LogConfig: Setting CVar [[r.SkeletalMeshLODBias:0]]
[2020.11.21-16.59.07:360][  0]LogConfig: Setting CVar [[r.ViewDistanceScale:1.0]]
[2020.11.21-16.59.07:360][  0]LogConfig: Applying CVar settings from Section [AntiAliasingQuality@3] File [e:/UnrealProject/Min/NProject/Saved/Config/Windows/Scalability.ini]
[2020.11.21-16.59.07:360][  0]LogConfig: Setting CVar [[r.PostProcessAAQuality:4]]
[2020.11.21-16.59.07:360][  0]LogConfig: Applying CVar settings from Section [ShadowQuality@3] File [e:/UnrealProject/Min/NProject/Saved/Config/Windows/Scalability.ini]
[2020.11.21-16.59.07:360][  0]LogConfig: Setting CVar [[r.LightFunctionQuality:1]]
[2020.11.21-16.59.07:360][  0]LogConfig: Setting CVar [[r.ShadowQuality:5]]
[2020.11.21-16.59.07:360][  0]LogConfig: Setting CVar [[r.Shadow.CSM.MaxCascades:10]]
[2020.11.21-16.59.07:360][  0]LogConfig: Setting CVar [[r.Shadow.MaxResolution:2048]]
[2020.11.21-16.59.07:360][  0]LogConfig: Setting CVar [[r.Shadow.MaxCSMResolution:2048]]
[2020.11.21-16.59.07:360][  0]LogConfig: Setting CVar [[r.Shadow.RadiusThreshold:0.01]]
[2020.11.21-16.59.07:360][  0]LogConfig: Setting CVar [[r.Shadow.DistanceScale:1.0]]
[2020.11.21-16.59.07:360][  0]LogConfig: Setting CVar [[r.Shadow.CSM.TransitionScale:1.0]]
[2020.11.21-16.59.07:360][  0]LogConfig: Setting CVar [[r.Shadow.PreShadowResolutionFactor:1.0]]
[2020.11.21-16.59.07:360][  0]LogConfig: Setting CVar [[r.DistanceFieldShadowing:1]]
[2020.11.21-16.59.07:360][  0]LogConfig: Setting CVar [[r.DistanceFieldAO:1]]
[2020.11.21-16.59.07:360][  0]LogConfig: Setting CVar [[r.AOQuality:2]]
[2020.11.21-16.59.07:360][  0]LogConfig: Setting CVar [[r.VolumetricFog:1]]
[2020.11.21-16.59.07:360][  0]LogConfig: Setting CVar [[r.VolumetricFog.GridPixelSize:8]]
[2020.11.21-16.59.07:360][  0]LogConfig: Setting CVar [[r.VolumetricFog.GridSizeZ:128]]
[2020.11.21-16.59.07:360][  0]LogConfig: Setting CVar [[r.VolumetricFog.HistoryMissSupersampleCount:4]]
[2020.11.21-16.59.07:360][  0]LogConfig: Setting CVar [[r.LightMaxDrawDistanceScale:1]]
[2020.11.21-16.59.07:360][  0]LogConfig: Setting CVar [[r.CapsuleShadows:1]]
[2020.11.21-16.59.07:360][  0]LogConfig: Applying CVar settings from Section [PostProcessQuality@3] File [e:/UnrealProject/Min/NProject/Saved/Config/Windows/Scalability.ini]
[2020.11.21-16.59.07:360][  0]LogConfig: Setting CVar [[r.MotionBlurQuality:4]]
[2020.11.21-16.59.07:360][  0]LogConfig: Setting CVar [[r.AmbientOcclusionMipLevelFactor:0.4]]
[2020.11.21-16.59.07:360][  0]LogConfig: Setting CVar [[r.AmbientOcclusionMaxQuality:100]]
[2020.11.21-16.59.07:360][  0]LogConfig: Setting CVar [[r.AmbientOcclusionLevels:-1]]
[2020.11.21-16.59.07:360][  0]LogConfig: Setting CVar [[r.AmbientOcclusionRadiusScale:1.0]]
[2020.11.21-16.59.07:360][  0]LogConfig: Setting CVar [[r.DepthOfFieldQuality:2]]
[2020.11.21-16.59.07:360][  0]LogConfig: Setting CVar [[r.RenderTargetPoolMin:400]]
[2020.11.21-16.59.07:360][  0]LogConfig: Setting CVar [[r.LensFlareQuality:2]]
[2020.11.21-16.59.07:360][  0]LogConfig: Setting CVar [[r.SceneColorFringeQuality:1]]
[2020.11.21-16.59.07:360][  0]LogConfig: Setting CVar [[r.EyeAdaptationQuality:2]]
[2020.11.21-16.59.07:360][  0]LogConfig: Setting CVar [[r.BloomQuality:5]]
[2020.11.21-16.59.07:360][  0]LogConfig: Setting CVar [[r.FastBlurThreshold:100]]
[2020.11.21-16.59.07:360][  0]LogConfig: Setting CVar [[r.Upscale.Quality:3]]
[2020.11.21-16.59.07:360][  0]LogConfig: Setting CVar [[r.Tonemapper.GrainQuantization:1]]
[2020.11.21-16.59.07:360][  0]LogConfig: Setting CVar [[r.LightShaftQuality:1]]
[2020.11.21-16.59.07:360][  0]LogConfig: Setting CVar [[r.Filter.SizeScale:1]]
[2020.11.21-16.59.07:360][  0]LogConfig: Setting CVar [[r.Tonemapper.Quality:5]]
[2020.11.21-16.59.07:360][  0]LogConfig: Setting CVar [[r.DOF.Gather.AccumulatorQuality:1        ; higher gathering accumulator quality]]
[2020.11.21-16.59.07:360][  0]LogConfig: Setting CVar [[r.DOF.Gather.PostfilterMethod:1          ; Median3x3 postfilering method]]
[2020.11.21-16.59.07:360][  0]LogConfig: Setting CVar [[r.DOF.Gather.EnableBokehSettings:0       ; no bokeh simulation when gathering]]
[2020.11.21-16.59.07:360][  0]LogConfig: Setting CVar [[r.DOF.Gather.RingCount:4                 ; medium number of samples when gathering]]
[2020.11.21-16.59.07:360][  0]LogConfig: Setting CVar [[r.DOF.Scatter.ForegroundCompositing:1    ; additive foreground scattering]]
[2020.11.21-16.59.07:360][  0]LogConfig: Setting CVar [[r.DOF.Scatter.BackgroundCompositing:2    ; additive background scattering]]
[2020.11.21-16.59.07:360][  0]LogConfig: Setting CVar [[r.DOF.Scatter.EnableBokehSettings:1      ; bokeh simulation when scattering]]
[2020.11.21-16.59.07:360][  0]LogConfig: Setting CVar [[r.DOF.Scatter.MaxSpriteRatio:0.1         ; only a maximum of 10% of scattered bokeh]]
[2020.11.21-16.59.07:360][  0]LogConfig: Setting CVar [[r.DOF.Recombine.Quality:1                ; cheap slight out of focus]]
[2020.11.21-16.59.07:360][  0]LogConfig: Setting CVar [[r.DOF.Recombine.EnableBokehSettings:0    ; no bokeh simulation on slight out of focus]]
[2020.11.21-16.59.07:360][  0]LogConfig: Setting CVar [[r.DOF.TemporalAAQuality:1                ; more stable temporal accumulation]]
[2020.11.21-16.59.07:360][  0]LogConfig: Setting CVar [[r.DOF.Kernel.MaxForegroundRadius:0.025]]
[2020.11.21-16.59.07:360][  0]LogConfig: Setting CVar [[r.DOF.Kernel.MaxBackgroundRadius:0.025]]
[2020.11.21-16.59.07:360][  0]LogConfig: Applying CVar settings from Section [TextureQuality@3] File [e:/UnrealProject/Min/NProject/Saved/Config/Windows/Scalability.ini]
[2020.11.21-16.59.07:360][  0]LogConfig: Setting CVar [[r.Streaming.MipBias:0]]
[2020.11.21-16.59.07:360][  0]LogConfig: Setting CVar [[r.Streaming.AmortizeCPUToGPUCopy:0]]
[2020.11.21-16.59.07:360][  0]LogConfig: Setting CVar [[r.Streaming.MaxNumTexturesToStreamPerFrame:0]]
[2020.11.21-16.59.07:360][  0]LogConfig: Setting CVar [[r.Streaming.Boost:1]]
[2020.11.21-16.59.07:360][  0]LogConfig: Setting CVar [[r.MaxAnisotropy:8]]
[2020.11.21-16.59.07:360][  0]LogConfig: Setting CVar [[r.VT.MaxAnisotropy:8]]
[2020.11.21-16.59.07:360][  0]LogConfig: Setting CVar [[r.Streaming.LimitPoolSizeToVRAM:0]]
[2020.11.21-16.59.07:360][  0]LogConfig: Setting CVar [[r.Streaming.PoolSize:1000]]
[2020.11.21-16.59.07:360][  0]LogConfig: Setting CVar [[r.Streaming.MaxEffectiveScreenSize:0]]
[2020.11.21-16.59.07:360][  0]LogConfig: Applying CVar settings from Section [EffectsQuality@3] File [e:/UnrealProject/Min/NProject/Saved/Config/Windows/Scalability.ini]
[2020.11.21-16.59.07:360][  0]LogConfig: Setting CVar [[r.TranslucencyLightingVolumeDim:64]]
[2020.11.21-16.59.07:360][  0]LogConfig: Setting CVar [[r.RefractionQuality:2]]
[2020.11.21-16.59.07:360][  0]LogConfig: Setting CVar [[r.SSR.Quality:3]]
[2020.11.21-16.59.07:360][  0]LogConfig: Setting CVar [[r.SSR.HalfResSceneColor:0]]
[2020.11.21-16.59.07:360][  0]LogConfig: Setting CVar [[r.SceneColorFormat:4]]
[2020.11.21-16.59.07:360][  0]LogConfig: Setting CVar [[r.DetailMode:2]]
[2020.11.21-16.59.07:360][  0]LogConfig: Setting CVar [[r.TranslucencyVolumeBlur:1]]
[2020.11.21-16.59.07:361][  0]LogConfig: Setting CVar [[r.MaterialQualityLevel:1 ; High quality]]
[2020.11.21-16.59.07:361][  0]LogConfig: Setting CVar [[r.SSS.Scale:1]]
[2020.11.21-16.59.07:361][  0]LogConfig: Setting CVar [[r.SSS.SampleSet:2]]
[2020.11.21-16.59.07:361][  0]LogConfig: Setting CVar [[r.SSS.Quality:1]]
[2020.11.21-16.59.07:361][  0]LogConfig: Setting CVar [[r.SSS.HalfRes:0]]
[2020.11.21-16.59.07:361][  0]LogConfig: Setting CVar [[r.SSGI.Quality:3]]
[2020.11.21-16.59.07:361][  0]LogConfig: Setting CVar [[r.EmitterSpawnRateScale:1.0]]
[2020.11.21-16.59.07:361][  0]LogConfig: Setting CVar [[r.ParticleLightQuality:2]]
[2020.11.21-16.59.07:361][  0]LogConfig: Setting CVar [[r.SkyAtmosphere.AerialPerspectiveLUT.FastApplyOnOpaque:1 ; Always have FastSkyLUT 1 in this case to avoid wrong sky]]
[2020.11.21-16.59.07:361][  0]LogConfig: Setting CVar [[r.SkyAtmosphere.AerialPerspectiveLUT.SampleCountPerSlice:1]]
[2020.11.21-16.59.07:361][  0]LogConfig: Setting CVar [[r.SkyAtmosphere.AerialPerspectiveLUT.DepthResolution:16.0]]
[2020.11.21-16.59.07:361][  0]LogConfig: Setting CVar [[r.SkyAtmosphere.FastSkyLUT:1]]
[2020.11.21-16.59.07:361][  0]LogConfig: Setting CVar [[r.SkyAtmosphere.FastSkyLUT.SampleCountMin:4.0]]
[2020.11.21-16.59.07:361][  0]LogConfig: Setting CVar [[r.SkyAtmosphere.FastSkyLUT.SampleCountMax:32.0]]
[2020.11.21-16.59.07:361][  0]LogConfig: Setting CVar [[r.SkyAtmosphere.SampleCountMin:4.0]]
[2020.11.21-16.59.07:361][  0]LogConfig: Setting CVar [[r.SkyAtmosphere.SampleCountMax:32.0]]
[2020.11.21-16.59.07:361][  0]LogConfig: Setting CVar [[r.SkyAtmosphere.TransmittanceLUT.UseSmallFormat:0]]
[2020.11.21-16.59.07:361][  0]LogConfig: Setting CVar [[r.SkyAtmosphere.TransmittanceLUT.SampleCount:10.0]]
[2020.11.21-16.59.07:361][  0]LogConfig: Setting CVar [[r.SkyAtmosphere.MultiScatteringLUT.SampleCount:15.0]]
[2020.11.21-16.59.07:361][  0]LogConfig: Applying CVar settings from Section [FoliageQuality@3] File [e:/UnrealProject/Min/NProject/Saved/Config/Windows/Scalability.ini]
[2020.11.21-16.59.07:361][  0]LogConfig: Setting CVar [[foliage.DensityScale:1.0]]
[2020.11.21-16.59.07:361][  0]LogConfig: Setting CVar [[grass.DensityScale:1.0]]
[2020.11.21-16.59.07:361][  0]LogConfig: Applying CVar settings from Section [ShadingQuality@3] File [e:/UnrealProject/Min/NProject/Saved/Config/Windows/Scalability.ini]
[2020.11.21-16.59.07:361][  0]LogConfig: Setting CVar [[r.HairStrands.SkyLighting.SampleCount:16]]
[2020.11.21-16.59.07:361][  0]LogConfig: Setting CVar [[r.HairStrands.SkyLighting.JitterIntegration:0]]
[2020.11.21-16.59.07:361][  0]LogConfig: Setting CVar [[r.HairStrands.SkyAO.SampleCount:16]]
[2020.11.21-16.59.07:361][  0]LogConfig: Setting CVar [[r.HairStrands.DeepShadow.SuperSampling:0]]
[2020.11.21-16.59.07:361][  0]LogConfig: Setting CVar [[r.HairStrands.VisibilityPPLL:0]]
[2020.11.21-16.59.07:361][  0]LogConfig: Setting CVar [[r.HairStrands.RasterizationScale:0.5]]
[2020.11.21-16.59.07:361][  0]LogConfig: Setting CVar [[r.HairStrands.VelocityRasterizationScale:1]]
[2020.11.21-16.59.07:361][  0]LogConfig: Applying CVar settings from Section [Startup] File [../../../Engine/Config/ConsoleVariables.ini]
[2020.11.21-16.59.07:361][  0]LogConfig: Setting CVar [[net.UseAdaptiveNetUpdateFrequency:0]]
[2020.11.21-16.59.07:361][  0]LogConfig: Setting CVar [[p.chaos.AllowCreatePhysxBodies:1]]
[2020.11.21-16.59.07:361][  0]LogConfig: Setting CVar [[fx.SkipVectorVMBackendOptimizations:1]]
[2020.11.21-16.59.07:361][  0]LogConfig: Applying CVar settings from Section [ConsoleVariables] File [e:/UnrealProject/Min/NProject/Saved/Config/Windows/Engine.ini]
[2020.11.21-16.59.07:361][  0]LogInit: Computer: DESKTOP-3HJ4JNL
[2020.11.21-16.59.07:361][  0]LogInit: User: Home
[2020.11.21-16.59.07:361][  0]LogInit: CPU Page size=4096, Cores=4
[2020.11.21-16.59.07:361][  0]LogInit: High frequency timer resolution =10.000000 MHz
[2020.11.21-16.59.07:362][  0]LogMemory: Memory total: Physical=16.0GB (16GB approx)
[2020.11.21-16.59.07:362][  0]LogMemory: Platform Memory Stats for Windows
[2020.11.21-16.59.07:362][  0]LogMemory: Process Physical Memory: 114.98 MB used, 114.98 MB peak
[2020.11.21-16.59.07:362][  0]LogMemory: Process Virtual Memory: 96.20 MB used, 96.20 MB peak
[2020.11.21-16.59.07:362][  0]LogMemory: Physical Memory: 9658.74 MB used,  6682.37 MB free, 16341.11 MB total
[2020.11.21-16.59.07:362][  0]LogMemory: Virtual Memory: 5143.29 MB used,  134212584.00 MB free, 134217728.00 MB total
[2020.11.21-16.59.07:369][  0]LogWindows: WindowsPlatformFeatures enabled
[2020.11.21-16.59.07:412][  0]LogInit: Physics initialised using underlying interface: PhysX
[2020.11.21-16.59.07:412][  0]LogInit: Using OS detected language (ko-KR).
[2020.11.21-16.59.07:412][  0]LogInit: Using OS detected locale (ko-KR).
[2020.11.21-16.59.07:413][  0]LogTextLocalizationManager: No specific localization for 'ko-KR' exists, so the 'ko' localization will be used.
[2020.11.21-16.59.07:648][  0]LogSlate: New Slate User Created.  User Index 0, Is Virtual User: 0
[2020.11.21-16.59.07:648][  0]LogSlate: Slate User Registered.  User Index 0, Is Virtual User: 0
[2020.11.21-16.59.07:666][  0]LogHMD: Failed to initialize OpenVR with code 110
[2020.11.21-16.59.07:666][  0]LogD3D11RHI: D3D11 min allowed feature level: 11_0
[2020.11.21-16.59.07:666][  0]LogD3D11RHI: D3D11 max allowed feature level: 11_0
[2020.11.21-16.59.07:666][  0]LogD3D11RHI: D3D11 adapters:
[2020.11.21-16.59.07:752][  0]LogD3D11RHI:    0. 'NVIDIA GeForce GTX 1070' (Feature Level 11_0)
[2020.11.21-16.59.07:752][  0]LogD3D11RHI:       8088/0/8170 MB DedicatedVideo/DedicatedSystem/SharedSystem, Outputs:2, VendorId:0x10de
[2020.11.21-16.59.07:757][  0]LogD3D11RHI:    1. 'Microsoft Basic Render Driver' (Feature Level 11_0)
[2020.11.21-16.59.07:757][  0]LogD3D11RHI:       0/0/8170 MB DedicatedVideo/DedicatedSystem/SharedSystem, Outputs:0, VendorId:0x1414
[2020.11.21-16.59.07:757][  0]LogD3D11RHI: Chosen D3D11 Adapter: 0
[2020.11.21-16.59.07:775][  0]LogD3D11RHI: Creating new Direct3DDevice
[2020.11.21-16.59.07:775][  0]LogD3D11RHI:     GPU DeviceId: 0x1b81 (for the marketing name, search the web for "GPU Device Id")
[2020.11.21-16.59.07:775][  0]LogWindows: EnumDisplayDevices:
[2020.11.21-16.59.07:775][  0]LogWindows:    0. 'NVIDIA GeForce GTX 1070' (P:0 D:1)
[2020.11.21-16.59.07:776][  0]LogWindows:    1. 'NVIDIA GeForce GTX 1070' (P:1 D:1)
[2020.11.21-16.59.07:777][  0]LogWindows:    2. 'NVIDIA GeForce GTX 1070' (P:0 D:0)
[2020.11.21-16.59.07:778][  0]LogWindows:    3. 'NVIDIA GeForce GTX 1070' (P:0 D:0)
[2020.11.21-16.59.07:780][  0]LogWindows: DebugString: FoundDriverCount:4 
[2020.11.21-16.59.07:780][  0]LogD3D11RHI:     Adapter Name: NVIDIA GeForce GTX 1070
[2020.11.21-16.59.07:780][  0]LogD3D11RHI:   Driver Version: 442.59 (internal:26.21.14.4259, unified:442.59)
[2020.11.21-16.59.07:780][  0]LogD3D11RHI:      Driver Date: 3-4-2020
[2020.11.21-16.59.07:780][  0]LogRHI: Texture pool is 5661 MB (70% of 8088 MB)
[2020.11.21-16.59.07:833][  0]LogD3D11RHI: RHI has support for 64 bit atomics
[2020.11.21-16.59.07:833][  0]LogD3D11RHI: Async texture creation enabled
[2020.11.21-16.59.07:833][  0]LogD3D11RHI: Array index from any shader is supported
[2020.11.21-16.59.07:860][  0]LogD3D11RHI: GPU Timing Frequency: 1000.000000 (Debug: 2 2)
[2020.11.21-16.59.08:298][  0]LogTargetPlatformManager: Display: Loaded TargetPlatform 'WindowsNoEditor'
[2020.11.21-16.59.08:304][  0]LogTargetPlatformManager: Display: Loaded TargetPlatform 'Windows'
[2020.11.21-16.59.08:314][  0]LogTargetPlatformManager: Display: Loaded TargetPlatform 'WindowsClient'
[2020.11.21-16.59.08:326][  0]LogTargetPlatformManager: Display: Loaded TargetPlatform 'WindowsServer'
[2020.11.21-16.59.08:326][  0]LogTargetPlatformManager: Display: Building Assets For Windows
[2020.11.21-16.59.08:334][  0]LogAudioDebug: Display: Lib vorbis DLL was dynamically loaded.
[2020.11.21-16.59.08:408][  0]LogShaderCompilers: Guid format shader working directory is 3 characters bigger than the processId version (../../../../../UnrealProject/Min/NProject/Intermediate/Shaders/WorkingDirectory/37180/).
[2020.11.21-16.59.08:408][  0]LogShaderCompilers: Cleaned the shader compiler working directory 'C:/Users/Home/AppData/Local/Temp/UnrealShaderWorkingDir/0D7254ED49BFAC9F1DFF6D93623EAFDA/'.
[2020.11.21-16.59.08:409][  0]LogXGEController: Cannot use XGE Controller as Incredibuild is not installed on this machine.
[2020.11.21-16.59.08:409][  0]LogShaderCompilers: Cannot use XGE Shader Compiler as Incredibuild is not installed on this machine.
[2020.11.21-16.59.08:409][  0]LogShaderCompilers: Display: Using Local Shader Compiler.
[2020.11.21-16.59.09:339][  0]LogDerivedDataCache: Display: Max Cache Size: 512 MB
[2020.11.21-16.59.09:414][  0]LogDerivedDataCache: Loaded boot cache 0.08s 79MB C:/Users/Home/AppData/Local/UnrealEngine/4.25/DerivedDataCache/Boot.ddc.
[2020.11.21-16.59.09:415][  0]LogDerivedDataCache: Display: Loaded Boot cache: C:/Users/Home/AppData/Local/UnrealEngine/4.25/DerivedDataCache/Boot.ddc
[2020.11.21-16.59.09:415][  0]LogDerivedDataCache: FDerivedDataBackendGraph:  Pak pak cache file ../../../../../UnrealProject/Min/NProject/DerivedDataCache/DDC.ddp not found, will not use a pak cache.
[2020.11.21-16.59.09:415][  0]LogDerivedDataCache: Unable to find inner node Pak for hierarchical cache Hierarchy.
[2020.11.21-16.59.09:415][  0]LogDerivedDataCache: FDerivedDataBackendGraph:  CompressedPak pak cache file ../../../../../UnrealProject/Min/NProject/DerivedDataCache/Compressed.ddp not found, will not use a pak cache.
[2020.11.21-16.59.09:415][  0]LogDerivedDataCache: Unable to find inner node CompressedPak for hierarchical cache Hierarchy.
[2020.11.21-16.59.09:427][  0]LogDerivedDataCache: Display: Pak cache opened for reading ../../../Engine/DerivedDataCache/Compressed.ddp.
[2020.11.21-16.59.09:427][  0]LogDerivedDataCache: FDerivedDataBackendGraph:  EnterprisePak pak cache file ../../../Enterprise/DerivedDataCache/Compressed.ddp not found, will not use a pak cache.
[2020.11.21-16.59.09:427][  0]LogDerivedDataCache: Unable to find inner node EnterprisePak for hierarchical cache Hierarchy.
[2020.11.21-16.59.09:428][  0]LogDerivedDataCache: Using Local data cache path C:/Users/Home/AppData/Local/UnrealEngine/Common/DerivedDataCache: Writable
[2020.11.21-16.59.09:428][  0]LogDerivedDataCache: Shared data cache path not found in *engine.ini, will not use an Shared cache.
[2020.11.21-16.59.09:428][  0]LogDerivedDataCache: Unable to find inner node Shared for hierarchical cache Hierarchy.
[2020.11.21-16.59.09:484][  0]LogSlate: Using FreeType 2.10.0
[2020.11.21-16.59.09:484][  0]LogSlate: SlateFontServices - WITH_FREETYPE: 1, WITH_HARFBUZZ: 1
[2020.11.21-16.59.09:606][  0]LogInit: Using OS detected language (ko-KR).
[2020.11.21-16.59.09:606][  0]LogInit: Using OS detected locale (ko-KR).
[2020.11.21-16.59.09:606][  0]LogTextLocalizationManager: No localization for 'ko-KR' exists, so 'en' will be used for the language.
[2020.11.21-16.59.09:606][  0]LogTextLocalizationManager: No localization for 'ko-KR' exists, so 'en' will be used for the locale.
[2020.11.21-16.59.09:607][  0]LogSlate: FontCache flush requested. Reason: Culture for localization was changed
[2020.11.21-16.59.09:607][  0]LogSlate: FontCache flush requested. Reason: Culture for localization was changed
[2020.11.21-16.59.09:608][  0]LogTextLocalizationManager: Compacting localization data took   0.00ms
[2020.11.21-16.59.09:613][  0]LogAssetRegistry: FAssetRegistry took 0.0035 seconds to start up
[2020.11.21-16.59.09:911][  0]LogPackageLocalizationCache: Processed 19 localized package path(s) for 1 prioritized culture(s) in 0.041413 seconds
[2020.11.21-16.59.09:978][  0]LogInit: Selected Device Profile: [Windows]
[2020.11.21-16.59.10:119][  0]LogMeshReduction: Using QuadricMeshReduction for automatic static mesh reduction
[2020.11.21-16.59.10:119][  0]LogMeshReduction: Using SimplygonMeshReduction for automatic skeletal mesh reduction
[2020.11.21-16.59.10:119][  0]LogMeshReduction: Using ProxyLODMeshReduction for automatic mesh merging
[2020.11.21-16.59.10:119][  0]LogMeshReduction: No distributed automatic mesh merging module available
[2020.11.21-16.59.10:119][  0]LogMeshMerging: No distributed automatic mesh merging module available
[2020.11.21-16.59.10:142][  0]LogNetVersion: NProject 1.0.0, NetCL: 13144385, EngineNetVer: 14, GameNetVer: 0 (Checksum: 2436819307)
[2020.11.21-16.59.10:460][  0]LogAISub: UAISubsystem::UAISubsystem AISubsystem (00000274FA2B87C0), frame # 0
[2020.11.21-16.59.10:460][  0]LogAISub: UAISubsystem::UAISubsystem AIPerceptionSystem (00000274FA1FD6C0), frame # 0
[2020.11.21-16.59.10:462][  0]LogAISub: UAISubsystem::UAISubsystem EnvQueryManager (00000274FA1F7C00), frame # 0
[2020.11.21-16.59.10:581][  0]LogCollectionManager: Loaded 0 collections in 0.001318 seconds
[2020.11.21-16.59.10:583][  0]LogFileCache: Scanning file cache for directory 'e:/UnrealProject/Min/NProject/Saved/Collections/' took 0.00s
[2020.11.21-16.59.10:584][  0]LogFileCache: Scanning file cache for directory 'e:/UnrealProject/Min/NProject/Content/Developers/Home/Collections/' took 0.00s
[2020.11.21-16.59.10:584][  0]LogFileCache: Scanning file cache for directory 'e:/UnrealProject/Min/NProject/Content/Collections/' took 0.00s
[2020.11.21-16.59.10:584][  0]LogCollectionManager: Fixed up redirectors for 0 collections in 0.000005 seconds (updated 0 objects)
[2020.11.21-16.59.10:664][  0]LogMoviePlayer: Initializing movie player
[2020.11.21-16.59.11:112][  0]SourceControl: 소스 컨트롤이 꺼졌습니다.
[2020.11.21-16.59.11:112][  0]SourceControl: 소스 컨트롤이 꺼졌습니다.
[2020.11.21-16.59.11:124][  0]SourceControl: 소스 컨트롤이 꺼졌습니다.
[2020.11.21-16.59.11:297][  0]LogAndroidPermission: UAndroidPermissionCallbackProxy::GetInstance
[2020.11.21-16.59.11:322][  0]LogAudioCaptureCore: Display: No Audio Capture implementations found. Audio input will be silent.
[2020.11.21-16.59.11:322][  0]LogAudioCaptureCore: Display: No Audio Capture implementations found. Audio input will be silent.
[2020.11.21-16.59.11:384][  0]LogOcInput: OculusInput pre-init called
[2020.11.21-16.59.11:406][  0]LogUObjectArray: 20038 objects as part of root set at end of initial load.
[2020.11.21-16.59.11:406][  0]LogUObjectAllocator: 5425424 out of 0 bytes used by permanent object pool.
[2020.11.21-16.59.11:406][  0]LogUObjectArray: CloseDisregardForGC: 0/0 objects in disregard for GC pool
[2020.11.21-16.59.11:465][  0]LogEngine: Initializing Engine...
[2020.11.21-16.59.11:466][  0]LogHMD: Failed to initialize OpenVR with code 110
[2020.11.21-16.59.11:466][  0]LogMagicLeap: Warning: VR disabled because ZI is not enabled.  To enable, in the editor, Edit -> Project Settings -> Plugins -> Magic Leap Plugin -> Enable Zero Iteration
[2020.11.21-16.59.11:468][  0]LogStats: UGameplayTagsManager::InitializeManager -  0.000 s
[2020.11.21-16.59.11:616][  0]LogInit: Initializing FReadOnlyCVARCache
[2020.11.21-16.59.11:622][  0]LogAudioMixer: Display: Audio Mixer Platform Settings:
[2020.11.21-16.59.11:622][  0]LogAudioMixer: Display: 	Sample Rate:						  48000
[2020.11.21-16.59.11:622][  0]LogAudioMixer: Display: 	Callback Buffer Frame Size Requested: 1024
[2020.11.21-16.59.11:622][  0]LogAudioMixer: Display: 	Callback Buffer Frame Size To Use:	  1024
[2020.11.21-16.59.11:622][  0]LogAudioMixer: Display: 	Number of buffers to queue:			  2
[2020.11.21-16.59.11:622][  0]LogAudioMixer: Display: 	Max Channels (voices):				  32
[2020.11.21-16.59.11:622][  0]LogAudioMixer: Display: 	Number of Async Source Workers:		  0
[2020.11.21-16.59.11:622][  0]LogAudio: Display: AudioDevice MaxSources: 32
[2020.11.21-16.59.11:623][  0]LogAudio: Display: Using built-in audio occlusion.
[2020.11.21-16.59.11:623][  0]LogAudioMixer: Display: Initializing audio mixer.
[2020.11.21-16.59.11:642][  0]LogAudioMixer: Display: 0: FrontLeft
[2020.11.21-16.59.11:642][  0]LogAudioMixer: Display: 1: FrontRight
[2020.11.21-16.59.11:706][  0]LogAudioMixer: Display: Using Audio Device 스피커(Realtek(R) Audio)
[2020.11.21-16.59.11:713][  0]LogAudioMixer: Display: Initializing Sound Submixes...
[2020.11.21-16.59.11:715][  0]LogAudioMixer: Display: Creating Master Submix 'MasterSubmixDefault'
[2020.11.21-16.59.11:715][  0]LogAudioMixer: Display: Creating Master Submix 'MasterReverbSubmixDefault'
[2020.11.21-16.59.11:716][  0]LogAudioMixer: Display: Creating Master Submix 'MasterEQSubmixDefault'
[2020.11.21-16.59.11:717][  0]LogInit: FAudioDevice initialized.
[2020.11.21-16.59.11:719][  0]LogNetVersion: Set ProjectVersion to 1.0.0.0. Version Checksum will be recalculated on next use.
[2020.11.21-16.59.11:814][  0]LogDerivedDataCache: Saved boot cache 0.10s 79MB C:/Users/Home/AppData/Local/UnrealEngine/4.25/DerivedDataCache/Boot.ddc.
[2020.11.21-16.59.11:821][  0]LogInit: Texture streaming: Enabled
[2020.11.21-16.59.11:905][  0]LogSlate: Updating window title bar state: overlay mode, drag disabled, window buttons hidden, title bar hidden
[2020.11.21-16.59.11:906][  0]LogInit: Display: Game Engine Initialized.
[2020.11.21-16.59.11:906][  0]LogNiagaraEditor: Warning: GEditor isn't valid! Particle reset commands will not work for Niagara components!
[2020.11.21-16.59.11:944][  0]LogInit: Display: Starting Game.
[2020.11.21-16.59.11:944][  0]LogNet: Browse: /Game/Map/Login?Name=Player
[2020.11.21-16.59.11:944][  0]LogLoad: LoadMap: /Game/Map/Login?Name=Player
[2020.11.21-16.59.11:944][  0]LogWorld: BeginTearingDown for /Temp/Untitled_0
[2020.11.21-16.59.11:945][  0]LogWorld: UWorld::CleanupWorld for Untitled, bSessionEnded=true, bCleanupResources=true
[2020.11.21-16.59.11:945][  0]LogSlate: InvalidateAllWidgets triggered.  All widgets were invalidated
[2020.11.21-16.59.11:957][  0]LogUObjectHash: Compacting FUObjectHashTables data took   0.84ms
[2020.11.21-16.59.11:975][  0]LogAIModule: Creating AISystem for world Login
[2020.11.21-16.59.11:975][  0]LogAISub: UAISubsystem::UAISubsystem EnvQueryManager (00000274804B6000), frame # 0
[2020.11.21-16.59.11:975][  0]LogAISub: UAISubsystem::UAISubsystem AIPerceptionSystem (00000274804CE980), frame # 0
[2020.11.21-16.59.11:976][  0]LogLoad: Game class is 'NGameMode_Login'
[2020.11.21-16.59.11:977][  0]LogWorld: Bringing World /Game/Map/Login.Login up for play (max tick rate 0) at 2020.11.22-01.59.11
[2020.11.21-16.59.11:977][  0]LogGameMode: Warning: No GameStateClass was specified in NGameMode_Login_0 (NGameMode_Login)
[2020.11.21-16.59.11:977][  0]LogWorld: Bringing up level for play took: 0.000560
[2020.11.21-16.59.11:978][  0]LogGameMode: FindPlayerStart: PATHS NOT DEFINED or NO PLAYERSTART with positive rating
[2020.11.21-16.59.12:006][  0]LogClass: Login Server connect success!
[2020.11.21-16.59.12:007][  0]LogLoad: Took 0.061841 seconds to LoadMap(/Game/Map/Login)
[2020.11.21-16.59.12:008][  0]LogSlate: Took 0.000203 seconds to synchronously load lazily loaded font '../../../Engine/Content/Slate/Fonts/Roboto-Regular.ttf' (155K)
[2020.11.21-16.59.12:066][  0]LogRenderer: Reallocating scene render targets to support 824x464 Format 10 NumSamples 1 (Frame:1).
[2020.11.21-16.59.12:066][  0]LogLoad: (Engine Initialization) Total time: 6.51 seconds
[2020.11.21-16.59.12:066][  0]LogLoad: (Engine Initialization) Total Blueprint compile time: 0.00 seconds
[2020.11.21-16.59.12:085][  0]LogContentStreaming: Texture pool size now 1000 MB
[2020.11.21-16.59.12:093][  0]LogSlate: InvalidateAllWidgets triggered.  All widgets were invalidated
[2020.11.21-16.59.12:155][  1]LogSlate: Took 0.000203 seconds to synchronously load lazily loaded font '../../../Engine/Content/Slate/Fonts/Roboto-Regular.ttf' (155K)
[2020.11.21-16.59.22:183][394]LogClass: Success : Ingame Server connect !
[2020.11.21-16.59.22:306][410]LogPackageName: SearchForPackageOnDisk took   0.091s to resolve Ingame.umap.
[2020.11.21-16.59.22:406][411]LogPackageName: SearchForPackageOnDisk took   0.098s to resolve Ingame.umap.
[2020.11.21-16.59.22:406][411]LogNet: Browse: /Game/Map/Ingame
[2020.11.21-16.59.22:406][411]LogLoad: LoadMap: /Game/Map/Ingame
[2020.11.21-16.59.22:406][411]LogWorld: BeginTearingDown for /Game/Map/Login
[2020.11.21-16.59.22:407][411]LogWorld: UWorld::CleanupWorld for Login, bSessionEnded=true, bCleanupResources=true
[2020.11.21-16.59.22:407][411]LogSlate: InvalidateAllWidgets triggered.  All widgets were invalidated
[2020.11.21-16.59.22:450][411]LogAudio: Display: Waited 42.528000 ms for audio thread.
[2020.11.21-16.59.22:460][411]LogAISub: UAISubsystem::~UAISubsystem AIPerceptionSystem (00000274804CE980), frame # 3411
[2020.11.21-16.59.22:460][411]LogAISub: UAISubsystem::~UAISubsystem EnvQueryManager (00000274804B6000), frame # 3411
[2020.11.21-16.59.22:461][411]LogUObjectHash: Compacting FUObjectHashTables data took   0.77ms
[2020.11.21-16.59.22:558][411]LogAIModule: Creating AISystem for world Ingame
[2020.11.21-16.59.22:558][411]LogAISub: UAISubsystem::UAISubsystem EnvQueryManager (0000027492EFFE00), frame # 3411
[2020.11.21-16.59.22:558][411]LogAISub: UAISubsystem::UAISubsystem AIPerceptionSystem (00000274EF624A40), frame # 3411
[2020.11.21-16.59.22:558][411]LogLoad: Game class is 'NGameMode_Ingame'
[2020.11.21-16.59.22:565][411]LogWorld: Bringing World /Game/Map/Ingame.Ingame up for play (max tick rate 0) at 2020.11.22-01.59.22
[2020.11.21-16.59.22:565][411]LogWorld: Bringing up level for play took: 0.005940
[2020.11.21-16.59.22:576][411]LogLoad: Took 0.169151 seconds to LoadMap(/Game/Map/Ingame)
[2020.11.21-16.59.22:584][412]LogTemp: Error: Failed : Character SessionID Constains
[2020.11.21-16.59.42:810][367]LogWindowsDesktop: Alt-F4 pressed!
[2020.11.21-16.59.42:816][367]LogSlate: Window 'NProject (64 비트, PCD3D_SM5) ' being destroyed
[2020.11.21-16.59.42:819][367]LogWindowsTextInputMethodSystem: Display: IME system now activated using TSF (Microsoft 입력기).
[2020.11.21-16.59.42:828][367]LogSlate: Updating window title bar state: overlay mode, drag disabled, window buttons hidden, title bar hidden
[2020.11.21-16.59.42:828][367]LogEngine: All Windows Closed
[2020.11.21-16.59.42:828][367]LogWindows: FPlatformMisc::RequestExit(0)
[2020.11.21-16.59.42:829][367]LogCore: Engine exit requested (reason: Win RequestExit)
[2020.11.21-16.59.42:830][368]LogCore: Engine exit requested (reason: EngineExit() was called; note: exit was already requested)
[2020.11.21-16.59.42:837][368]LogAudio: Display: Shutting down audio device while 2 references to it are still alive. For more information, compile with INSTRUMENT_AUDIODEVICE_HANDLES.
[2020.11.21-16.59.42:883][368]LogInit: Display: PreExit Game.
[2020.11.21-16.59.42:952][368]LogWorld: BeginTearingDown for /Game/Map/Ingame
[2020.11.21-16.59.42:954][368]LogWorld: UWorld::CleanupWorld for Ingame, bSessionEnded=true, bCleanupResources=true
[2020.11.21-16.59.42:954][368]LogSlate: InvalidateAllWidgets triggered.  All widgets were invalidated
[2020.11.21-16.59.43:499][368]LogExit: Preparing to exit.
[2020.11.21-16.59.43:499][368]LogMoviePlayer: Shutting down movie player
[2020.11.21-16.59.43:514][368]LogSlate: Updating window title bar state: overlay mode, drag disabled, window buttons hidden, title bar hidden
[2020.11.21-16.59.43:516][368]LogDemo: Cleaned up 0 splitscreen connections with owner deletion
[2020.11.21-16.59.43:521][368]LogExit: Game engine shut down
[2020.11.21-16.59.43:534][368]LogAISub: UAISubsystem::~UAISubsystem AISubsystem (00000274FA2B87C0), frame # 8368
[2020.11.21-16.59.43:534][368]LogAISub: UAISubsystem::~UAISubsystem AIPerceptionSystem (00000274FA1FD6C0), frame # 8368
[2020.11.21-16.59.43:534][368]LogAISub: UAISubsystem::~UAISubsystem EnvQueryManager (00000274FA1F7C00), frame # 8368
[2020.11.21-16.59.43:539][368]LogAISub: UAISubsystem::~UAISubsystem EnvQueryManager (0000027492EFFE00), frame # 8368
[2020.11.21-16.59.43:539][368]LogAISub: UAISubsystem::~UAISubsystem AIPerceptionSystem (00000274EF624A40), frame # 8368
[2020.11.21-16.59.43:562][368]LogExit: Object subsystem successfully closed.
[2020.11.21-16.59.43:588][368]LogShaderCompilers: Display: Shaders left to compile 0
[2020.11.21-16.59.43:601][368]LogModuleManager: Shutting down and abandoning module SequenceRecorderSections (504)
[2020.11.21-16.59.43:601][368]LogModuleManager: Shutting down and abandoning module SequenceRecorder (502)
[2020.11.21-16.59.43:601][368]LogModuleManager: Shutting down and abandoning module AutomationController (500)
[2020.11.21-16.59.43:601][368]LogModuleManager: Shutting down and abandoning module AutomationWorker (498)
[2020.11.21-16.59.43:601][368]LogModuleManager: Shutting down and abandoning module Voice (496)
[2020.11.21-16.59.43:601][368]LogModuleManager: Shutting down and abandoning module AIModule (494)
[2020.11.21-16.59.43:601][368]LogModuleManager: Shutting down and abandoning module GameplayDebugger (493)
[2020.11.21-16.59.43:601][368]LogModuleManager: Shutting down and abandoning module AITestSuite (491)
[2020.11.21-16.59.43:601][368]LogModuleManager: Shutting down and abandoning module NavigationSystem (489)
[2020.11.21-16.59.43:601][368]LogModuleManager: Shutting down and abandoning module OculusMR (486)
[2020.11.21-16.59.43:601][368]LogModuleManager: Shutting down and abandoning module WmfMediaFactory (484)
[2020.11.21-16.59.43:601][368]LogModuleManager: Shutting down and abandoning module WebMMediaFactory (482)
[2020.11.21-16.59.43:601][368]LogModuleManager: Shutting down and abandoning module WebMMedia (480)
[2020.11.21-16.59.43:601][368]LogModuleManager: Shutting down and abandoning module OpenExrWrapper (478)
[2020.11.21-16.59.43:601][368]LogModuleManager: Shutting down and abandoning module ImgMediaFactory (476)
[2020.11.21-16.59.43:601][368]LogModuleManager: Shutting down and abandoning module AvfMediaFactory (474)
[2020.11.21-16.59.43:601][368]LogModuleManager: Shutting down and abandoning module MagicLeapMediaCodecFactory (472)
[2020.11.21-16.59.43:601][368]LogModuleManager: Shutting down and abandoning module MagicLeapMediaFactory (470)
[2020.11.21-16.59.43:601][368]LogModuleManager: Shutting down and abandoning module PlanarCut (468)
[2020.11.21-16.59.43:601][368]LogModuleManager: Shutting down and abandoning module CharacterAI (466)
[2020.11.21-16.59.43:601][368]LogModuleManager: Shutting down and abandoning module SessionServices (464)
[2020.11.21-16.59.43:601][368]LogModuleManager: Shutting down and abandoning module MovieSceneCapture (462)
[2020.11.21-16.59.43:601][368]LogModuleManager: Shutting down and abandoning module LiveCoding (460)
[2020.11.21-16.59.43:601][368]LogModuleManager: Shutting down and abandoning module LevelSequence (458)
[2020.11.21-16.59.43:602][368]LogModuleManager: Shutting down and abandoning module MovieSceneTracks (456)
[2020.11.21-16.59.43:602][368]LogModuleManager: Shutting down and abandoning module MovieScene (454)
[2020.11.21-16.59.43:602][368]LogModuleManager: Shutting down and abandoning module StreamingPauseRendering (452)
[2020.11.21-16.59.43:602][368]LogModuleManager: Shutting down and abandoning module PortalServices (450)
[2020.11.21-16.59.43:602][368]LogModuleManager: Shutting down and abandoning module PortalRpc (448)
[2020.11.21-16.59.43:602][368]LogModuleManager: Shutting down and abandoning module MessagingRpc (446)
[2020.11.21-16.59.43:602][368]LogModuleManager: Shutting down and abandoning module AudioMixerXAudio2 (444)
[2020.11.21-16.59.43:602][368]LogModuleManager: Shutting down and abandoning module AudioMixerCore (443)
[2020.11.21-16.59.43:602][368]LogModuleManager: Shutting down and abandoning module ProfilerService (440)
[2020.11.21-16.59.43:755][368]LogModuleManager: Shutting down and abandoning module TaskGraph (438)
[2020.11.21-16.59.43:755][368]LogModuleManager: Shutting down and abandoning module Synthesis (436)
[2020.11.21-16.59.43:756][368]LogModuleManager: Shutting down and abandoning module ProceduralMeshComponent (434)
[2020.11.21-16.59.43:756][368]LogModuleManager: Shutting down and abandoning module OculusInput (432)
[2020.11.21-16.59.43:756][368]LogModuleManager: Shutting down and abandoning module MobilePatchingUtils (430)
[2020.11.21-16.59.43:756][368]LogModuleManager: Shutting down and abandoning module GooglePAD (428)
[2020.11.21-16.59.43:756][368]LogModuleManager: Shutting down and abandoning module EditableMesh (426)
[2020.11.21-16.59.43:756][368]LogModuleManager: Shutting down and abandoning module CustomMeshComponent (424)
[2020.11.21-16.59.43:756][368]LogModuleManager: Shutting down and abandoning module CableComponent (422)
[2020.11.21-16.59.43:756][368]LogModuleManager: Shutting down and abandoning module AudioCapture (420)
[2020.11.21-16.59.43:756][368]LogModuleManager: Shutting down and abandoning module AudioCaptureRtAudio (419)
[2020.11.21-16.59.43:756][368]LogModuleManager: Shutting down and abandoning module AssetTags (416)
[2020.11.21-16.59.43:756][368]LogModuleManager: Shutting down and abandoning module ArchVisCharacter (414)
[2020.11.21-16.59.43:756][368]LogModuleManager: Shutting down and abandoning module AppleImageUtilsBlueprintSupport (412)
[2020.11.21-16.59.43:756][368]LogModuleManager: Shutting down and abandoning module AppleImageUtils (410)
[2020.11.21-16.59.43:756][368]LogModuleManager: Shutting down and abandoning module AndroidPermission (408)
[2020.11.21-16.59.43:756][368]LogModuleManager: Shutting down and abandoning module NUTUnrealEngine4 (406)
[2020.11.21-16.59.43:756][368]LogModuleManager: Shutting down and abandoning module NetcodeUnitTest (404)
[2020.11.21-16.59.43:756][368]LogModuleManager: Shutting down and abandoning module TemplateSequence (402)
[2020.11.21-16.59.43:756][368]LogModuleManager: Shutting down and abandoning module MovieRenderPipelineRenderPasses (400)
[2020.11.21-16.59.43:756][368]LogModuleManager: Shutting down and abandoning module MovieRenderPipelineSettings (398)
[2020.11.21-16.59.43:756][368]LogModuleManager: Shutting down and abandoning module MovieRenderPipelineCore (396)
[2020.11.21-16.59.43:756][368]LogModuleManager: Shutting down and abandoning module ImageWriteQueue (395)
[2020.11.21-16.59.43:756][368]LogModuleManager: Shutting down and abandoning module MediaCompositing (392)
[2020.11.21-16.59.43:756][368]LogModuleManager: Shutting down and abandoning module ImgMedia (390)
[2020.11.21-16.59.43:756][368]LogModuleManager: Shutting down and abandoning module MagicLeapSharedWorld (388)
[2020.11.21-16.59.43:756][368]LogModuleManager: Shutting down and abandoning module MagicLeapLightEstimation (386)
[2020.11.21-16.59.43:756][368]LogModuleManager: Shutting down and abandoning module MagicLeapHelperVulkan (384)
[2020.11.21-16.59.43:756][368]LogModuleManager: Shutting down and abandoning module MagicLeapHelperOpenGL (382)
[2020.11.21-16.59.43:756][368]LogModuleManager: Shutting down and abandoning module MagicLeapAudio (380)
[2020.11.21-16.59.43:756][368]LogModuleManager: Shutting down and abandoning module MeshSolverUtilities (378)
[2020.11.21-16.59.43:756][368]LogModuleManager: Shutting down and abandoning module MeshConversion (376)
[2020.11.21-16.59.43:756][368]LogModuleManager: Shutting down and abandoning module DynamicMesh (374)
[2020.11.21-16.59.43:756][368]LogModuleManager: Shutting down and abandoning module GeometryAlgorithms (372)
[2020.11.21-16.59.43:756][368]LogModuleManager: Shutting down and abandoning module GeometricObjects (370)
[2020.11.21-16.59.43:756][368]LogModuleManager: Shutting down and abandoning module GeometryCollectionTracks (368)
[2020.11.21-16.59.43:756][368]LogModuleManager: Shutting down and abandoning module GeometryCollectionSequencer (367)
[2020.11.21-16.59.43:756][368]LogModuleManager: Shutting down and abandoning module GeometryCacheTracks (364)
[2020.11.21-16.59.43:756][368]LogModuleManager: Shutting down and abandoning module GeometryCacheSequencer (363)
[2020.11.21-16.59.43:756][368]LogModuleManager: Shutting down and abandoning module GeometryCache (360)
[2020.11.21-16.59.43:757][368]LogModuleManager: Shutting down and abandoning module GeometryCacheEd (359)
[2020.11.21-16.59.43:757][368]LogModuleManager: Shutting down and abandoning module ChaosNiagara (356)
[2020.11.21-16.59.43:757][368]LogModuleManager: Shutting down and abandoning module ChaosCloth (354)
[2020.11.21-16.59.43:757][368]LogModuleManager: Shutting down and abandoning module BackChannel (352)
[2020.11.21-16.59.43:757][368]LogModuleManager: Shutting down and abandoning module AutomationUtils (350)
[2020.11.21-16.59.43:757][368]LogModuleManager: Shutting down and abandoning module VisualStudioSourceCodeAccess (348)
[2020.11.21-16.59.43:757][368]LogModuleManager: Shutting down and abandoning module HotReload (347)
[2020.11.21-16.59.43:757][368]LogModuleManager: Shutting down and abandoning module VisualStudioCodeSourceCodeAccess (344)
[2020.11.21-16.59.43:757][368]LogModuleManager: Shutting down and abandoning module UObjectPlugin (342)
[2020.11.21-16.59.43:757][368]LogModuleManager: Shutting down and abandoning module SubversionSourceControl (340)
[2020.11.21-16.59.43:757][368]LogModuleManager: Shutting down and abandoning module RiderSourceCodeAccess (338)
[2020.11.21-16.59.43:757][368]LogModuleManager: Shutting down and abandoning module PerforceSourceControl (336)
[2020.11.21-16.59.43:757][368]LogModuleManager: Shutting down and abandoning module SourceControl (335)
[2020.11.21-16.59.43:757][368]LogModuleManager: Shutting down and abandoning module CLionSourceCodeAccess (332)
[2020.11.21-16.59.43:757][368]LogModuleManager: Shutting down and abandoning module ActorLayerUtilities (330)
[2020.11.21-16.59.43:757][368]LogModuleManager: Shutting down and abandoning module NProject (328)
[2020.11.21-16.59.43:757][368]LogModuleManager: Shutting down and abandoning module SoundFields (326)
[2020.11.21-16.59.43:757][368]LogModuleManager: Shutting down and abandoning module SignificanceManager (324)
[2020.11.21-16.59.43:757][368]LogModuleManager: Shutting down and abandoning module RuntimePhysXCooking (322)
[2020.11.21-16.59.43:757][368]LogModuleManager: Shutting down and abandoning module PhysXVehiclesEditor (320)
[2020.11.21-16.59.43:757][368]LogModuleManager: Shutting down and abandoning module LocationServicesBPLibrary (316)
[2020.11.21-16.59.43:757][368]LogModuleManager: Shutting down and abandoning module ActorSequence (314)
[2020.11.21-16.59.43:757][368]LogModuleManager: Shutting down and abandoning module UdpMessaging (312)
[2020.11.21-16.59.43:757][368]LogModuleManager: Shutting down and abandoning module TcpMessaging (310)
[2020.11.21-16.59.43:757][368]LogModuleManager: Shutting down and abandoning module MagicLeapARPin (308)
[2020.11.21-16.59.43:757][368]LogModuleManager: Shutting down and abandoning module MagicLeapHandMeshing (306)
[2020.11.21-16.59.43:757][368]LogModuleManager: Shutting down and abandoning module MagicLeapSecureStorage (304)
[2020.11.21-16.59.43:757][368]LogModuleManager: Shutting down and abandoning module MagicLeapPrivileges (302)
[2020.11.21-16.59.43:757][368]LogModuleManager: Shutting down and abandoning module MagicLeapPlanes (300)
[2020.11.21-16.59.43:758][368]LogMagicLeapPlanes: Planes tracker already destroyed.
[2020.11.21-16.59.43:758][368]LogModuleManager: Shutting down and abandoning module MagicLeapImageTracker (298)
[2020.11.21-16.59.43:758][368]LogModuleManager: Shutting down and abandoning module MagicLeapIdentity (296)
[2020.11.21-16.59.43:758][368]LogModuleManager: Shutting down and abandoning module MagicLeapHandTracking (294)
[2020.11.21-16.59.43:758][368]LogModuleManager: Shutting down and abandoning module MagicLeapEyeTracker (292)
[2020.11.21-16.59.43:758][368]LogModuleManager: Shutting down and abandoning module MagicLeapController (290)
[2020.11.21-16.59.43:758][368]LogSlate: Slate User Destroyed.  User Index 0, Is Virtual User: 0
[2020.11.21-16.59.43:758][368]LogModuleManager: Shutting down and abandoning module MagicLeapARPinImpl (288)
[2020.11.21-16.59.43:758][368]LogModuleManager: Shutting down and abandoning module MagicLeapAR (286)
[2020.11.21-16.59.43:758][368]LogModuleManager: Shutting down and abandoning module AugmentedReality (285)
[2020.11.21-16.59.43:758][368]LogModuleManager: Shutting down and abandoning module NiagaraAnimNotifies (282)
[2020.11.21-16.59.43:758][368]LogModuleManager: Shutting down and abandoning module Niagara (280)
[2020.11.21-16.59.43:758][368]LogModuleManager: Shutting down and abandoning module SignalProcessing (279)
[2020.11.21-16.59.43:758][368]LogModuleManager: Shutting down and abandoning module NiagaraEditor (277)
[2020.11.21-16.59.43:758][368]LogModuleManager: Shutting down and abandoning module NiagaraCore (274)
[2020.11.21-16.59.43:758][368]LogModuleManager: Shutting down and abandoning module GameplayTagsEditor (272)
[2020.11.21-16.59.43:758][368]LogModuleManager: Shutting down and abandoning module FacialAnimation (270)
[2020.11.21-16.59.43:758][368]LogModuleManager: Shutting down and abandoning module AssetManagerEditor (268)
[2020.11.21-16.59.43:758][368]LogModuleManager: Shutting down and abandoning module TreeMap (267)
[2020.11.21-16.59.43:758][368]LogModuleManager: Shutting down and abandoning module AnimationSharing (264)
[2020.11.21-16.59.43:758][368]LogModuleManager: Shutting down and abandoning module LightPropagationVolumeRuntime (262)
[2020.11.21-16.59.43:758][368]LogModuleManager: Shutting down and abandoning module Paper2D (260)
[2020.11.21-16.59.43:758][368]LogModuleManager: Shutting down and abandoning module WindowsMoviePlayer (258)
[2020.11.21-16.59.43:759][368]LogModuleManager: Shutting down and abandoning module WebMMoviePlayer (256)
[2020.11.21-16.59.43:759][368]LogModuleManager: Shutting down and abandoning module NetworkReplayStreaming (254)
[2020.11.21-16.59.43:759][368]LogModuleManager: Shutting down and abandoning module PacketHandler (252)
[2020.11.21-16.59.43:759][368]LogModuleManager: Shutting down and abandoning module ClothingSystemEditor (250)
[2020.11.21-16.59.43:759][368]LogModuleManager: Shutting down and abandoning module ClothingSystemRuntimeNv (248)
[2020.11.21-16.59.43:759][368]LogModuleManager: Shutting down and abandoning module MediaAssets (246)
[2020.11.21-16.59.43:759][368]LogModuleManager: Shutting down and abandoning module Overlay (244)
[2020.11.21-16.59.43:759][368]LogModuleManager: Shutting down and abandoning module OverlayEditor (243)
[2020.11.21-16.59.43:759][368]LogModuleManager: Shutting down and abandoning module VREditor (240)
[2020.11.21-16.59.43:759][368]LogModuleManager: Shutting down and abandoning module StringTableEditor (238)
[2020.11.21-16.59.43:759][368]LogModuleManager: Shutting down and abandoning module GameplayTasksEditor (236)
[2020.11.21-16.59.43:759][368]LogModuleManager: Shutting down and abandoning module BehaviorTreeEditor (234)
[2020.11.21-16.59.43:759][368]LogModuleManager: Shutting down and abandoning module FunctionalTesting (232)
[2020.11.21-16.59.43:760][368]LogModuleManager: Shutting down and abandoning module CollisionAnalyzer (230)
[2020.11.21-16.59.43:760][368]LogModuleManager: Shutting down and abandoning module UMG (228)
[2020.11.21-16.59.43:760][368]LogModuleManager: Shutting down and abandoning module UMGEditor (227)
[2020.11.21-16.59.43:760][368]LogModuleManager: Shutting down and abandoning module Sequencer (226)
[2020.11.21-16.59.43:760][368]LogModuleManager: Shutting down and abandoning module MessageLog (223)
[2020.11.21-16.59.43:760][368]LogModuleManager: Shutting down and abandoning module MaterialEditor (221)
[2020.11.21-16.59.43:760][368]LogModuleManager: Shutting down and abandoning module ContentBrowser (220)
[2020.11.21-16.59.43:760][368]LogModuleManager: Shutting down and abandoning module WorkspaceMenuStructure (219)
[2020.11.21-16.59.43:760][368]LogModuleManager: Shutting down and abandoning module CollectionManager (217)
[2020.11.21-16.59.43:760][368]LogModuleManager: Shutting down and abandoning module DirectoryWatcher (216)
[2020.11.21-16.59.43:760][368]LogModuleManager: Shutting down and abandoning module SlateReflector (208)
[2020.11.21-16.59.43:760][368]LogModuleManager: Shutting down and abandoning module Slate (206)
[2020.11.21-16.59.43:760][368]LogModuleManager: Shutting down and abandoning module SlateCore (204)
[2020.11.21-16.59.43:760][368]LogModuleManager: Shutting down and abandoning module LandscapeEditorUtilities (202)
[2020.11.21-16.59.43:760][368]LogModuleManager: Shutting down and abandoning module EditorStyle (200)
[2020.11.21-16.59.43:761][368]LogModuleManager: Shutting down and abandoning module UnrealEd (198)
[2020.11.21-16.59.43:761][368]LogModuleManager: Shutting down and abandoning module MRMesh (196)
[2020.11.21-16.59.43:761][368]LogModuleManager: Shutting down and abandoning module Messaging (194)
[2020.11.21-16.59.43:761][368]LogModuleManager: Shutting down and abandoning module SourceCodeAccess (192)
[2020.11.21-16.59.43:761][368]LogModuleManager: Shutting down and abandoning module HeadMountedDisplay (190)
[2020.11.21-16.59.43:761][368]LogModuleManager: Shutting down and abandoning module XAudio2 (188)
[2020.11.21-16.59.43:761][368]LogModuleManager: Shutting down and abandoning module Networking (186)
[2020.11.21-16.59.43:762][368]LogModuleManager: Shutting down and abandoning module Core (184)
[2020.11.21-16.59.43:762][368]LogModuleManager: Shutting down and abandoning module MovieSceneTools (182)
[2020.11.21-16.59.43:762][368]LogModuleManager: Shutting down and abandoning module KismetCompiler (180)
[2020.11.21-16.59.43:762][368]LogModuleManager: Shutting down and abandoning module MeshBuilder (178)
[2020.11.21-16.59.43:762][368]LogModuleManager: Shutting down and abandoning module MeshUtilities (176)
[2020.11.21-16.59.43:762][368]LogModuleManager: Shutting down and abandoning module MeshMergeUtilities (175)
[2020.11.21-16.59.43:762][368]LogModuleManager: Shutting down and abandoning module MeshReductionInterface (174)
[2020.11.21-16.59.43:762][368]LogModuleManager: Shutting down and abandoning module MeshBoneReduction (173)
[2020.11.21-16.59.43:762][368]LogModuleManager: Shutting down and abandoning module SkeletalMeshReduction (171)
[2020.11.21-16.59.43:762][368]LogModuleManager: Shutting down and abandoning module ProxyLODMeshReduction (169)
[2020.11.21-16.59.43:762][368]LogModuleManager: Shutting down and abandoning module QuadricMeshReduction (167)
[2020.11.21-16.59.43:762][368]LogModuleManager: Shutting down and abandoning module MaterialBaking (163)
[2020.11.21-16.59.43:762][368]LogModuleManager: Shutting down and abandoning module NullInstallBundleManager (158)
[2020.11.21-16.59.43:762][368]LogModuleManager: Shutting down and abandoning module PIEPreviewDeviceProfileSelector (156)
[2020.11.21-16.59.43:762][368]LogModuleManager: Shutting down and abandoning module DerivedDataCache (154)
[2020.11.21-16.59.43:762][368]LogModuleManager: Shutting down and abandoning module XGEController (152)
[2020.11.21-16.59.43:762][368]LogModuleManager: Shutting down and abandoning module TargetPlatform (150)
[2020.11.21-16.59.43:762][368]LogModuleManager: Shutting down and abandoning module VulkanShaderFormat (149)
[2020.11.21-16.59.43:762][368]LogModuleManager: Shutting down and abandoning module ShaderFormatVectorVM (147)
[2020.11.21-16.59.43:762][368]LogModuleManager: Shutting down and abandoning module ShaderFormatOpenGL (145)
[2020.11.21-16.59.43:762][368]LogModuleManager: Shutting down and abandoning module ShaderFormatD3D (143)
[2020.11.21-16.59.43:762][368]LogModuleManager: Shutting down and abandoning module MetalShaderFormat (141)
[2020.11.21-16.59.43:762][368]LogModuleManager: Shutting down and abandoning module TextureFormatUncompressed (139)
[2020.11.21-16.59.43:762][368]LogModuleManager: Shutting down and abandoning module TextureFormatPVR (137)
[2020.11.21-16.59.43:762][368]LogModuleManager: Shutting down and abandoning module TextureFormatDXT (135)
[2020.11.21-16.59.43:762][368]LogModuleManager: Shutting down and abandoning module TextureFormatIntelISPCTexComp (133)
[2020.11.21-16.59.43:762][368]LogModuleManager: Shutting down and abandoning module TextureFormatASTC (131)
[2020.11.21-16.59.43:762][368]LogModuleManager: Shutting down and abandoning module ImageWrapper (130)
[2020.11.21-16.59.43:762][368]LogModuleManager: Shutting down and abandoning module TextureFormatAndroid (127)
[2020.11.21-16.59.43:762][368]LogModuleManager: Shutting down and abandoning module AudioFormatOpus (125)
[2020.11.21-16.59.43:762][368]LogModuleManager: Shutting down and abandoning module AudioFormatOgg (123)
[2020.11.21-16.59.43:762][368]LogModuleManager: Shutting down and abandoning module AudioFormatADPCM (121)
[2020.11.21-16.59.43:762][368]LogModuleManager: Shutting down and abandoning module WindowsServerTargetPlatform (119)
[2020.11.21-16.59.43:762][368]LogModuleManager: Shutting down and abandoning module WindowsClientTargetPlatform (117)
[2020.11.21-16.59.43:763][368]LogModuleManager: Shutting down and abandoning module WindowsTargetPlatform (115)
[2020.11.21-16.59.43:763][368]LogModuleManager: Shutting down and abandoning module WindowsNoEditorTargetPlatform (113)
[2020.11.21-16.59.43:763][368]LogModuleManager: Shutting down and abandoning module InputCore (110)
[2020.11.21-16.59.43:763][368]LogModuleManager: Shutting down and abandoning module Settings (108)
[2020.11.21-16.59.43:763][368]LogModuleManager: Shutting down and abandoning module PhysXCooking (106)
[2020.11.21-16.59.43:763][368]LogModuleManager: Shutting down and abandoning module ChaosSolvers (104)
[2020.11.21-16.59.43:763][368]LogModuleManager: Shutting down and abandoning module FieldSystemEngine (103)
[2020.11.21-16.59.43:763][368]LogModuleManager: Shutting down and abandoning module Chaos (100)
[2020.11.21-16.59.43:763][368]LogModuleManager: Shutting down and abandoning module WindowsPlatformFeatures (98)
[2020.11.21-16.59.43:763][368]LogModuleManager: Shutting down and abandoning module GameplayMediaEncoder (97)
[2020.11.21-16.59.43:763][368]LogModuleManager: Shutting down and abandoning module AVEncoder (96)
[2020.11.21-16.59.43:763][368]LogModuleManager: Shutting down and abandoning module SteamVRInputDevice (92)
[2020.11.21-16.59.43:763][368]LogModuleManager: Shutting down and abandoning module SteamVRInput (90)
[2020.11.21-16.59.43:763][368]LogModuleManager: Shutting down and abandoning module SteamVR (88)
[2020.11.21-16.59.43:763][368]LogHMD: Freeing OpenVRDLLHandle.
[2020.11.21-16.59.43:763][368]LogModuleManager: Shutting down and abandoning module OculusHMD (86)
[2020.11.21-16.59.43:763][368]LogModuleManager: Shutting down and abandoning module ExampleDeviceProfileSelector (84)
[2020.11.21-16.59.43:763][368]LogModuleManager: Shutting down and abandoning module LauncherChunkInstaller (82)
[2020.11.21-16.59.43:763][368]LogModuleManager: Shutting down and abandoning module OnlineBlueprintSupport (80)
[2020.11.21-16.59.43:763][368]LogModuleManager: Shutting down and abandoning module OnlineSubsystem (76)
[2020.11.21-16.59.43:764][368]LogModuleManager: Shutting down and abandoning module XMPP (71)
[2020.11.21-16.59.43:764][368]LogModuleManager: Shutting down and abandoning module WebSockets (70)
[2020.11.21-16.59.43:772][368]LogModuleManager: Shutting down and abandoning module HTTP (67)
[2020.11.21-16.59.43:777][368]LogModuleManager: Shutting down and abandoning module SSL (66)
[2020.11.21-16.59.43:778][368]LogModuleManager: Shutting down and abandoning module WmfMedia (62)
[2020.11.21-16.59.43:780][368]LogModuleManager: Shutting down and abandoning module Media (61)
[2020.11.21-16.59.43:781][368]LogModuleManager: Shutting down and abandoning module MagicLeap (58)
[2020.11.21-16.59.43:781][368]LogModuleManager: Shutting down and abandoning module NiagaraVertexFactories (56)
[2020.11.21-16.59.43:781][368]LogModuleManager: Shutting down and abandoning module NiagaraShader (54)
[2020.11.21-16.59.43:781][368]LogModuleManager: Shutting down and abandoning module VariantManagerContent (52)
[2020.11.21-16.59.43:781][368]LogModuleManager: Shutting down and abandoning module DatasmithContent (50)
[2020.11.21-16.59.43:781][368]LogModuleManager: Shutting down and abandoning module AISupportModule (48)
[2020.11.21-16.59.43:782][368]LogModuleManager: Shutting down and abandoning module DesktopPlatform (46)
[2020.11.21-16.59.43:782][368]LogModuleManager: Shutting down and abandoning module PlatformCryptoOpenSSL (44)
[2020.11.21-16.59.43:782][368]LogModuleManager: Shutting down and abandoning module PlatformCryptoTypes (42)
[2020.11.21-16.59.43:782][368]LogModuleManager: Shutting down and abandoning module PlatformCrypto (40)
[2020.11.21-16.59.43:782][368]LogModuleManager: Shutting down and abandoning module AnimationModifiers (38)
[2020.11.21-16.59.43:782][368]LogModuleManager: Shutting down and abandoning module PropertyEditor (37)
[2020.11.21-16.59.43:782][368]LogModuleManager: Shutting down and abandoning module AudioEditor (34)
[2020.11.21-16.59.43:782][368]LogModuleManager: Shutting down and abandoning module TextureCompressor (32)
[2020.11.21-16.59.43:782][368]LogModuleManager: Shutting down and abandoning module RenderCore (30)
[2020.11.21-16.59.43:782][368]LogModuleManager: Shutting down and abandoning module Landscape (28)
[2020.11.21-16.59.43:782][368]LogModuleManager: Shutting down and abandoning module SlateRHIRenderer (26)
[2020.11.21-16.59.43:782][368]LogModuleManager: Shutting down and abandoning module OpenGLDrv (24)
[2020.11.21-16.59.43:782][368]LogModuleManager: Shutting down and abandoning module D3D11RHI (22)
[2020.11.21-16.59.43:782][368]LogModuleManager: Shutting down and abandoning module AnimGraphRuntime (20)
[2020.11.21-16.59.43:782][368]LogModuleManager: Shutting down and abandoning module Renderer (18)
[2020.11.21-16.59.43:782][368]LogModuleManager: Shutting down and abandoning module Engine (16)
[2020.11.21-16.59.43:782][368]LogModuleManager: Shutting down and abandoning module CoreUObject (14)
[2020.11.21-16.59.43:782][368]LogModuleManager: Shutting down and abandoning module NetworkFile (12)
[2020.11.21-16.59.43:782][368]LogModuleManager: Shutting down and abandoning module CookedIterativeFile (10)
[2020.11.21-16.59.43:782][368]LogModuleManager: Shutting down and abandoning module StreamingFile (8)
[2020.11.21-16.59.43:782][368]LogModuleManager: Shutting down and abandoning module SandboxFile (6)
[2020.11.21-16.59.43:783][368]LogModuleManager: Shutting down and abandoning module PakFile (4)
[2020.11.21-16.59.43:783][368]LogModuleManager: Shutting down and abandoning module RSA (3)
[2020.11.21-16.59.44:154][368]LogContentStreaming: Display: There are 1 unreleased StreamingManagers
[2020.11.21-16.59.44:154][368]LogD3D11RHI: Shutdown
[2020.11.21-16.59.44:154][368]LogD3D11RHI: CleanupD3DDevice
[2020.11.21-16.59.44:163][368]LogExit: Exiting.
[2020.11.21-16.59.44:195][368]Log file closed, 11/22/20 01:59:44
