Log file open, 11/22/20 03:44:02
LogInit: Display: Running engine for game: NProject
LogPlatformFile: Not using cached read wrapper
LogTaskGraph: Started task graph with 5 named threads and 23 total threads with 3 sets of task threads.
LogStats: Stats thread started at 0.372733
LogD3D11RHI: Loaded GFSDK_Aftermath_Lib.x64.dll
LogICUInternationalization: ICU TimeZone Detection - Raw Offset: +9:00, Platform Override: ''
LogPluginManager: Mounting plugin Paper2D
LogPluginManager: Mounting plugin AISupport
LogPluginManager: Mounting plugin LightPropagationVolume
LogPluginManager: Mounting plugin CameraShakePreviewer
LogPluginManager: Mounting plugin ActorLayerUtilities
LogPluginManager: Mounting plugin AnimationSharing
LogPluginManager: Mounting plugin CLionSourceCodeAccess
LogPluginManager: Mounting plugin CodeLiteSourceCodeAccess
LogPluginManager: Mounting plugin GitSourceControl
LogPluginManager: Mounting plugin KDevelopSourceCodeAccess
LogPluginManager: Mounting plugin NullSourceCodeAccess
LogPluginManager: Mounting plugin PerforceSourceControl
LogPluginManager: Mounting plugin PlasticSourceControl
LogPluginManager: Mounting plugin RiderSourceCodeAccess
LogPluginManager: Mounting plugin SubversionSourceControl
LogPluginManager: Mounting plugin UObjectPlugin
LogPluginManager: Mounting plugin VisualStudioCodeSourceCodeAccess
LogPluginManager: Mounting plugin VisualStudioSourceCodeAccess
LogPluginManager: Mounting plugin XCodeSourceCodeAccess
LogPluginManager: Mounting plugin AssetManagerEditor
LogPluginManager: Mounting plugin CryptoKeys
LogPluginManager: Mounting plugin CurveEditorTools
LogPluginManager: Mounting plugin DataValidation
LogPluginManager: Mounting plugin EditorScriptingUtilities
LogPluginManager: Mounting plugin FacialAnimation
LogPluginManager: Mounting plugin GameplayTagsEditor
LogPluginManager: Mounting plugin GeometryMode
LogPluginManager: Mounting plugin MacGraphicsSwitching
LogPluginManager: Mounting plugin MaterialAnalyzer
LogPluginManager: Mounting plugin MobileLauncherProfileWizard
LogPluginManager: Mounting plugin PluginBrowser
LogPluginManager: Mounting plugin SpeedTreeImporter
LogPluginManager: Mounting plugin DatasmithContent
LogPluginManager: Mounting plugin VariantManagerContent
LogPluginManager: Mounting plugin AlembicImporter
LogPluginManager: Mounting plugin AutomationUtils
LogPluginManager: Mounting plugin BackChannel
LogPluginManager: Mounting plugin ChaosCloth
LogPluginManager: Mounting plugin ChaosClothEditor
LogPluginManager: Mounting plugin ChaosEditor
LogPluginManager: Mounting plugin ChaosNiagara
LogPluginManager: Mounting plugin ChaosSolverPlugin
LogPluginManager: Mounting plugin CharacterAI
LogPluginManager: Mounting plugin GeometryCache
LogPluginManager: Mounting plugin GeometryCollectionPlugin
LogPluginManager: Mounting plugin GeometryProcessing
LogPluginManager: Mounting plugin PlanarCut
LogPluginManager: Mounting plugin PlatformCrypto
LogPluginManager: Mounting plugin ProxyLODPlugin
LogPluginManager: Mounting plugin SkeletalReduction
LogPluginManager: Mounting plugin Niagara
LogPluginManager: Mounting plugin MagicLeap
LogPluginManager: Mounting plugin MagicLeapLightEstimation
LogPluginManager: Mounting plugin MagicLeapMedia
LogPluginManager: Mounting plugin MagicLeapPassableWorld
LogPluginManager: Mounting plugin MLSDK
LogPluginManager: Mounting plugin AndroidMedia
LogPluginManager: Mounting plugin AvfMedia
LogPluginManager: Mounting plugin ImgMedia
LogPluginManager: Mounting plugin MediaCompositing
LogPluginManager: Mounting plugin MediaPlayerEditor
LogPluginManager: Mounting plugin WebMMedia
LogPluginManager: Mounting plugin WmfMedia
LogPluginManager: Mounting plugin MeshPainting
LogPluginManager: Mounting plugin TcpMessaging
LogPluginManager: Mounting plugin UdpMessaging
LogPluginManager: Mounting plugin ActorSequence
LogPluginManager: Mounting plugin LevelSequenceEditor
LogPluginManager: Mounting plugin MatineeToLevelSequence
LogPluginManager: Mounting plugin MovieRenderPipeline
LogPluginManager: Mounting plugin TemplateSequence
LogPluginManager: Mounting plugin NetcodeUnitTest
LogPluginManager: Mounting plugin NUTUnrealEngine4
LogPluginManager: Mounting plugin OnlineSubsystemGooglePlay
LogPluginManager: Mounting plugin OnlineSubsystemIOS
LogPluginManager: Mounting plugin OnlineSubsystem
LogPluginManager: Mounting plugin OnlineSubsystemNull
LogPluginManager: Mounting plugin OnlineSubsystemUtils
LogPluginManager: Mounting plugin LauncherChunkInstaller
LogPluginManager: Mounting plugin AndroidDeviceProfileSelector
LogPluginManager: Mounting plugin AndroidMoviePlayer
LogPluginManager: Mounting plugin AndroidPermission
LogPluginManager: Mounting plugin AppleImageUtils
LogPluginManager: Mounting plugin AppleMoviePlayer
LogPluginManager: Mounting plugin ArchVisCharacter
LogPluginManager: Mounting plugin AssetTags
LogPluginManager: Mounting plugin AudioCapture
LogPluginManager: Mounting plugin CableComponent
LogPluginManager: Mounting plugin CustomMeshComponent
LogPluginManager: Mounting plugin EditableMesh
LogPluginManager: Mounting plugin ExampleDeviceProfileSelector
LogPluginManager: Mounting plugin GoogleCloudMessaging
LogPluginManager: Mounting plugin GooglePAD
LogPluginManager: Mounting plugin IOSDeviceProfileSelector
LogPluginManager: Mounting plugin LinuxDeviceProfileSelector
LogPluginManager: Mounting plugin LocationServicesBPLibrary
LogPluginManager: Mounting plugin MobilePatchingUtils
LogPluginManager: Mounting plugin OculusVR
LogPluginManager: Mounting plugin PhysXVehicles
LogPluginManager: Mounting plugin PostSplashScreen
LogPluginManager: Mounting plugin ProceduralMeshComponent
LogPluginManager: Mounting plugin RuntimePhysXCooking
LogPluginManager: Mounting plugin SignificanceManager
LogPluginManager: Mounting plugin SoundFields
LogPluginManager: Mounting plugin SteamVR
LogPluginManager: Mounting plugin Synthesis
LogPluginManager: Mounting plugin WebMMoviePlayer
LogPluginManager: Mounting plugin WindowsMoviePlayer
LogPluginManager: Mounting plugin ScreenshotTools
LogInit: Using libcurl 7.55.1-DEV
LogInit:  - built for x86_64-pc-win32
LogInit:  - supports SSL with OpenSSL/1.1.1
LogInit:  - supports HTTP deflate (compression) using libz 1.2.8
LogInit:  - other features:
LogInit:      CURL_VERSION_SSL
LogInit:      CURL_VERSION_LIBZ
LogInit:      CURL_VERSION_IPV6
LogInit:      CURL_VERSION_ASYNCHDNS
LogInit:      CURL_VERSION_LARGEFILE
LogInit:      CURL_VERSION_IDN
LogInit:  CurlRequestOptions (configurable via config and command line):
LogInit:  - bVerifyPeer = true  - Libcurl will verify peer certificate
LogInit:  - bUseHttpProxy = false  - Libcurl will NOT use HTTP proxy
LogInit:  - bDontReuseConnections = false  - Libcurl will reuse connections
LogInit:  - MaxHostConnections = 16  - Libcurl will limit the number of connections to a host
LogInit:  - LocalHostAddr = Default
LogInit:  - BufferSize = 65536
LogOnline: OSS: Creating online subsystem instance for: NULL
LogInit: WinSock: version 1.1 (2.2), MaxSocks=32767, MaxUdp=65467
LogOnline: OSS: TryLoadSubsystemAndSetDefault: Loaded subsystem for module [NULL]
LogInit: Build: ++UE4+Release-4.25-CL-13942748
LogInit: Engine Version: 4.25.3-13942748+++UE4+Release-4.25
LogInit: Compatible Engine Version: 4.25.0-13144385+++UE4+Release-4.25
LogInit: Net CL: 13144385
LogInit: OS: Windows 10 (Release 1909) (), CPU: Intel(R) Core(TM) i7-6700K CPU @ 4.00GHz, GPU: NVIDIA GeForce GTX 1070
LogInit: Compiled (64-bit): Jul 25 2020 02:07:48
LogInit: Compiled with Visual C++: 19.24.28315.00
LogInit: Build Configuration: Development
LogInit: Branch Name: ++UE4+Release-4.25
LogInit: Command Line:  -skipcompile
LogInit: Base Directory: E:/UnrealEngine/UE_4.25/Engine/Binaries/Win64/
LogInit: Allocator: TBB
LogInit: Installed Engine Build: 1
LogDevObjectVersion: Number of dev versions registered: 26
LogDevObjectVersion:   Dev-Blueprints (B0D832E4-1F89-4F0D-ACCF-7EB736FD4AA2): 10
LogDevObjectVersion:   Dev-Build (E1C64328-A22C-4D53-A36C-8E866417BD8C): 0
LogDevObjectVersion:   Dev-Core (375EC13C-06E4-48FB-B500-84F0262A717E): 4
LogDevObjectVersion:   Dev-Editor (E4B068ED-F494-42E9-A231-DA0B2E46BB41): 38
LogDevObjectVersion:   Dev-Framework (CFFC743F-43B0-4480-9391-14DF171D2073): 37
LogDevObjectVersion:   Dev-Mobile (B02B49B5-BB20-44E9-A304-32B752E40360): 2
LogDevObjectVersion:   Dev-Networking (A4E4105C-59A1-49B5-A7C5-40C4547EDFEE): 0
LogDevObjectVersion:   Dev-Online (39C831C9-5AE6-47DC-9A44-9C173E1C8E7C): 0
LogDevObjectVersion:   Dev-Physics (78F01B33-EBEA-4F98-B9B4-84EACCB95AA2): 4
LogDevObjectVersion:   Dev-Platform (6631380F-2D4D-43E0-8009-CF276956A95A): 0
LogDevObjectVersion:   Dev-Rendering (12F88B9F-8875-4AFC-A67C-D90C383ABD29): 43
LogDevObjectVersion:   Dev-Sequencer (7B5AE74C-D270-4C10-A958-57980B212A5A): 12
LogDevObjectVersion:   Dev-VR (D7296918-1DD6-4BDD-9DE2-64A83CC13884): 3
LogDevObjectVersion:   Dev-LoadTimes (C2A15278-BFE7-4AFE-6C17-90FF531DF755): 1
LogDevObjectVersion:   Private-Geometry (6EACA3D4-40EC-4CC1-B786-8BED09428FC5): 3
LogDevObjectVersion:   Dev-AnimPhys (29E575DD-E0A3-4627-9D10-D276232CDCEA): 17
LogDevObjectVersion:   Dev-Anim (AF43A65D-7FD3-4947-9873-3E8ED9C1BB05): 7
LogDevObjectVersion:   Dev-ReflectionCapture (6B266CEC-1EC7-4B8F-A30B-E4D90942FC07): 1
LogDevObjectVersion:   Dev-Automation (0DF73D61-A23F-47EA-B727-89E90C41499A): 1
LogDevObjectVersion:   FortniteMain (601D1886-AC64-4F84-AA16-D3DE0DEAC7D6): 31
LogDevObjectVersion:   Dev-Enterprise (9DFFBCD6-494F-0158-E221-12823C92A888): 10
LogDevObjectVersion:   Dev-Niagara (F2AED0AC-9AFE-416F-8664-AA7FFA26D6FC): 1
LogDevObjectVersion:   Dev-Destruction (174F1F0B-B4C6-45A5-B13F-2EE8D0FB917D): 10
LogDevObjectVersion:   Dev-Physics-Ext (35F94A83-E258-406C-A318-09F59610247C): 37
LogDevObjectVersion:   Dev-PhysicsMaterial-Chaos (B68FC16E-8B1B-42E2-B453-215C058844FE): 1
LogDevObjectVersion:   Dev-CineCamera (B2E18506-4273-CFC2-A54E-F4BB758BBA07): 1
LogInit: Presizing for max 25165824 objects, including 0 objects not considered by GC, pre-allocating 0 bytes for permanent pool.
LogConfig: Applying CVar settings from Section [/Script/Engine.StreamingSettings] File [E:/UnrealProject/Min/NProject/Saved/Config/Windows/Engine.ini]
LogConfig: Setting CVar [[s.MinBulkDataSizeForAsyncLoading:131072]]
LogConfig: Setting CVar [[s.AsyncLoadingThreadEnabled:0]]
LogConfig: Setting CVar [[s.EventDrivenLoaderEnabled:1]]
LogConfig: Setting CVar [[s.WarnIfTimeLimitExceeded:0]]
LogConfig: Setting CVar [[s.TimeLimitExceededMultiplier:1.5]]
LogConfig: Setting CVar [[s.TimeLimitExceededMinTime:0.005]]
LogConfig: Setting CVar [[s.UseBackgroundLevelStreaming:1]]
LogConfig: Setting CVar [[s.PriorityAsyncLoadingExtraTime:15.0]]
LogConfig: Setting CVar [[s.LevelStreamingActorsUpdateTimeLimit:5.0]]
LogConfig: Setting CVar [[s.PriorityLevelStreamingActorsUpdateExtraTime:5.0]]
LogConfig: Setting CVar [[s.LevelStreamingComponentsRegistrationGranularity:10]]
LogConfig: Setting CVar [[s.UnregisterComponentsTimeLimit:1.0]]
LogConfig: Setting CVar [[s.LevelStreamingComponentsUnregistrationGranularity:5]]
LogConfig: Setting CVar [[s.FlushStreamingOnExit:1]]
LogInit: Object subsystem initialized
LogConfig: Setting CVar [[con.DebugEarlyDefault:1]]
LogConfig: Setting CVar [[r.setres:1280x720]]
[2020.11.21-18.44.02:607][  0]LogConfig: Setting CVar [[r.VSync:0]]
[2020.11.21-18.44.02:607][  0]LogConfig: Setting CVar [[r.RHICmdBypass:0]]
[2020.11.21-18.44.02:607][  0]LogConfig: Applying CVar settings from Section [/Script/Engine.RendererSettings] File [E:/UnrealProject/Min/NProject/Saved/Config/Windows/Engine.ini]
[2020.11.21-18.44.02:607][  0]LogConfig: Setting CVar [[r.GPUCrashDebugging:0]]
[2020.11.21-18.44.02:608][  0]LogConfig: Applying CVar settings from Section [/Script/Engine.RendererOverrideSettings] File [E:/UnrealProject/Min/NProject/Saved/Config/Windows/Engine.ini]
[2020.11.21-18.44.02:608][  0]LogConfig: Applying CVar settings from Section [/Script/Engine.StreamingSettings] File [E:/UnrealProject/Min/NProject/Saved/Config/Windows/Engine.ini]
[2020.11.21-18.44.02:608][  0]LogConfig: Setting CVar [[s.MinBulkDataSizeForAsyncLoading:131072]]
[2020.11.21-18.44.02:608][  0]LogConfig: Setting CVar [[s.AsyncLoadingThreadEnabled:0]]
[2020.11.21-18.44.02:608][  0]LogConfig: Setting CVar [[s.EventDrivenLoaderEnabled:1]]
[2020.11.21-18.44.02:608][  0]LogConfig: Setting CVar [[s.WarnIfTimeLimitExceeded:0]]
[2020.11.21-18.44.02:608][  0]LogConfig: Setting CVar [[s.TimeLimitExceededMultiplier:1.5]]
[2020.11.21-18.44.02:608][  0]LogConfig: Setting CVar [[s.TimeLimitExceededMinTime:0.005]]
[2020.11.21-18.44.02:608][  0]LogConfig: Setting CVar [[s.UseBackgroundLevelStreaming:1]]
[2020.11.21-18.44.02:608][  0]LogConfig: Setting CVar [[s.PriorityAsyncLoadingExtraTime:15.0]]
[2020.11.21-18.44.02:608][  0]LogConfig: Setting CVar [[s.LevelStreamingActorsUpdateTimeLimit:5.0]]
[2020.11.21-18.44.02:608][  0]LogConfig: Setting CVar [[s.PriorityLevelStreamingActorsUpdateExtraTime:5.0]]
[2020.11.21-18.44.02:608][  0]LogConfig: Setting CVar [[s.LevelStreamingComponentsRegistrationGranularity:10]]
[2020.11.21-18.44.02:608][  0]LogConfig: Setting CVar [[s.UnregisterComponentsTimeLimit:1.0]]
[2020.11.21-18.44.02:608][  0]LogConfig: Setting CVar [[s.LevelStreamingComponentsUnregistrationGranularity:5]]
[2020.11.21-18.44.02:608][  0]LogConfig: Setting CVar [[s.FlushStreamingOnExit:1]]
[2020.11.21-18.44.02:608][  0]LogConfig: Applying CVar settings from Section [/Script/Engine.GarbageCollectionSettings] File [E:/UnrealProject/Min/NProject/Saved/Config/Windows/Engine.ini]
[2020.11.21-18.44.02:608][  0]LogConfig: Setting CVar [[gc.MaxObjectsNotConsideredByGC:1]]
[2020.11.21-18.44.02:608][  0]LogConfig: Setting CVar [[gc.SizeOfPermanentObjectPool:0]]
[2020.11.21-18.44.02:608][  0]LogConfig: Setting CVar [[gc.FlushStreamingOnGC:0]]
[2020.11.21-18.44.02:608][  0]LogConfig: Setting CVar [[gc.NumRetriesBeforeForcingGC:10]]
[2020.11.21-18.44.02:609][  0]LogConfig: Setting CVar [[gc.AllowParallelGC:1]]
[2020.11.21-18.44.02:609][  0]LogConfig: Setting CVar [[gc.TimeBetweenPurgingPendingKillObjects:61.1]]
[2020.11.21-18.44.02:609][  0]LogConfig: Setting CVar [[gc.MaxObjectsInEditor:25165824]]
[2020.11.21-18.44.02:609][  0]LogConfig: Setting CVar [[gc.IncrementalBeginDestroyEnabled:1]]
[2020.11.21-18.44.02:609][  0]LogConfig: Setting CVar [[gc.CreateGCClusters:1]]
[2020.11.21-18.44.02:609][  0]LogConfig: Setting CVar [[gc.MinGCClusterSize:5]]
[2020.11.21-18.44.02:609][  0]LogConfig: Setting CVar [[gc.ActorClusteringEnabled:0]]
[2020.11.21-18.44.02:609][  0]LogConfig: Setting CVar [[gc.BlueprintClusteringEnabled:0]]
[2020.11.21-18.44.02:609][  0]LogConfig: Setting CVar [[gc.UseDisregardForGCOnDedicatedServers:0]]
[2020.11.21-18.44.02:609][  0]LogConfig: Applying CVar settings from Section [/Script/Engine.NetworkSettings] File [E:/UnrealProject/Min/NProject/Saved/Config/Windows/Engine.ini]
[2020.11.21-18.44.02:609][  0]LogConfig: Applying CVar settings from Section [/Script/UnrealEd.CookerSettings] File [E:/UnrealProject/Min/NProject/Saved/Config/Windows/Engine.ini]
[2020.11.21-18.44.02:615][  0]LogConfig: Applying CVar settings from Section [ViewDistanceQuality@3] File [E:/UnrealProject/Min/NProject/Saved/Config/Windows/Scalability.ini]
[2020.11.21-18.44.02:616][  0]LogConfig: Setting CVar [[r.SkeletalMeshLODBias:0]]
[2020.11.21-18.44.02:616][  0]LogConfig: Setting CVar [[r.ViewDistanceScale:1.0]]
[2020.11.21-18.44.02:616][  0]LogConfig: Applying CVar settings from Section [AntiAliasingQuality@3] File [E:/UnrealProject/Min/NProject/Saved/Config/Windows/Scalability.ini]
[2020.11.21-18.44.02:616][  0]LogConfig: Setting CVar [[r.PostProcessAAQuality:4]]
[2020.11.21-18.44.02:616][  0]LogConfig: Applying CVar settings from Section [ShadowQuality@3] File [E:/UnrealProject/Min/NProject/Saved/Config/Windows/Scalability.ini]
[2020.11.21-18.44.02:616][  0]LogConfig: Setting CVar [[r.LightFunctionQuality:1]]
[2020.11.21-18.44.02:616][  0]LogConfig: Setting CVar [[r.ShadowQuality:5]]
[2020.11.21-18.44.02:616][  0]LogConfig: Setting CVar [[r.Shadow.CSM.MaxCascades:10]]
[2020.11.21-18.44.02:616][  0]LogConfig: Setting CVar [[r.Shadow.MaxResolution:2048]]
[2020.11.21-18.44.02:616][  0]LogConfig: Setting CVar [[r.Shadow.MaxCSMResolution:2048]]
[2020.11.21-18.44.02:616][  0]LogConfig: Setting CVar [[r.Shadow.RadiusThreshold:0.01]]
[2020.11.21-18.44.02:616][  0]LogConfig: Setting CVar [[r.Shadow.DistanceScale:1.0]]
[2020.11.21-18.44.02:616][  0]LogConfig: Setting CVar [[r.Shadow.CSM.TransitionScale:1.0]]
[2020.11.21-18.44.02:616][  0]LogConfig: Setting CVar [[r.Shadow.PreShadowResolutionFactor:1.0]]
[2020.11.21-18.44.02:616][  0]LogConfig: Setting CVar [[r.DistanceFieldShadowing:1]]
[2020.11.21-18.44.02:616][  0]LogConfig: Setting CVar [[r.DistanceFieldAO:1]]
[2020.11.21-18.44.02:616][  0]LogConfig: Setting CVar [[r.AOQuality:2]]
[2020.11.21-18.44.02:616][  0]LogConfig: Setting CVar [[r.VolumetricFog:1]]
[2020.11.21-18.44.02:616][  0]LogConfig: Setting CVar [[r.VolumetricFog.GridPixelSize:8]]
[2020.11.21-18.44.02:616][  0]LogConfig: Setting CVar [[r.VolumetricFog.GridSizeZ:128]]
[2020.11.21-18.44.02:617][  0]LogConfig: Setting CVar [[r.VolumetricFog.HistoryMissSupersampleCount:4]]
[2020.11.21-18.44.02:617][  0]LogConfig: Setting CVar [[r.LightMaxDrawDistanceScale:1]]
[2020.11.21-18.44.02:617][  0]LogConfig: Setting CVar [[r.CapsuleShadows:1]]
[2020.11.21-18.44.02:617][  0]LogConfig: Applying CVar settings from Section [PostProcessQuality@3] File [E:/UnrealProject/Min/NProject/Saved/Config/Windows/Scalability.ini]
[2020.11.21-18.44.02:617][  0]LogConfig: Setting CVar [[r.MotionBlurQuality:4]]
[2020.11.21-18.44.02:617][  0]LogConfig: Setting CVar [[r.AmbientOcclusionMipLevelFactor:0.4]]
[2020.11.21-18.44.02:617][  0]LogConfig: Setting CVar [[r.AmbientOcclusionMaxQuality:100]]
[2020.11.21-18.44.02:617][  0]LogConfig: Setting CVar [[r.AmbientOcclusionLevels:-1]]
[2020.11.21-18.44.02:617][  0]LogConfig: Setting CVar [[r.AmbientOcclusionRadiusScale:1.0]]
[2020.11.21-18.44.02:617][  0]LogConfig: Setting CVar [[r.DepthOfFieldQuality:2]]
[2020.11.21-18.44.02:617][  0]LogConfig: Setting CVar [[r.RenderTargetPoolMin:400]]
[2020.11.21-18.44.02:617][  0]LogConfig: Setting CVar [[r.LensFlareQuality:2]]
[2020.11.21-18.44.02:617][  0]LogConfig: Setting CVar [[r.SceneColorFringeQuality:1]]
[2020.11.21-18.44.02:617][  0]LogConfig: Setting CVar [[r.EyeAdaptationQuality:2]]
[2020.11.21-18.44.02:618][  0]LogConfig: Setting CVar [[r.BloomQuality:5]]
[2020.11.21-18.44.02:618][  0]LogConfig: Setting CVar [[r.FastBlurThreshold:100]]
[2020.11.21-18.44.02:618][  0]LogConfig: Setting CVar [[r.Upscale.Quality:3]]
[2020.11.21-18.44.02:618][  0]LogConfig: Setting CVar [[r.Tonemapper.GrainQuantization:1]]
[2020.11.21-18.44.02:618][  0]LogConfig: Setting CVar [[r.LightShaftQuality:1]]
[2020.11.21-18.44.02:618][  0]LogConfig: Setting CVar [[r.Filter.SizeScale:1]]
[2020.11.21-18.44.02:618][  0]LogConfig: Setting CVar [[r.Tonemapper.Quality:5]]
[2020.11.21-18.44.02:618][  0]LogConfig: Setting CVar [[r.DOF.Gather.AccumulatorQuality:1        ; higher gathering accumulator quality]]
[2020.11.21-18.44.02:618][  0]LogConfig: Setting CVar [[r.DOF.Gather.PostfilterMethod:1          ; Median3x3 postfilering method]]
[2020.11.21-18.44.02:618][  0]LogConfig: Setting CVar [[r.DOF.Gather.EnableBokehSettings:0       ; no bokeh simulation when gathering]]
[2020.11.21-18.44.02:618][  0]LogConfig: Setting CVar [[r.DOF.Gather.RingCount:4                 ; medium number of samples when gathering]]
[2020.11.21-18.44.02:618][  0]LogConfig: Setting CVar [[r.DOF.Scatter.ForegroundCompositing:1    ; additive foreground scattering]]
[2020.11.21-18.44.02:618][  0]LogConfig: Setting CVar [[r.DOF.Scatter.BackgroundCompositing:2    ; additive background scattering]]
[2020.11.21-18.44.02:618][  0]LogConfig: Setting CVar [[r.DOF.Scatter.EnableBokehSettings:1      ; bokeh simulation when scattering]]
[2020.11.21-18.44.02:618][  0]LogConfig: Setting CVar [[r.DOF.Scatter.MaxSpriteRatio:0.1         ; only a maximum of 10% of scattered bokeh]]
[2020.11.21-18.44.02:618][  0]LogConfig: Setting CVar [[r.DOF.Recombine.Quality:1                ; cheap slight out of focus]]
[2020.11.21-18.44.02:618][  0]LogConfig: Setting CVar [[r.DOF.Recombine.EnableBokehSettings:0    ; no bokeh simulation on slight out of focus]]
[2020.11.21-18.44.02:619][  0]LogConfig: Setting CVar [[r.DOF.TemporalAAQuality:1                ; more stable temporal accumulation]]
[2020.11.21-18.44.02:619][  0]LogConfig: Setting CVar [[r.DOF.Kernel.MaxForegroundRadius:0.025]]
[2020.11.21-18.44.02:619][  0]LogConfig: Setting CVar [[r.DOF.Kernel.MaxBackgroundRadius:0.025]]
[2020.11.21-18.44.02:619][  0]LogConfig: Applying CVar settings from Section [TextureQuality@3] File [E:/UnrealProject/Min/NProject/Saved/Config/Windows/Scalability.ini]
[2020.11.21-18.44.02:619][  0]LogConfig: Setting CVar [[r.Streaming.MipBias:0]]
[2020.11.21-18.44.02:619][  0]LogConfig: Setting CVar [[r.Streaming.AmortizeCPUToGPUCopy:0]]
[2020.11.21-18.44.02:619][  0]LogConfig: Setting CVar [[r.Streaming.MaxNumTexturesToStreamPerFrame:0]]
[2020.11.21-18.44.02:619][  0]LogConfig: Setting CVar [[r.Streaming.Boost:1]]
[2020.11.21-18.44.02:619][  0]LogConfig: Setting CVar [[r.MaxAnisotropy:8]]
[2020.11.21-18.44.02:619][  0]LogConfig: Setting CVar [[r.VT.MaxAnisotropy:8]]
[2020.11.21-18.44.02:619][  0]LogConfig: Setting CVar [[r.Streaming.LimitPoolSizeToVRAM:0]]
[2020.11.21-18.44.02:619][  0]LogConfig: Setting CVar [[r.Streaming.PoolSize:1000]]
[2020.11.21-18.44.02:619][  0]LogConfig: Setting CVar [[r.Streaming.MaxEffectiveScreenSize:0]]
[2020.11.21-18.44.02:619][  0]LogConfig: Applying CVar settings from Section [EffectsQuality@3] File [E:/UnrealProject/Min/NProject/Saved/Config/Windows/Scalability.ini]
[2020.11.21-18.44.02:619][  0]LogConfig: Setting CVar [[r.TranslucencyLightingVolumeDim:64]]
[2020.11.21-18.44.02:619][  0]LogConfig: Setting CVar [[r.RefractionQuality:2]]
[2020.11.21-18.44.02:619][  0]LogConfig: Setting CVar [[r.SSR.Quality:3]]
[2020.11.21-18.44.02:619][  0]LogConfig: Setting CVar [[r.SSR.HalfResSceneColor:0]]
[2020.11.21-18.44.02:619][  0]LogConfig: Setting CVar [[r.SceneColorFormat:4]]
[2020.11.21-18.44.02:619][  0]LogConfig: Setting CVar [[r.DetailMode:2]]
[2020.11.21-18.44.02:619][  0]LogConfig: Setting CVar [[r.TranslucencyVolumeBlur:1]]
[2020.11.21-18.44.02:619][  0]LogConfig: Setting CVar [[r.MaterialQualityLevel:1 ; High quality]]
[2020.11.21-18.44.02:619][  0]LogConfig: Setting CVar [[r.SSS.Scale:1]]
[2020.11.21-18.44.02:619][  0]LogConfig: Setting CVar [[r.SSS.SampleSet:2]]
[2020.11.21-18.44.02:619][  0]LogConfig: Setting CVar [[r.SSS.Quality:1]]
[2020.11.21-18.44.02:619][  0]LogConfig: Setting CVar [[r.SSS.HalfRes:0]]
[2020.11.21-18.44.02:619][  0]LogConfig: Setting CVar [[r.SSGI.Quality:3]]
[2020.11.21-18.44.02:619][  0]LogConfig: Setting CVar [[r.EmitterSpawnRateScale:1.0]]
[2020.11.21-18.44.02:619][  0]LogConfig: Setting CVar [[r.ParticleLightQuality:2]]
[2020.11.21-18.44.02:619][  0]LogConfig: Setting CVar [[r.SkyAtmosphere.AerialPerspectiveLUT.FastApplyOnOpaque:1 ; Always have FastSkyLUT 1 in this case to avoid wrong sky]]
[2020.11.21-18.44.02:619][  0]LogConfig: Setting CVar [[r.SkyAtmosphere.AerialPerspectiveLUT.SampleCountPerSlice:1]]
[2020.11.21-18.44.02:619][  0]LogConfig: Setting CVar [[r.SkyAtmosphere.AerialPerspectiveLUT.DepthResolution:16.0]]
[2020.11.21-18.44.02:619][  0]LogConfig: Setting CVar [[r.SkyAtmosphere.FastSkyLUT:1]]
[2020.11.21-18.44.02:619][  0]LogConfig: Setting CVar [[r.SkyAtmosphere.FastSkyLUT.SampleCountMin:4.0]]
[2020.11.21-18.44.02:619][  0]LogConfig: Setting CVar [[r.SkyAtmosphere.FastSkyLUT.SampleCountMax:32.0]]
[2020.11.21-18.44.02:619][  0]LogConfig: Setting CVar [[r.SkyAtmosphere.SampleCountMin:4.0]]
[2020.11.21-18.44.02:619][  0]LogConfig: Setting CVar [[r.SkyAtmosphere.SampleCountMax:32.0]]
[2020.11.21-18.44.02:619][  0]LogConfig: Setting CVar [[r.SkyAtmosphere.TransmittanceLUT.UseSmallFormat:0]]
[2020.11.21-18.44.02:619][  0]LogConfig: Setting CVar [[r.SkyAtmosphere.TransmittanceLUT.SampleCount:10.0]]
[2020.11.21-18.44.02:620][  0]LogConfig: Setting CVar [[r.SkyAtmosphere.MultiScatteringLUT.SampleCount:15.0]]
[2020.11.21-18.44.02:620][  0]LogConfig: Applying CVar settings from Section [FoliageQuality@3] File [E:/UnrealProject/Min/NProject/Saved/Config/Windows/Scalability.ini]
[2020.11.21-18.44.02:620][  0]LogConfig: Setting CVar [[foliage.DensityScale:1.0]]
[2020.11.21-18.44.02:620][  0]LogConfig: Setting CVar [[grass.DensityScale:1.0]]
[2020.11.21-18.44.02:620][  0]LogConfig: Applying CVar settings from Section [ShadingQuality@3] File [E:/UnrealProject/Min/NProject/Saved/Config/Windows/Scalability.ini]
[2020.11.21-18.44.02:620][  0]LogConfig: Setting CVar [[r.HairStrands.SkyLighting.SampleCount:16]]
[2020.11.21-18.44.02:620][  0]LogConfig: Setting CVar [[r.HairStrands.SkyLighting.JitterIntegration:0]]
[2020.11.21-18.44.02:620][  0]LogConfig: Setting CVar [[r.HairStrands.SkyAO.SampleCount:16]]
[2020.11.21-18.44.02:620][  0]LogConfig: Setting CVar [[r.HairStrands.DeepShadow.SuperSampling:0]]
[2020.11.21-18.44.02:620][  0]LogConfig: Setting CVar [[r.HairStrands.VisibilityPPLL:0]]
[2020.11.21-18.44.02:620][  0]LogConfig: Setting CVar [[r.HairStrands.RasterizationScale:0.5]]
[2020.11.21-18.44.02:620][  0]LogConfig: Setting CVar [[r.HairStrands.VelocityRasterizationScale:1]]
[2020.11.21-18.44.02:620][  0]LogInit: Selected Device Profile: [Windows]
[2020.11.21-18.44.02:620][  0]LogInit: Applying CVar settings loaded from the selected device profile: [Windows]
[2020.11.21-18.44.02:620][  0]LogHAL: Display: Platform has ~ 16 GB [17134899200 / 17179869184 / 16], which maps to Larger [LargestMinGB=32, LargerMinGB=12, DefaultMinGB=8, SmallerMinGB=6, SmallestMinGB=0)
[2020.11.21-18.44.02:620][  0]LogInit: Going up to parent DeviceProfile []
[2020.11.21-18.44.02:621][  0]LogConfig: Applying CVar settings from Section [ViewDistanceQuality@3] File [E:/UnrealProject/Min/NProject/Saved/Config/Windows/Scalability.ini]
[2020.11.21-18.44.02:621][  0]LogConfig: Setting CVar [[r.SkeletalMeshLODBias:0]]
[2020.11.21-18.44.02:621][  0]LogConfig: Setting CVar [[r.ViewDistanceScale:1.0]]
[2020.11.21-18.44.02:621][  0]LogConfig: Applying CVar settings from Section [AntiAliasingQuality@3] File [E:/UnrealProject/Min/NProject/Saved/Config/Windows/Scalability.ini]
[2020.11.21-18.44.02:621][  0]LogConfig: Setting CVar [[r.PostProcessAAQuality:4]]
[2020.11.21-18.44.02:621][  0]LogConfig: Applying CVar settings from Section [ShadowQuality@3] File [E:/UnrealProject/Min/NProject/Saved/Config/Windows/Scalability.ini]
[2020.11.21-18.44.02:621][  0]LogConfig: Setting CVar [[r.LightFunctionQuality:1]]
[2020.11.21-18.44.02:621][  0]LogConfig: Setting CVar [[r.ShadowQuality:5]]
[2020.11.21-18.44.02:621][  0]LogConfig: Setting CVar [[r.Shadow.CSM.MaxCascades:10]]
[2020.11.21-18.44.02:621][  0]LogConfig: Setting CVar [[r.Shadow.MaxResolution:2048]]
[2020.11.21-18.44.02:621][  0]LogConfig: Setting CVar [[r.Shadow.MaxCSMResolution:2048]]
[2020.11.21-18.44.02:621][  0]LogConfig: Setting CVar [[r.Shadow.RadiusThreshold:0.01]]
[2020.11.21-18.44.02:621][  0]LogConfig: Setting CVar [[r.Shadow.DistanceScale:1.0]]
[2020.11.21-18.44.02:621][  0]LogConfig: Setting CVar [[r.Shadow.CSM.TransitionScale:1.0]]
[2020.11.21-18.44.02:621][  0]LogConfig: Setting CVar [[r.Shadow.PreShadowResolutionFactor:1.0]]
[2020.11.21-18.44.02:621][  0]LogConfig: Setting CVar [[r.DistanceFieldShadowing:1]]
[2020.11.21-18.44.02:621][  0]LogConfig: Setting CVar [[r.DistanceFieldAO:1]]
[2020.11.21-18.44.02:622][  0]LogConfig: Setting CVar [[r.AOQuality:2]]
[2020.11.21-18.44.02:622][  0]LogConfig: Setting CVar [[r.VolumetricFog:1]]
[2020.11.21-18.44.02:622][  0]LogConfig: Setting CVar [[r.VolumetricFog.GridPixelSize:8]]
[2020.11.21-18.44.02:622][  0]LogConfig: Setting CVar [[r.VolumetricFog.GridSizeZ:128]]
[2020.11.21-18.44.02:622][  0]LogConfig: Setting CVar [[r.VolumetricFog.HistoryMissSupersampleCount:4]]
[2020.11.21-18.44.02:622][  0]LogConfig: Setting CVar [[r.LightMaxDrawDistanceScale:1]]
[2020.11.21-18.44.02:622][  0]LogConfig: Setting CVar [[r.CapsuleShadows:1]]
[2020.11.21-18.44.02:622][  0]LogConfig: Applying CVar settings from Section [PostProcessQuality@3] File [E:/UnrealProject/Min/NProject/Saved/Config/Windows/Scalability.ini]
[2020.11.21-18.44.02:622][  0]LogConfig: Setting CVar [[r.MotionBlurQuality:4]]
[2020.11.21-18.44.02:622][  0]LogConfig: Setting CVar [[r.AmbientOcclusionMipLevelFactor:0.4]]
[2020.11.21-18.44.02:622][  0]LogConfig: Setting CVar [[r.AmbientOcclusionMaxQuality:100]]
[2020.11.21-18.44.02:622][  0]LogConfig: Setting CVar [[r.AmbientOcclusionLevels:-1]]
[2020.11.21-18.44.02:622][  0]LogConfig: Setting CVar [[r.AmbientOcclusionRadiusScale:1.0]]
[2020.11.21-18.44.02:622][  0]LogConfig: Setting CVar [[r.DepthOfFieldQuality:2]]
[2020.11.21-18.44.02:622][  0]LogConfig: Setting CVar [[r.RenderTargetPoolMin:400]]
[2020.11.21-18.44.02:622][  0]LogConfig: Setting CVar [[r.LensFlareQuality:2]]
[2020.11.21-18.44.02:622][  0]LogConfig: Setting CVar [[r.SceneColorFringeQuality:1]]
[2020.11.21-18.44.02:622][  0]LogConfig: Setting CVar [[r.EyeAdaptationQuality:2]]
[2020.11.21-18.44.02:623][  0]LogConfig: Setting CVar [[r.BloomQuality:5]]
[2020.11.21-18.44.02:623][  0]LogConfig: Setting CVar [[r.FastBlurThreshold:100]]
[2020.11.21-18.44.02:623][  0]LogConfig: Setting CVar [[r.Upscale.Quality:3]]
[2020.11.21-18.44.02:623][  0]LogConfig: Setting CVar [[r.Tonemapper.GrainQuantization:1]]
[2020.11.21-18.44.02:623][  0]LogConfig: Setting CVar [[r.LightShaftQuality:1]]
[2020.11.21-18.44.02:623][  0]LogConfig: Setting CVar [[r.Filter.SizeScale:1]]
[2020.11.21-18.44.02:623][  0]LogConfig: Setting CVar [[r.Tonemapper.Quality:5]]
[2020.11.21-18.44.02:623][  0]LogConfig: Setting CVar [[r.DOF.Gather.AccumulatorQuality:1        ; higher gathering accumulator quality]]
[2020.11.21-18.44.02:623][  0]LogConfig: Setting CVar [[r.DOF.Gather.PostfilterMethod:1          ; Median3x3 postfilering method]]
[2020.11.21-18.44.02:623][  0]LogConfig: Setting CVar [[r.DOF.Gather.EnableBokehSettings:0       ; no bokeh simulation when gathering]]
[2020.11.21-18.44.02:623][  0]LogConfig: Setting CVar [[r.DOF.Gather.RingCount:4                 ; medium number of samples when gathering]]
[2020.11.21-18.44.02:623][  0]LogConfig: Setting CVar [[r.DOF.Scatter.ForegroundCompositing:1    ; additive foreground scattering]]
[2020.11.21-18.44.02:623][  0]LogConfig: Setting CVar [[r.DOF.Scatter.BackgroundCompositing:2    ; additive background scattering]]
[2020.11.21-18.44.02:623][  0]LogConfig: Setting CVar [[r.DOF.Scatter.EnableBokehSettings:1      ; bokeh simulation when scattering]]
[2020.11.21-18.44.02:623][  0]LogConfig: Setting CVar [[r.DOF.Scatter.MaxSpriteRatio:0.1         ; only a maximum of 10% of scattered bokeh]]
[2020.11.21-18.44.02:623][  0]LogConfig: Setting CVar [[r.DOF.Recombine.Quality:1                ; cheap slight out of focus]]
[2020.11.21-18.44.02:623][  0]LogConfig: Setting CVar [[r.DOF.Recombine.EnableBokehSettings:0    ; no bokeh simulation on slight out of focus]]
[2020.11.21-18.44.02:623][  0]LogConfig: Setting CVar [[r.DOF.TemporalAAQuality:1                ; more stable temporal accumulation]]
[2020.11.21-18.44.02:623][  0]LogConfig: Setting CVar [[r.DOF.Kernel.MaxForegroundRadius:0.025]]
[2020.11.21-18.44.02:623][  0]LogConfig: Setting CVar [[r.DOF.Kernel.MaxBackgroundRadius:0.025]]
[2020.11.21-18.44.02:623][  0]LogConfig: Applying CVar settings from Section [TextureQuality@3] File [E:/UnrealProject/Min/NProject/Saved/Config/Windows/Scalability.ini]
[2020.11.21-18.44.02:624][  0]LogConfig: Setting CVar [[r.Streaming.MipBias:0]]
[2020.11.21-18.44.02:624][  0]LogConfig: Setting CVar [[r.Streaming.AmortizeCPUToGPUCopy:0]]
[2020.11.21-18.44.02:624][  0]LogConfig: Setting CVar [[r.Streaming.MaxNumTexturesToStreamPerFrame:0]]
[2020.11.21-18.44.02:624][  0]LogConfig: Setting CVar [[r.Streaming.Boost:1]]
[2020.11.21-18.44.02:624][  0]LogConfig: Setting CVar [[r.MaxAnisotropy:8]]
[2020.11.21-18.44.02:624][  0]LogConfig: Setting CVar [[r.VT.MaxAnisotropy:8]]
[2020.11.21-18.44.02:624][  0]LogConfig: Setting CVar [[r.Streaming.LimitPoolSizeToVRAM:0]]
[2020.11.21-18.44.02:624][  0]LogConfig: Setting CVar [[r.Streaming.PoolSize:1000]]
[2020.11.21-18.44.02:624][  0]LogConfig: Setting CVar [[r.Streaming.MaxEffectiveScreenSize:0]]
[2020.11.21-18.44.02:624][  0]LogConfig: Applying CVar settings from Section [EffectsQuality@3] File [E:/UnrealProject/Min/NProject/Saved/Config/Windows/Scalability.ini]
[2020.11.21-18.44.02:624][  0]LogConfig: Setting CVar [[r.TranslucencyLightingVolumeDim:64]]
[2020.11.21-18.44.02:624][  0]LogConfig: Setting CVar [[r.RefractionQuality:2]]
[2020.11.21-18.44.02:624][  0]LogConfig: Setting CVar [[r.SSR.Quality:3]]
[2020.11.21-18.44.02:624][  0]LogConfig: Setting CVar [[r.SSR.HalfResSceneColor:0]]
[2020.11.21-18.44.02:624][  0]LogConfig: Setting CVar [[r.SceneColorFormat:4]]
[2020.11.21-18.44.02:624][  0]LogConfig: Setting CVar [[r.DetailMode:2]]
[2020.11.21-18.44.02:624][  0]LogConfig: Setting CVar [[r.TranslucencyVolumeBlur:1]]
[2020.11.21-18.44.02:624][  0]LogConfig: Setting CVar [[r.MaterialQualityLevel:1 ; High quality]]
[2020.11.21-18.44.02:624][  0]LogConfig: Setting CVar [[r.SSS.Scale:1]]
[2020.11.21-18.44.02:625][  0]LogConfig: Setting CVar [[r.SSS.SampleSet:2]]
[2020.11.21-18.44.02:625][  0]LogConfig: Setting CVar [[r.SSS.Quality:1]]
[2020.11.21-18.44.02:625][  0]LogConfig: Setting CVar [[r.SSS.HalfRes:0]]
[2020.11.21-18.44.02:625][  0]LogConfig: Setting CVar [[r.SSGI.Quality:3]]
[2020.11.21-18.44.02:625][  0]LogConfig: Setting CVar [[r.EmitterSpawnRateScale:1.0]]
[2020.11.21-18.44.02:625][  0]LogConfig: Setting CVar [[r.ParticleLightQuality:2]]
[2020.11.21-18.44.02:625][  0]LogConfig: Setting CVar [[r.SkyAtmosphere.AerialPerspectiveLUT.FastApplyOnOpaque:1 ; Always have FastSkyLUT 1 in this case to avoid wrong sky]]
[2020.11.21-18.44.02:625][  0]LogConfig: Setting CVar [[r.SkyAtmosphere.AerialPerspectiveLUT.SampleCountPerSlice:1]]
[2020.11.21-18.44.02:625][  0]LogConfig: Setting CVar [[r.SkyAtmosphere.AerialPerspectiveLUT.DepthResolution:16.0]]
[2020.11.21-18.44.02:625][  0]LogConfig: Setting CVar [[r.SkyAtmosphere.FastSkyLUT:1]]
[2020.11.21-18.44.02:625][  0]LogConfig: Setting CVar [[r.SkyAtmosphere.FastSkyLUT.SampleCountMin:4.0]]
[2020.11.21-18.44.02:625][  0]LogConfig: Setting CVar [[r.SkyAtmosphere.FastSkyLUT.SampleCountMax:32.0]]
[2020.11.21-18.44.02:625][  0]LogConfig: Setting CVar [[r.SkyAtmosphere.SampleCountMin:4.0]]
[2020.11.21-18.44.02:625][  0]LogConfig: Setting CVar [[r.SkyAtmosphere.SampleCountMax:32.0]]
[2020.11.21-18.44.02:625][  0]LogConfig: Setting CVar [[r.SkyAtmosphere.TransmittanceLUT.UseSmallFormat:0]]
[2020.11.21-18.44.02:625][  0]LogConfig: Setting CVar [[r.SkyAtmosphere.TransmittanceLUT.SampleCount:10.0]]
[2020.11.21-18.44.02:625][  0]LogConfig: Setting CVar [[r.SkyAtmosphere.MultiScatteringLUT.SampleCount:15.0]]
[2020.11.21-18.44.02:625][  0]LogConfig: Applying CVar settings from Section [FoliageQuality@3] File [E:/UnrealProject/Min/NProject/Saved/Config/Windows/Scalability.ini]
[2020.11.21-18.44.02:625][  0]LogConfig: Setting CVar [[foliage.DensityScale:1.0]]
[2020.11.21-18.44.02:625][  0]LogConfig: Setting CVar [[grass.DensityScale:1.0]]
[2020.11.21-18.44.02:625][  0]LogConfig: Applying CVar settings from Section [ShadingQuality@3] File [E:/UnrealProject/Min/NProject/Saved/Config/Windows/Scalability.ini]
[2020.11.21-18.44.02:626][  0]LogConfig: Setting CVar [[r.HairStrands.SkyLighting.SampleCount:16]]
[2020.11.21-18.44.02:626][  0]LogConfig: Setting CVar [[r.HairStrands.SkyLighting.JitterIntegration:0]]
[2020.11.21-18.44.02:626][  0]LogConfig: Setting CVar [[r.HairStrands.SkyAO.SampleCount:16]]
[2020.11.21-18.44.02:626][  0]LogConfig: Setting CVar [[r.HairStrands.DeepShadow.SuperSampling:0]]
[2020.11.21-18.44.02:626][  0]LogConfig: Setting CVar [[r.HairStrands.VisibilityPPLL:0]]
[2020.11.21-18.44.02:626][  0]LogConfig: Setting CVar [[r.HairStrands.RasterizationScale:0.5]]
[2020.11.21-18.44.02:626][  0]LogConfig: Setting CVar [[r.HairStrands.VelocityRasterizationScale:1]]
[2020.11.21-18.44.02:626][  0]LogConfig: Applying CVar settings from Section [Startup] File [../../../Engine/Config/ConsoleVariables.ini]
[2020.11.21-18.44.02:626][  0]LogConfig: Setting CVar [[net.UseAdaptiveNetUpdateFrequency:0]]
[2020.11.21-18.44.02:626][  0]LogConfig: Setting CVar [[p.chaos.AllowCreatePhysxBodies:1]]
[2020.11.21-18.44.02:626][  0]LogConfig: Setting CVar [[fx.SkipVectorVMBackendOptimizations:1]]
[2020.11.21-18.44.02:626][  0]LogConfig: Applying CVar settings from Section [ConsoleVariables] File [E:/UnrealProject/Min/NProject/Saved/Config/Windows/Engine.ini]
[2020.11.21-18.44.02:626][  0]LogInit: Computer: DESKTOP-3HJ4JNL
[2020.11.21-18.44.02:626][  0]LogInit: User: Home
[2020.11.21-18.44.02:626][  0]LogInit: CPU Page size=4096, Cores=4
[2020.11.21-18.44.02:626][  0]LogInit: High frequency timer resolution =10.000000 MHz
[2020.11.21-18.44.02:627][  0]LogMemory: Memory total: Physical=16.0GB (16GB approx)
[2020.11.21-18.44.02:627][  0]LogMemory: Platform Memory Stats for Windows
[2020.11.21-18.44.02:627][  0]LogMemory: Process Physical Memory: 115.33 MB used, 115.34 MB peak
[2020.11.21-18.44.02:627][  0]LogMemory: Process Virtual Memory: 96.13 MB used, 96.13 MB peak
[2020.11.21-18.44.02:627][  0]LogMemory: Physical Memory: 13075.84 MB used,  3265.28 MB free, 16341.11 MB total
[2020.11.21-18.44.02:627][  0]LogMemory: Virtual Memory: 5143.29 MB used,  134212584.00 MB free, 134217728.00 MB total
[2020.11.21-18.44.02:637][  0]LogWindows: WindowsPlatformFeatures enabled
[2020.11.21-18.44.02:779][  0]LogInit: Physics initialised using underlying interface: PhysX
[2020.11.21-18.44.02:780][  0]LogInit: Using OS detected language (ko-KR).
[2020.11.21-18.44.02:780][  0]LogInit: Using OS detected locale (ko-KR).
[2020.11.21-18.44.02:782][  0]LogTextLocalizationManager: No specific localization for 'ko-KR' exists, so the 'ko' localization will be used.
[2020.11.21-18.44.02:871][  0]LogInit: Setting process to per monitor DPI aware
[2020.11.21-18.44.02:965][  0]LogSlate: New Slate User Created.  User Index 0, Is Virtual User: 0
[2020.11.21-18.44.02:966][  0]LogSlate: Slate User Registered.  User Index 0, Is Virtual User: 0
[2020.11.21-18.44.03:099][  0]LogHMD: Failed to initialize OpenVR with code 110
[2020.11.21-18.44.03:099][  0]LogD3D11RHI: D3D11 min allowed feature level: 11_0
[2020.11.21-18.44.03:099][  0]LogD3D11RHI: D3D11 max allowed feature level: 11_0
[2020.11.21-18.44.03:099][  0]LogD3D11RHI: D3D11 adapters:
[2020.11.21-18.44.03:181][  0]LogD3D11RHI:    0. 'NVIDIA GeForce GTX 1070' (Feature Level 11_0)
[2020.11.21-18.44.03:181][  0]LogD3D11RHI:       8088/0/8170 MB DedicatedVideo/DedicatedSystem/SharedSystem, Outputs:2, VendorId:0x10de
[2020.11.21-18.44.03:187][  0]LogD3D11RHI:    1. 'Microsoft Basic Render Driver' (Feature Level 11_0)
[2020.11.21-18.44.03:188][  0]LogD3D11RHI:       0/0/8170 MB DedicatedVideo/DedicatedSystem/SharedSystem, Outputs:0, VendorId:0x1414
[2020.11.21-18.44.03:188][  0]LogD3D11RHI: Chosen D3D11 Adapter: 0
[2020.11.21-18.44.03:206][  0]LogD3D11RHI: Creating new Direct3DDevice
[2020.11.21-18.44.03:206][  0]LogD3D11RHI:     GPU DeviceId: 0x1b81 (for the marketing name, search the web for "GPU Device Id")
[2020.11.21-18.44.03:206][  0]LogWindows: EnumDisplayDevices:
[2020.11.21-18.44.03:206][  0]LogWindows:    0. 'NVIDIA GeForce GTX 1070' (P:0 D:1)
[2020.11.21-18.44.03:206][  0]LogWindows:    1. 'NVIDIA GeForce GTX 1070' (P:1 D:1)
[2020.11.21-18.44.03:207][  0]LogWindows:    2. 'NVIDIA GeForce GTX 1070' (P:0 D:0)
[2020.11.21-18.44.03:207][  0]LogWindows:    3. 'NVIDIA GeForce GTX 1070' (P:0 D:0)
[2020.11.21-18.44.03:207][  0]LogWindows: DebugString: FoundDriverCount:4 
[2020.11.21-18.44.03:207][  0]LogD3D11RHI:     Adapter Name: NVIDIA GeForce GTX 1070
[2020.11.21-18.44.03:207][  0]LogD3D11RHI:   Driver Version: 442.59 (internal:26.21.14.4259, unified:442.59)
[2020.11.21-18.44.03:207][  0]LogD3D11RHI:      Driver Date: 3-4-2020
[2020.11.21-18.44.03:207][  0]LogRHI: Texture pool is 5661 MB (70% of 8088 MB)
[2020.11.21-18.44.03:252][  0]LogD3D11RHI: RHI has support for 64 bit atomics
[2020.11.21-18.44.03:253][  0]LogD3D11RHI: [Aftermath] Enabled and primed
[2020.11.21-18.44.03:253][  0]LogD3D11RHI: Async texture creation enabled
[2020.11.21-18.44.03:253][  0]LogD3D11RHI: Array index from any shader is supported
[2020.11.21-18.44.03:269][  0]LogD3D11RHI: GPU Timing Frequency: 1000.000000 (Debug: 2 1)
[2020.11.21-18.44.03:573][  0]LogTargetPlatformManager: Display: Loaded TargetPlatform 'AllDesktop'
[2020.11.21-18.44.03:600][  0]LogTargetPlatformManager: Display: Loaded TargetPlatform 'Android'
[2020.11.21-18.44.03:600][  0]LogTargetPlatformManager: Display: Loaded TargetPlatform 'Android_ASTC'
[2020.11.21-18.44.03:600][  0]LogTargetPlatformManager: Display: Loaded TargetPlatform 'Android_DXT'
[2020.11.21-18.44.03:600][  0]LogTargetPlatformManager: Display: Loaded TargetPlatform 'Android_ETC2'
[2020.11.21-18.44.03:600][  0]LogTargetPlatformManager: Display: Loaded TargetPlatform 'AndroidClient'
[2020.11.21-18.44.03:600][  0]LogTargetPlatformManager: Display: Loaded TargetPlatform 'Android_ASTCClient'
[2020.11.21-18.44.03:600][  0]LogTargetPlatformManager: Display: Loaded TargetPlatform 'Android_DXTClient'
[2020.11.21-18.44.03:600][  0]LogTargetPlatformManager: Display: Loaded TargetPlatform 'Android_ETC2Client'
[2020.11.21-18.44.03:600][  0]LogTargetPlatformManager: Display: Loaded TargetPlatform 'Android_Multi'
[2020.11.21-18.44.03:600][  0]LogTargetPlatformManager: Display: Loaded TargetPlatform 'Android_MultiClient'
[2020.11.21-18.44.03:633][  0]LogTargetPlatformManager: Display: Loaded TargetPlatform 'IOSClient'
[2020.11.21-18.44.03:633][  0]LogTargetPlatformManager: Display: Loaded TargetPlatform 'IOS'
[2020.11.21-18.44.03:649][  0]LogTargetPlatformManager: Display: Loaded TargetPlatform 'Linux'
[2020.11.21-18.44.03:659][  0]LogTargetPlatformManager: Display: Loaded TargetPlatform 'LinuxNoEditor'
[2020.11.21-18.44.03:672][  0]LogTargetPlatformManager: Display: Loaded TargetPlatform 'LinuxClient'
[2020.11.21-18.44.03:683][  0]LogTargetPlatformManager: Display: Loaded TargetPlatform 'LinuxServer'
[2020.11.21-18.44.03:695][  0]LogTargetPlatformManager: Display: Loaded TargetPlatform 'LinuxAArch64NoEditor'
[2020.11.21-18.44.03:707][  0]LogTargetPlatformManager: Display: Loaded TargetPlatform 'LinuxAArch64Client'
[2020.11.21-18.44.03:719][  0]LogTargetPlatformManager: Display: Loaded TargetPlatform 'LinuxAArch64Server'
[2020.11.21-18.44.03:744][  0]LogTargetPlatformManager: Display: Loaded TargetPlatform 'Lumin'
[2020.11.21-18.44.03:744][  0]LogTargetPlatformManager: Display: Loaded TargetPlatform 'LuminClient'
[2020.11.21-18.44.03:761][  0]LogTargetPlatformManager: Display: Loaded TargetPlatform 'TVOSClient'
[2020.11.21-18.44.03:761][  0]LogTargetPlatformManager: Display: Loaded TargetPlatform 'TVOS'
[2020.11.21-18.44.03:775][  0]LogTargetPlatformManager: Display: Loaded TargetPlatform 'WindowsNoEditor'
[2020.11.21-18.44.03:787][  0]LogTargetPlatformManager: Display: Loaded TargetPlatform 'Windows'
[2020.11.21-18.44.03:800][  0]LogTargetPlatformManager: Display: Loaded TargetPlatform 'WindowsClient'
[2020.11.21-18.44.03:813][  0]LogTargetPlatformManager: Display: Loaded TargetPlatform 'WindowsServer'
[2020.11.21-18.44.03:813][  0]LogTargetPlatformManager: Display: Building Assets For Windows
[2020.11.21-18.44.03:831][  0]LogAudioDebug: Display: Lib vorbis DLL was dynamically loaded.
[2020.11.21-18.44.03:946][  0]LogShaderCompilers: Guid format shader working directory is 2 characters bigger than the processId version (../../../../../UnrealProject/Min/NProject/Intermediate/Shaders/WorkingDirectory/121032/).
[2020.11.21-18.44.03:946][  0]LogShaderCompilers: Cleaned the shader compiler working directory 'C:/Users/Home/AppData/Local/Temp/UnrealShaderWorkingDir/41AB3CBD4D71B2349B0E208D49BB00B8/'.
[2020.11.21-18.44.03:946][  0]LogXGEController: Cleaning working directory: C:/Users/Home/AppData/Local/Temp/UnrealXGEWorkingDir/
[2020.11.21-18.44.03:947][  0]LogXGEController: Cannot use XGE Controller as Incredibuild is not installed on this machine.
[2020.11.21-18.44.03:947][  0]LogShaderCompilers: Cannot use XGE Shader Compiler as Incredibuild is not installed on this machine.
[2020.11.21-18.44.03:947][  0]LogShaderCompilers: Display: Using Local Shader Compiler.
[2020.11.21-18.44.04:641][  0]LogDerivedDataCache: Display: Max Cache Size: 512 MB
[2020.11.21-18.44.04:693][  0]LogDerivedDataCache: Loaded boot cache 0.05s 79MB C:/Users/Home/AppData/Local/UnrealEngine/4.25/DerivedDataCache/Boot.ddc.
[2020.11.21-18.44.04:693][  0]LogDerivedDataCache: Display: Loaded Boot cache: C:/Users/Home/AppData/Local/UnrealEngine/4.25/DerivedDataCache/Boot.ddc
[2020.11.21-18.44.04:693][  0]LogDerivedDataCache: FDerivedDataBackendGraph:  Pak pak cache file ../../../../../UnrealProject/Min/NProject/DerivedDataCache/DDC.ddp not found, will not use a pak cache.
[2020.11.21-18.44.04:693][  0]LogDerivedDataCache: Unable to find inner node Pak for hierarchical cache Hierarchy.
[2020.11.21-18.44.04:694][  0]LogDerivedDataCache: FDerivedDataBackendGraph:  CompressedPak pak cache file ../../../../../UnrealProject/Min/NProject/DerivedDataCache/Compressed.ddp not found, will not use a pak cache.
[2020.11.21-18.44.04:694][  0]LogDerivedDataCache: Unable to find inner node CompressedPak for hierarchical cache Hierarchy.
[2020.11.21-18.44.04:702][  0]LogDerivedDataCache: Display: Pak cache opened for reading ../../../Engine/DerivedDataCache/Compressed.ddp.
[2020.11.21-18.44.04:702][  0]LogDerivedDataCache: FDerivedDataBackendGraph:  EnterprisePak pak cache file ../../../Enterprise/DerivedDataCache/Compressed.ddp not found, will not use a pak cache.
[2020.11.21-18.44.04:703][  0]LogDerivedDataCache: Unable to find inner node EnterprisePak for hierarchical cache Hierarchy.
[2020.11.21-18.44.04:705][  0]LogDerivedDataCache: Using Local data cache path C:/Users/Home/AppData/Local/UnrealEngine/Common/DerivedDataCache: Writable
[2020.11.21-18.44.04:705][  0]LogDerivedDataCache: Shared data cache path not found in *engine.ini, will not use an Shared cache.
[2020.11.21-18.44.04:706][  0]LogDerivedDataCache: Unable to find inner node Shared for hierarchical cache Hierarchy.
[2020.11.21-18.44.04:756][  0]LogSlate: Using FreeType 2.10.0
[2020.11.21-18.44.04:757][  0]LogSlate: SlateFontServices - WITH_FREETYPE: 1, WITH_HARFBUZZ: 1
[2020.11.21-18.44.04:787][  0]LogAssetRegistry: FAssetRegistry took 0.0059 seconds to start up
[2020.11.21-18.44.05:019][  0]LogInit: Selected Device Profile: [Windows]
[2020.11.21-18.44.05:152][  0]LogMeshReduction: Using QuadricMeshReduction for automatic static mesh reduction
[2020.11.21-18.44.05:152][  0]LogMeshReduction: Using SimplygonMeshReduction for automatic skeletal mesh reduction
[2020.11.21-18.44.05:152][  0]LogMeshReduction: Using ProxyLODMeshReduction for automatic mesh merging
[2020.11.21-18.44.05:152][  0]LogMeshReduction: No distributed automatic mesh merging module available
[2020.11.21-18.44.05:152][  0]LogMeshMerging: No distributed automatic mesh merging module available
[2020.11.21-18.44.05:172][  0]LogNetVersion: NProject 1.0.0, NetCL: 13144385, EngineNetVer: 14, GameNetVer: 0 (Checksum: 2436819307)
[2020.11.21-18.44.05:615][  0]LogAISub: UAISubsystem::UAISubsystem AISubsystem (0000020577F79540), frame # 0
[2020.11.21-18.44.05:615][  0]LogAISub: UAISubsystem::UAISubsystem AIPerceptionSystem (0000020577EC2AC0), frame # 0
[2020.11.21-18.44.05:617][  0]LogAISub: UAISubsystem::UAISubsystem EnvQueryManager (0000020577F09E00), frame # 0
[2020.11.21-18.44.05:674][  0]LogPackageLocalizationCache: Processed 19 localized package path(s) for 1 prioritized culture(s) in 0.050928 seconds
[2020.11.21-18.44.05:678][  0]LogUObjectArray: 15917 objects as part of root set at end of initial load.
[2020.11.21-18.44.05:678][  0]LogUObjectAllocator: 3965568 out of 0 bytes used by permanent object pool.
[2020.11.21-18.44.05:678][  0]LogUObjectArray: CloseDisregardForGC: 0/0 objects in disregard for GC pool
[2020.11.21-18.44.06:183][  0]LogTcpMessaging: Initializing TcpMessaging bridge
[2020.11.21-18.44.06:192][  0]LogUdpMessaging: Initializing bridge on interface 0.0.0.0:0 to multicast group 230.0.0.1:6666.
[2020.11.21-18.44.06:461][  0]SourceControl: 소스 컨트롤이 꺼졌습니다.
[2020.11.21-18.44.06:461][  0]SourceControl: 소스 컨트롤이 꺼졌습니다.
[2020.11.21-18.44.06:466][  0]SourceControl: 소스 컨트롤이 꺼졌습니다.
[2020.11.21-18.44.06:472][  0]SourceControl: 소스 컨트롤이 꺼졌습니다.
[2020.11.21-18.44.06:482][  0]SourceControl: 소스 컨트롤이 꺼졌습니다.
[2020.11.21-18.44.06:800][  0]LogAndroidPermission: UAndroidPermissionCallbackProxy::GetInstance
[2020.11.21-18.44.06:826][  0]LogAudioCaptureCore: Display: No Audio Capture implementations found. Audio input will be silent.
[2020.11.21-18.44.06:826][  0]LogAudioCaptureCore: Display: No Audio Capture implementations found. Audio input will be silent.
[2020.11.21-18.44.06:884][  0]LogOcInput: OculusInput pre-init called
[2020.11.21-18.44.06:897][  0]LogWindows: Failed to load 'OVRPlugin.dll' (GetLastError=126)
[2020.11.21-18.44.06:897][  0]LogWindows: File 'OVRPlugin.dll' does not exist
[2020.11.21-18.44.06:960][  0]LogEngine: Initializing Engine...
[2020.11.21-18.44.06:961][  0]LogHMD: Failed to initialize OpenVR with code 110
[2020.11.21-18.44.06:961][  0]LogMagicLeap: Warning: VR disabled because ZI is not enabled.  To enable, in the editor, Edit -> Project Settings -> Plugins -> Magic Leap Plugin -> Enable Zero Iteration
[2020.11.21-18.44.06:962][  0]LogStats: UGameplayTagsManager::InitializeManager -  0.000 s
[2020.11.21-18.44.07:074][  0]LogInit: Initializing FReadOnlyCVARCache
[2020.11.21-18.44.07:082][  0]LogAIModule: Creating AISystem for world Untitled
[2020.11.21-18.44.07:082][  0]LogAISub: UAISubsystem::UAISubsystem EnvQueryManager (000002057F127C00), frame # 0
[2020.11.21-18.44.07:082][  0]LogAISub: UAISubsystem::UAISubsystem AIPerceptionSystem (000002057E16E200), frame # 0
[2020.11.21-18.44.07:106][  0]LogAudioMixer: Display: Audio Mixer Platform Settings:
[2020.11.21-18.44.07:106][  0]LogAudioMixer: Display: 	Sample Rate:						  48000
[2020.11.21-18.44.07:106][  0]LogAudioMixer: Display: 	Callback Buffer Frame Size Requested: 1024
[2020.11.21-18.44.07:106][  0]LogAudioMixer: Display: 	Callback Buffer Frame Size To Use:	  1024
[2020.11.21-18.44.07:106][  0]LogAudioMixer: Display: 	Number of buffers to queue:			  2
[2020.11.21-18.44.07:106][  0]LogAudioMixer: Display: 	Max Channels (voices):				  32
[2020.11.21-18.44.07:106][  0]LogAudioMixer: Display: 	Number of Async Source Workers:		  0
[2020.11.21-18.44.07:107][  0]LogAudio: Display: AudioDevice MaxSources: 32
[2020.11.21-18.44.07:107][  0]LogAudio: Display: Using built-in audio occlusion.
[2020.11.21-18.44.07:107][  0]LogAudioMixer: Display: Initializing audio mixer.
[2020.11.21-18.44.07:124][  0]LogAudioMixer: Display: 0: FrontLeft
[2020.11.21-18.44.07:124][  0]LogAudioMixer: Display: 1: FrontRight
[2020.11.21-18.44.07:186][  0]LogAudioMixer: Display: Using Audio Device 스피커(Realtek(R) Audio)
[2020.11.21-18.44.07:189][  0]LogAudioMixer: Display: Initializing Sound Submixes...
[2020.11.21-18.44.07:191][  0]LogAudioMixer: Display: Creating Master Submix 'MasterSubmixDefault'
[2020.11.21-18.44.07:191][  0]LogAudioMixer: Display: Creating Master Submix 'MasterReverbSubmixDefault'
[2020.11.21-18.44.07:192][  0]LogAudioMixer: Display: Creating Master Submix 'MasterEQSubmixDefault'
[2020.11.21-18.44.07:194][  0]LogInit: FAudioDevice initialized.
[2020.11.21-18.44.07:194][  0]LogNetVersion: Set ProjectVersion to 1.0.0.0. Version Checksum will be recalculated on next use.
[2020.11.21-18.44.07:381][  0]LogDerivedDataCache: Saved boot cache 0.19s 79MB C:/Users/Home/AppData/Local/UnrealEngine/4.25/DerivedDataCache/Boot.ddc.
[2020.11.21-18.44.07:386][  0]LogInit: Texture streaming: Enabled
[2020.11.21-18.44.07:406][  0]LogEngineSessionManager: EngineSessionManager initialized
[2020.11.21-18.44.07:406][  0]LogEditorSessionSummary: Verbose: Initializing EditorSessionSummaryWriter for editor session tracking
[2020.11.21-18.44.07:408][  0]LogEditorSessionSummary: EditorSessionSummaryWriter initialized
[2020.11.21-18.44.07:463][  0]LogInit: Transaction tracking system initialized
[2020.11.21-18.44.07:493][  0]BlueprintLog: New page: 에디터 로드
[2020.11.21-18.44.07:579][  0]LocalizationService: 현지화 서비스가 비활성화되었습니다.
[2020.11.21-18.44.07:749][  0]LogCook: Display: Max memory allowance for cook 16384mb min free memory 0mb
[2020.11.21-18.44.07:749][  0]LogCook: Display: Mobile HDR setting 1
[2020.11.21-18.44.07:924][  0]LogFileCache: Scanning file cache for directory 'E:/UnrealProject/Min/NProject/Content/' took 0.00s
[2020.11.21-18.44.08:218][  0]SourceControl: 소스 컨트롤이 꺼졌습니다.
[2020.11.21-18.44.08:218][  0]LogUnrealEdMisc: Loading editor; pre map load, took 7.470
[2020.11.21-18.44.08:218][  0]Cmd: MAP LOAD FILE="../../../../../UnrealProject/Min/NProject/Content/Map/Login.umap" TEMPLATE=0 SHOWPROGRESS=1 FEATURELEVEL=3
[2020.11.21-18.44.08:218][  0]LightingResults: New page: 라이팅 빌드
[2020.11.21-18.44.08:219][  0]LogWorld: UWorld::CleanupWorld for Untitled, bSessionEnded=true, bCleanupResources=true
[2020.11.21-18.44.08:219][  0]LogSlate: InvalidateAllWidgets triggered.  All widgets were invalidated
[2020.11.21-18.44.08:219][  0]MapCheck: New page: 맵 체크
[2020.11.21-18.44.08:220][  0]LightingResults: New page: 라이팅 빌드
[2020.11.21-18.44.08:232][  0]LogAISub: UAISubsystem::~UAISubsystem EnvQueryManager (000002057F127C00), frame # 0
[2020.11.21-18.44.08:232][  0]LogAISub: UAISubsystem::~UAISubsystem AIPerceptionSystem (000002057E16E200), frame # 0
[2020.11.21-18.44.08:233][  0]LogUObjectHash: Compacting FUObjectHashTables data took   0.66ms
[2020.11.21-18.44.08:235][  0]LogAIModule: Creating AISystem for world Login
[2020.11.21-18.44.08:235][  0]LogAISub: UAISubsystem::UAISubsystem EnvQueryManager (000002057E18CC00), frame # 0
[2020.11.21-18.44.08:235][  0]LogAISub: UAISubsystem::UAISubsystem AIPerceptionSystem (000002057EDD20C0), frame # 0
[2020.11.21-18.44.08:236][  0]LogEditorServer: Finished looking for orphan Actors (0.000 secs)
[2020.11.21-18.44.08:247][  0]LogUObjectHash: Compacting FUObjectHashTables data took   0.49ms
[2020.11.21-18.44.08:247][  0]Cmd: MAP CHECKDEP NOCLEARLOG
[2020.11.21-18.44.08:247][  0]MapCheck: 맵 체크 완료: 오류 0 회, 경고 0 회, 소요 시간 0.087ms.
[2020.11.21-18.44.08:247][  0]LogFileHelpers: Loading map 'Login' took 0.030
[2020.11.21-18.44.08:250][  0]LogUnrealEdMisc: Total Editor Startup Time, took 7.503
[2020.11.21-18.44.08:391][  0]LogSlate: Updating window title bar state: overlay mode, drag disabled, window buttons hidden, title bar hidden
[2020.11.21-18.44.08:397][  0]LogSlate: Updating window title bar state: overlay mode, drag disabled, window buttons hidden, title bar hidden
[2020.11.21-18.44.08:403][  0]LogSlate: Updating window title bar state: overlay mode, drag disabled, window buttons hidden, title bar hidden
[2020.11.21-18.44.08:410][  0]LogSlate: Updating window title bar state: overlay mode, drag disabled, window buttons hidden, title bar hidden
[2020.11.21-18.44.08:417][  0]LogCollectionManager: Loaded 0 collections in 0.001225 seconds
[2020.11.21-18.44.08:431][  0]LogFileCache: Scanning file cache for directory 'E:/UnrealProject/Min/NProject/Saved/Collections/' took 0.00s
[2020.11.21-18.44.08:432][  0]LogFileCache: Scanning file cache for directory 'E:/UnrealProject/Min/NProject/Content/Developers/Home/Collections/' took 0.00s
[2020.11.21-18.44.08:432][  0]LogFileCache: Scanning file cache for directory 'E:/UnrealProject/Min/NProject/Content/Collections/' took 0.00s
[2020.11.21-18.44.08:432][  0]LogContentBrowser: Native class hierarchy populated in 0.0083 seconds. Added 3435 classes and 827 folders.
[2020.11.21-18.44.08:434][  0]LogContentBrowser: Native class hierarchy updated for 'WidgetCarousel' in 0.0004 seconds. Added 0 classes and 0 folders.
[2020.11.21-18.44.08:481][  0]LogContentBrowser: Native class hierarchy updated for 'AddContentDialog' in 0.0004 seconds. Added 0 classes and 0 folders.
[2020.11.21-18.44.08:482][  0]LogContentBrowser: Native class hierarchy updated for 'SceneOutliner' in 0.0005 seconds. Added 2 classes and 0 folders.
[2020.11.21-18.44.08:884][  0]LogSlate: Took 0.000201 seconds to synchronously load lazily loaded font '../../../Engine/Content/Slate/Fonts/Roboto-Regular.ttf' (155K)
[2020.11.21-18.44.08:887][  0]LogSlate: Took 0.001987 seconds to synchronously load lazily loaded font '../../../Engine/Content/Editor/Slate/Fonts/NanumGothic.ttf' (4243K)
[2020.11.21-18.44.08:891][  0]LogSlate: Took 0.001828 seconds to synchronously load lazily loaded font '../../../Engine/Content/Editor/Slate/Fonts/NanumGothicBold.ttf' (4188K)
[2020.11.21-18.44.08:891][  0]LogSlate: Took 0.000168 seconds to synchronously load lazily loaded font '../../../Engine/Content/Slate/Fonts/Roboto-Bold.ttf' (160K)
[2020.11.21-18.44.08:892][  0]LogSlate: Took 0.000123 seconds to synchronously load lazily loaded font '../../../Engine/Content/Editor/Slate/Fonts/FontAwesome.ttf' (139K)
[2020.11.21-18.44.08:952][  0]LogRenderer: Reallocating scene render targets to support 1240x584 Format 10 NumSamples 1 (Frame:1).
[2020.11.21-18.44.09:025][  0]LogContentBrowser: Native class hierarchy updated for 'HierarchicalLODOutliner' in 0.0004 seconds. Added 0 classes and 0 folders.
[2020.11.21-18.44.09:026][  0]LogLoad: (Engine Initialization) Total time: 8.28 seconds
[2020.11.21-18.44.09:026][  0]LogLoad: (Engine Initialization) Total Blueprint compile time: 0.00 seconds
[2020.11.21-18.44.09:073][  0]LogAssetRegistry: Asset discovery search completed in 4.2896 seconds
[2020.11.21-18.44.09:076][  0]LogCollectionManager: Fixed up redirectors for 0 collections in 0.000003 seconds (updated 0 objects)
[2020.11.21-18.44.09:077][  0]LogContentStreaming: Texture pool size now 1000 MB
[2020.11.21-18.44.09:101][  0]LogSlate: Took 0.000158 seconds to synchronously load lazily loaded font '../../../Engine/Content/Slate/Fonts/Roboto-Light.ttf' (167K)
[2020.11.21-18.44.11:758][313]LogSlate: Took 0.000156 seconds to synchronously load lazily loaded font '../../../Engine/Content/Slate/Fonts/Roboto-Light.ttf' (167K)
[2020.11.21-18.44.11:779][313]LogAssetEditorSubsystem: Opening Asset editor for AnimBlueprint /Game/Chracter/Animation/NCharacter_AnimBP.NCharacter_AnimBP
[2020.11.21-18.44.11:789][313]LogContentBrowser: Native class hierarchy updated for 'SkeletonEditor' in 0.0004 seconds. Added 1 classes and 2 folders.
[2020.11.21-18.44.11:936][313]LogActorComponent: RegisterComponentWithWorld: (/Engine/Transient.World_2:PersistentLevel.AnimationEditorPreviewActor_0.DebugSkelMeshComponent_0) Already registered. Aborting.
[2020.11.21-18.44.11:938][313]LogContentBrowser: Native class hierarchy updated for 'PinnedCommandList' in 0.0004 seconds. Added 1 classes and 0 folders.
[2020.11.21-18.44.12:108][313]LogContentBrowser: Native class hierarchy updated for 'BlueprintGraph' in 0.0006 seconds. Added 125 classes and 0 folders.
[2020.11.21-18.44.12:898][313]LogSkeletalMesh: USkeletalMeshComponent::InitArticulated : Bodies already created (/Engine/Transient.World_2:PersistentLevel.AnimationEditorPreviewActor_0.DebugSkelMeshComponent_0) - call TermArticulated first.
[2020.11.21-18.44.13:199][313]LogSlate: Took 0.000186 seconds to synchronously load lazily loaded font '../../../Engine/Content/Slate/Fonts/Roboto-BoldCondensed.ttf' (158K)
[2020.11.21-18.44.13:318][314]LogSlate: Took 0.000175 seconds to synchronously load lazily loaded font '../../../Engine/Content/Slate/Fonts/Roboto-Italic.ttf' (157K)
[2020.11.21-18.44.20:524][858]BlueprintLog: New page: NCharacter_AnimBP 컴파일
[2020.11.21-18.44.20:574][858]LogUObjectHash: Compacting FUObjectHashTables data took   2.38ms
[2020.11.21-18.44.20:622][858]LogSlate: Took 0.000130 seconds to synchronously load lazily loaded font '../../../Engine/Content/Slate/Fonts/DroidSansMono.ttf' (77K)
[2020.11.21-18.44.20:624][858]LogSlate: Took 0.001393 seconds to synchronously load lazily loaded font '../../../Engine/Content/Editor/Slate/Fonts/NanumGothicExtraBold.ttf' (4074K)
[2020.11.21-18.44.21:053][903]Cmd: OBJ SAVEPACKAGE PACKAGE="/Game/Chracter/Animation/NCharacter_AnimBP" FILE="../../../../../UnrealProject/Min/NProject/Content/Chracter/Animation/NCharacter_AnimBP.uasset" SILENT=true
[2020.11.21-18.44.21:085][903]LogSavePackage: Moving '../../../../../UnrealProject/Min/NProject/Saved/NCharacter_AnimBPBA7E7FCB4126C87FF87D15B597D2A2E4.tmp' to '../../../../../UnrealProject/Min/NProject/Content/Chracter/Animation/NCharacter_AnimBP.uasset'
[2020.11.21-18.44.21:097][903]AssetCheck: New page: 애셋 저장: NCharacter_AnimBP
[2020.11.21-18.44.21:097][903]LogContentValidation: Display: AnimBlueprint /Game/Chracter/Animation/NCharacter_AnimBP.NCharacter_AnimBP 유효성 검사
